2024-04-17 14:48:29.249 [restartedMain] INFO  com.wgcloud.WgcloudServiceApplication - Starting WgcloudServiceApplication using Java 1.8.0_152 on LAPTOP-6960I0SV with PID 15608 (D:\Code\wgcloud\wgcloud-server\target\classes started by 86150 in D:\Code\wgcloud)
2024-04-17 14:48:29.250 [restartedMain] INFO  com.wgcloud.WgcloudServiceApplication - No active profile set, falling back to 1 default profile: "default"
2024-04-17 14:48:29.288 [restartedMain] INFO  o.s.b.d.env.DevToolsPropertyDefaultsPostProcessor - Devtools property defaults active! Set 'spring.devtools.add-properties' to 'false' to disable
2024-04-17 14:48:29.288 [restartedMain] INFO  o.s.b.d.env.DevToolsPropertyDefaultsPostProcessor - For additional web related logging consider setting the 'logging.level.web' property to 'DEBUG'
2024-04-17 14:48:30.361 [restartedMain] INFO  o.s.boot.web.embedded.tomcat.TomcatWebServer - Tomcat initialized with port(s): 9999 (http)
2024-04-17 14:48:30.362 [restartedMain] INFO  org.apache.catalina.core.AprLifecycleListener - Loaded Apache Tomcat Native library [1.2.30] using APR version [1.7.0].
2024-04-17 14:48:30.362 [restartedMain] INFO  org.apache.catalina.core.AprLifecycleListener - APR capabilities: IPv6 [true], sendfile [true], accept filters [false], random [true], UDS [true].
2024-04-17 14:48:30.362 [restartedMain] INFO  org.apache.catalina.core.AprLifecycleListener - APR/OpenSSL configuration: useAprConnector [false], useOpenSSL [true]
2024-04-17 14:48:30.366 [restartedMain] INFO  org.apache.catalina.core.AprLifecycleListener - OpenSSL successfully initialized [OpenSSL 1.1.1k  25 Mar 2021]
2024-04-17 14:48:30.375 [restartedMain] INFO  org.apache.catalina.core.StandardService - Starting service [Tomcat]
2024-04-17 14:48:30.375 [restartedMain] INFO  org.apache.catalina.core.StandardEngine - Starting Servlet engine: [Apache Tomcat/9.0.60]
2024-04-17 14:48:30.448 [restartedMain] INFO  o.a.c.c.C.[Tomcat].[localhost].[/wgcloud] - Initializing Spring embedded WebApplicationContext
2024-04-17 14:48:30.448 [restartedMain] INFO  o.s.b.w.s.c.ServletWebServerApplicationContext - Root WebApplicationContext: initialization completed in 1160 ms
2024-04-17 14:48:31.784 [restartedMain] INFO  o.s.b.a.web.servlet.WelcomePageHandlerMapping - Adding welcome page template: index
2024-04-17 14:48:32.051 [restartedMain] INFO  o.s.b.d.autoconfigure.OptionalLiveReloadServer - LiveReload server is running on port 35729
2024-04-17 14:48:32.095 [restartedMain] INFO  o.s.boot.web.embedded.tomcat.TomcatWebServer - Tomcat started on port(s): 9999 (http) with context path '/wgcloud'
2024-04-17 14:48:32.110 [restartedMain] INFO  com.wgcloud.WgcloudServiceApplication - Started WgcloudServiceApplication in 3.248 seconds (JVM running for 4.453)
2024-04-17 14:48:41.667 [restartedMain] INFO  com.wgcloud.WgcloudServiceApplication - Starting WgcloudServiceApplication using Java 1.8.0_152 on LAPTOP-6960I0SV with PID 15428 (D:\Code\wgcloud\wgcloud-agent\target\classes started by 86150 in D:\Code\wgcloud)
2024-04-17 14:48:41.668 [restartedMain] INFO  com.wgcloud.WgcloudServiceApplication - No active profile set, falling back to 1 default profile: "default"
2024-04-17 14:48:41.706 [restartedMain] INFO  o.s.b.d.env.DevToolsPropertyDefaultsPostProcessor - Devtools property defaults active! Set 'spring.devtools.add-properties' to 'false' to disable
2024-04-17 14:48:41.706 [restartedMain] INFO  o.s.b.d.env.DevToolsPropertyDefaultsPostProcessor - For additional web related logging consider setting the 'logging.level.web' property to 'DEBUG'
2024-04-17 14:48:42.364 [restartedMain] INFO  o.s.boot.web.embedded.tomcat.TomcatWebServer - Tomcat initialized with port(s): 9998 (http)
2024-04-17 14:48:42.365 [restartedMain] INFO  org.apache.catalina.core.AprLifecycleListener - Loaded Apache Tomcat Native library [1.2.30] using APR version [1.7.0].
2024-04-17 14:48:42.366 [restartedMain] INFO  org.apache.catalina.core.AprLifecycleListener - APR capabilities: IPv6 [true], sendfile [true], accept filters [false], random [true], UDS [true].
2024-04-17 14:48:42.366 [restartedMain] INFO  org.apache.catalina.core.AprLifecycleListener - APR/OpenSSL configuration: useAprConnector [false], useOpenSSL [true]
2024-04-17 14:48:42.369 [restartedMain] INFO  org.apache.catalina.core.AprLifecycleListener - OpenSSL successfully initialized [OpenSSL 1.1.1k  25 Mar 2021]
2024-04-17 14:48:42.375 [restartedMain] INFO  org.apache.catalina.core.StandardService - Starting service [Tomcat]
2024-04-17 14:48:42.376 [restartedMain] INFO  org.apache.catalina.core.StandardEngine - Starting Servlet engine: [Apache Tomcat/9.0.60]
2024-04-17 14:48:42.430 [restartedMain] INFO  o.a.c.c.C.[Tomcat].[localhost].[/wgcloud-agent] - Initializing Spring embedded WebApplicationContext
2024-04-17 14:48:42.430 [restartedMain] INFO  o.s.b.w.s.c.ServletWebServerApplicationContext - Root WebApplicationContext: initialization completed in 723 ms
2024-04-17 14:48:42.985 [restartedMain] WARN  o.s.b.d.autoconfigure.OptionalLiveReloadServer - Unable to start LiveReload server
2024-04-17 14:48:43.007 [restartedMain] INFO  o.s.boot.web.embedded.tomcat.TomcatWebServer - Tomcat started on port(s): 9998 (http) with context path '/wgcloud-agent'
2024-04-17 14:48:43.016 [restartedMain] INFO  com.wgcloud.WgcloudServiceApplication - Started WgcloudServiceApplication in 1.7 seconds (JVM running for 2.841)
2024-04-17 14:48:52.139 [taskScheduler-1] WARN  com.zaxxer.hikari.HikariConfig - HikariPool-1 - idleTimeout has been set but has no effect because the pool is operating as a fixed size pool.
2024-04-17 14:48:52.140 [taskScheduler-1] INFO  com.zaxxer.hikari.HikariDataSource - HikariPool-1 - Starting...
2024-04-17 14:48:52.397 [taskScheduler-1] INFO  com.zaxxer.hikari.HikariDataSource - HikariPool-1 - Start completed.
2024-04-17 14:49:02.115 [taskScheduler-2] INFO  com.wgcloud.task.ScheduledTask - 批量提交监控数据任务开始----------2024-04-17 14:49:02
2024-04-17 14:49:02.116 [taskScheduler-2] INFO  com.wgcloud.task.ScheduledTask - 批量提交监控数据任务结束----------2024-04-17 14:49:02
2024-04-17 14:49:07.066 [SpringApplicationShutdownHook] INFO  com.zaxxer.hikari.HikariDataSource - HikariPool-1 - Shutdown initiated...
2024-04-17 14:49:07.073 [SpringApplicationShutdownHook] INFO  com.zaxxer.hikari.HikariDataSource - HikariPool-1 - Shutdown completed.
2024-04-17 14:49:15.182 [taskScheduler-1] ERROR o.s.s.support.TaskUtils$LoggingErrorHandler - Unexpected error occurred in scheduled task
org.springframework.web.client.ResourceAccessException: I/O error on POST request for "http://localhost:9999/wgcloud/agent/minTask": Connection refused: connect; nested exception is java.net.ConnectException: Connection refused: connect
	at org.springframework.web.client.RestTemplate.doExecute(RestTemplate.java:785)
	at org.springframework.web.client.RestTemplate.execute(RestTemplate.java:711)
	at org.springframework.web.client.RestTemplate.postForEntity(RestTemplate.java:468)
	at com.wgcloud.RestUtil.post(RestUtil.java:37)
	at com.wgcloud.ScheduledTask.appInfoListTask(ScheduledTask.java:186)
	at sun.reflect.NativeMethodAccessorImpl.invoke0(Native Method)
	at sun.reflect.NativeMethodAccessorImpl.invoke(NativeMethodAccessorImpl.java:62)
	at sun.reflect.DelegatingMethodAccessorImpl.invoke(DelegatingMethodAccessorImpl.java:43)
	at java.lang.reflect.Method.invoke(Method.java:498)
	at org.springframework.scheduling.support.ScheduledMethodRunnable.run(ScheduledMethodRunnable.java:84)
	at org.springframework.scheduling.support.DelegatingErrorHandlingRunnable.run(DelegatingErrorHandlingRunnable.java:54)
	at java.util.concurrent.Executors$RunnableAdapter.call(Executors.java:511)
	at java.util.concurrent.FutureTask.runAndReset(FutureTask.java:308)
	at java.util.concurrent.ScheduledThreadPoolExecutor$ScheduledFutureTask.access$301(ScheduledThreadPoolExecutor.java:180)
	at java.util.concurrent.ScheduledThreadPoolExecutor$ScheduledFutureTask.run(ScheduledThreadPoolExecutor.java:294)
	at java.util.concurrent.ThreadPoolExecutor.runWorker(ThreadPoolExecutor.java:1149)
	at java.util.concurrent.ThreadPoolExecutor$Worker.run(ThreadPoolExecutor.java:624)
	at java.lang.Thread.run(Thread.java:748)
Caused by: java.net.ConnectException: Connection refused: connect
	at java.net.DualStackPlainSocketImpl.connect0(Native Method)
	at java.net.DualStackPlainSocketImpl.socketConnect(DualStackPlainSocketImpl.java:79)
	at java.net.AbstractPlainSocketImpl.doConnect(AbstractPlainSocketImpl.java:350)
	at java.net.AbstractPlainSocketImpl.connectToAddress(AbstractPlainSocketImpl.java:206)
	at java.net.AbstractPlainSocketImpl.connect(AbstractPlainSocketImpl.java:188)
	at java.net.PlainSocketImpl.connect(PlainSocketImpl.java:172)
	at java.net.SocksSocketImpl.connect(SocksSocketImpl.java:392)
	at java.net.Socket.connect(Socket.java:589)
	at java.net.Socket.connect(Socket.java:538)
	at sun.net.NetworkClient.doConnect(NetworkClient.java:180)
	at sun.net.www.http.HttpClient.openServer(HttpClient.java:463)
	at sun.net.www.http.HttpClient.openServer(HttpClient.java:558)
	at sun.net.www.http.HttpClient.<init>(HttpClient.java:242)
	at sun.net.www.http.HttpClient.New(HttpClient.java:339)
	at sun.net.www.http.HttpClient.New(HttpClient.java:357)
	at sun.net.www.protocol.http.HttpURLConnection.getNewHttpClient(HttpURLConnection.java:1220)
	at sun.net.www.protocol.http.HttpURLConnection.plainConnect0(HttpURLConnection.java:1156)
	at sun.net.www.protocol.http.HttpURLConnection.plainConnect(HttpURLConnection.java:1050)
	at sun.net.www.protocol.http.HttpURLConnection.connect(HttpURLConnection.java:984)
	at org.springframework.http.client.SimpleBufferingClientHttpRequest.executeInternal(SimpleBufferingClientHttpRequest.java:76)
	at org.springframework.http.client.AbstractBufferingClientHttpRequest.executeInternal(AbstractBufferingClientHttpRequest.java:48)
	at org.springframework.http.client.AbstractClientHttpRequest.execute(AbstractClientHttpRequest.java:66)
	at org.springframework.web.client.RestTemplate.doExecute(RestTemplate.java:776)
	... 17 common frames omitted
2024-04-17 14:49:43.323 [restartedMain] INFO  com.wgcloud.WgcloudServiceApplication - Starting WgcloudServiceApplication using Java 1.8.0_152 on LAPTOP-6960I0SV with PID 15580 (D:\Code\wgcloud\wgcloud-server\target\classes started by 86150 in D:\Code\wgcloud)
2024-04-17 14:49:43.324 [restartedMain] INFO  com.wgcloud.WgcloudServiceApplication - No active profile set, falling back to 1 default profile: "default"
2024-04-17 14:49:43.359 [restartedMain] INFO  o.s.b.d.env.DevToolsPropertyDefaultsPostProcessor - Devtools property defaults active! Set 'spring.devtools.add-properties' to 'false' to disable
2024-04-17 14:49:43.360 [restartedMain] INFO  o.s.b.d.env.DevToolsPropertyDefaultsPostProcessor - For additional web related logging consider setting the 'logging.level.web' property to 'DEBUG'
2024-04-17 14:49:44.195 [restartedMain] INFO  o.s.boot.web.embedded.tomcat.TomcatWebServer - Tomcat initialized with port(s): 9999 (http)
2024-04-17 14:49:44.196 [restartedMain] INFO  org.apache.catalina.core.AprLifecycleListener - Loaded Apache Tomcat Native library [1.2.30] using APR version [1.7.0].
2024-04-17 14:49:44.196 [restartedMain] INFO  org.apache.catalina.core.AprLifecycleListener - APR capabilities: IPv6 [true], sendfile [true], accept filters [false], random [true], UDS [true].
2024-04-17 14:49:44.196 [restartedMain] INFO  org.apache.catalina.core.AprLifecycleListener - APR/OpenSSL configuration: useAprConnector [false], useOpenSSL [true]
2024-04-17 14:49:44.199 [restartedMain] INFO  org.apache.catalina.core.AprLifecycleListener - OpenSSL successfully initialized [OpenSSL 1.1.1k  25 Mar 2021]
2024-04-17 14:49:44.204 [restartedMain] INFO  org.apache.catalina.core.StandardService - Starting service [Tomcat]
2024-04-17 14:49:44.204 [restartedMain] INFO  org.apache.catalina.core.StandardEngine - Starting Servlet engine: [Apache Tomcat/9.0.60]
2024-04-17 14:49:44.263 [restartedMain] INFO  o.a.c.c.C.[Tomcat].[localhost].[/wgcloud] - Initializing Spring embedded WebApplicationContext
2024-04-17 14:49:44.263 [restartedMain] INFO  o.s.b.w.s.c.ServletWebServerApplicationContext - Root WebApplicationContext: initialization completed in 903 ms
2024-04-17 14:49:45.357 [restartedMain] INFO  o.s.b.a.web.servlet.WelcomePageHandlerMapping - Adding welcome page template: index
2024-04-17 14:49:45.570 [restartedMain] INFO  o.s.b.d.autoconfigure.OptionalLiveReloadServer - LiveReload server is running on port 35729
2024-04-17 14:49:45.595 [restartedMain] INFO  o.s.boot.web.embedded.tomcat.TomcatWebServer - Tomcat started on port(s): 9999 (http) with context path '/wgcloud'
2024-04-17 14:49:45.606 [restartedMain] INFO  com.wgcloud.WgcloudServiceApplication - Started WgcloudServiceApplication in 2.588 seconds (JVM running for 3.722)
2024-04-17 14:49:57.409 [restartedMain] INFO  com.wgcloud.WgcloudServiceApplication - Starting WgcloudServiceApplication using Java 1.8.0_152 on LAPTOP-6960I0SV with PID 12280 (D:\Code\wgcloud\wgcloud-agent\target\classes started by 86150 in D:\Code\wgcloud)
2024-04-17 14:49:57.410 [restartedMain] INFO  com.wgcloud.WgcloudServiceApplication - No active profile set, falling back to 1 default profile: "default"
2024-04-17 14:49:57.446 [restartedMain] INFO  o.s.b.d.env.DevToolsPropertyDefaultsPostProcessor - Devtools property defaults active! Set 'spring.devtools.add-properties' to 'false' to disable
2024-04-17 14:49:57.447 [restartedMain] INFO  o.s.b.d.env.DevToolsPropertyDefaultsPostProcessor - For additional web related logging consider setting the 'logging.level.web' property to 'DEBUG'
2024-04-17 14:49:58.157 [restartedMain] INFO  o.s.boot.web.embedded.tomcat.TomcatWebServer - Tomcat initialized with port(s): 9998 (http)
2024-04-17 14:49:58.158 [restartedMain] INFO  org.apache.catalina.core.AprLifecycleListener - Loaded Apache Tomcat Native library [1.2.30] using APR version [1.7.0].
2024-04-17 14:49:58.158 [restartedMain] INFO  org.apache.catalina.core.AprLifecycleListener - APR capabilities: IPv6 [true], sendfile [true], accept filters [false], random [true], UDS [true].
2024-04-17 14:49:58.158 [restartedMain] INFO  org.apache.catalina.core.AprLifecycleListener - APR/OpenSSL configuration: useAprConnector [false], useOpenSSL [true]
2024-04-17 14:49:58.160 [restartedMain] INFO  org.apache.catalina.core.AprLifecycleListener - OpenSSL successfully initialized [OpenSSL 1.1.1k  25 Mar 2021]
2024-04-17 14:49:58.165 [restartedMain] INFO  org.apache.catalina.core.StandardService - Starting service [Tomcat]
2024-04-17 14:49:58.166 [restartedMain] INFO  org.apache.catalina.core.StandardEngine - Starting Servlet engine: [Apache Tomcat/9.0.60]
2024-04-17 14:49:58.211 [restartedMain] INFO  o.a.c.c.C.[Tomcat].[localhost].[/wgcloud-agent] - Initializing Spring embedded WebApplicationContext
2024-04-17 14:49:58.212 [restartedMain] INFO  o.s.b.w.s.c.ServletWebServerApplicationContext - Root WebApplicationContext: initialization completed in 765 ms
2024-04-17 14:49:58.478 [restartedMain] WARN  o.s.b.d.autoconfigure.OptionalLiveReloadServer - Unable to start LiveReload server
2024-04-17 14:49:58.499 [restartedMain] INFO  o.s.boot.web.embedded.tomcat.TomcatWebServer - Tomcat started on port(s): 9998 (http) with context path '/wgcloud-agent'
2024-04-17 14:49:58.507 [restartedMain] INFO  com.wgcloud.WgcloudServiceApplication - Started WgcloudServiceApplication in 1.427 seconds (JVM running for 2.391)
2024-04-17 14:50:05.631 [taskScheduler-2] WARN  com.zaxxer.hikari.HikariConfig - HikariPool-1 - idleTimeout has been set but has no effect because the pool is operating as a fixed size pool.
2024-04-17 14:50:05.631 [taskScheduler-2] INFO  com.zaxxer.hikari.HikariDataSource - HikariPool-1 - Starting...
2024-04-17 14:50:05.744 [taskScheduler-2] INFO  com.zaxxer.hikari.HikariDataSource - HikariPool-1 - Start completed.
2024-04-17 14:50:15.615 [taskScheduler-3] INFO  com.wgcloud.task.ScheduledTask - 批量提交监控数据任务开始----------2024-04-17 14:50:15
2024-04-17 14:50:15.616 [taskScheduler-3] INFO  com.wgcloud.task.ScheduledTask - 批量提交监控数据任务结束----------2024-04-17 14:50:15
2024-04-17 14:50:26.541 [http-nio-9999-exec-3] INFO  o.a.c.c.C.[Tomcat].[localhost].[/wgcloud] - Initializing Spring DispatcherServlet 'dispatcherServlet'
2024-04-17 14:50:26.541 [http-nio-9999-exec-3] INFO  org.springframework.web.servlet.DispatcherServlet - Initializing Servlet 'dispatcherServlet'
2024-04-17 14:50:26.542 [http-nio-9999-exec-3] INFO  org.springframework.web.servlet.DispatcherServlet - Completed initialization in 1 ms
2024-04-17 14:51:15.613 [taskScheduler-4] INFO  com.wgcloud.task.ScheduledTask - heathMonitorTask------------2024-04-17 14:51:15
2024-04-17 14:51:15.613 [taskScheduler-5] INFO  com.wgcloud.task.ScheduledTask - 批量提交监控数据任务开始----------2024-04-17 14:51:15
2024-04-17 14:51:15.677 [taskScheduler-5] INFO  com.wgcloud.task.ScheduledTask - 批量提交监控数据任务结束----------2024-04-17 14:51:15
2024-04-17 14:52:15.618 [taskScheduler-2] INFO  com.wgcloud.task.ScheduledTask - 批量提交监控数据任务开始----------2024-04-17 14:52:15
2024-04-17 14:52:15.618 [taskScheduler-2] INFO  com.wgcloud.task.ScheduledTask - 批量提交监控数据任务结束----------2024-04-17 14:52:15
2024-04-17 14:53:15.617 [taskScheduler-3] INFO  com.wgcloud.task.ScheduledTask - 批量提交监控数据任务开始----------2024-04-17 14:53:15
2024-04-17 14:53:15.657 [taskScheduler-3] INFO  com.wgcloud.task.ScheduledTask - 批量提交监控数据任务结束----------2024-04-17 14:53:15
2024-04-17 14:54:15.612 [taskScheduler-1] INFO  com.wgcloud.task.ScheduledTask - 批量提交监控数据任务开始----------2024-04-17 14:54:15
2024-04-17 14:54:15.612 [taskScheduler-1] INFO  com.wgcloud.task.ScheduledTask - 批量提交监控数据任务结束----------2024-04-17 14:54:15
2024-04-17 14:55:15.617 [taskScheduler-7] INFO  com.wgcloud.task.ScheduledTask - 批量提交监控数据任务开始----------2024-04-17 14:55:15
2024-04-17 14:55:15.637 [taskScheduler-7] INFO  com.wgcloud.task.ScheduledTask - 批量提交监控数据任务结束----------2024-04-17 14:55:15
2024-04-17 14:56:15.614 [taskScheduler-5] INFO  com.wgcloud.task.ScheduledTask - 批量提交监控数据任务开始----------2024-04-17 14:56:15
2024-04-17 14:56:15.614 [taskScheduler-5] INFO  com.wgcloud.task.ScheduledTask - 批量提交监控数据任务结束----------2024-04-17 14:56:15
2024-04-17 14:57:15.610 [taskScheduler-2] INFO  com.wgcloud.task.ScheduledTask - 批量提交监控数据任务开始----------2024-04-17 14:57:15
2024-04-17 14:57:15.643 [taskScheduler-2] INFO  com.wgcloud.task.ScheduledTask - 批量提交监控数据任务结束----------2024-04-17 14:57:15
2024-04-17 14:58:15.606 [taskScheduler-3] INFO  com.wgcloud.task.ScheduledTask - 批量提交监控数据任务开始----------2024-04-17 14:58:15
2024-04-17 14:58:15.606 [taskScheduler-3] INFO  com.wgcloud.task.ScheduledTask - 批量提交监控数据任务结束----------2024-04-17 14:58:15
2024-04-17 14:59:15.613 [taskScheduler-1] INFO  com.wgcloud.task.ScheduledTask - 批量提交监控数据任务开始----------2024-04-17 14:59:15
2024-04-17 14:59:15.636 [taskScheduler-1] INFO  com.wgcloud.task.ScheduledTask - 批量提交监控数据任务结束----------2024-04-17 14:59:15
2024-04-17 15:00:15.616 [taskScheduler-8] INFO  com.wgcloud.task.ScheduledTask - 批量提交监控数据任务开始----------2024-04-17 15:00:15
2024-04-17 15:00:15.616 [taskScheduler-8] INFO  com.wgcloud.task.ScheduledTask - 批量提交监控数据任务结束----------2024-04-17 15:00:15
2024-04-17 15:01:15.610 [taskScheduler-13] INFO  com.wgcloud.task.ScheduledTask - heathMonitorTask------------2024-04-17 15:01:15
2024-04-17 15:01:15.610 [taskScheduler-6] INFO  com.wgcloud.task.ScheduledTask - 批量提交监控数据任务开始----------2024-04-17 15:01:15
2024-04-17 15:01:15.631 [taskScheduler-6] INFO  com.wgcloud.task.ScheduledTask - 批量提交监控数据任务结束----------2024-04-17 15:01:15
2024-04-17 15:02:15.614 [taskScheduler-15] INFO  com.wgcloud.task.ScheduledTask - 批量提交监控数据任务开始----------2024-04-17 15:02:15
2024-04-17 15:02:15.614 [taskScheduler-15] INFO  com.wgcloud.task.ScheduledTask - 批量提交监控数据任务结束----------2024-04-17 15:02:15
2024-04-17 15:03:00.224 [restartedMain] INFO  com.wgcloud.WgcloudServiceApplication - Starting WgcloudServiceApplication using Java 1.8.0_152 on LAPTOP-6960I0SV with PID 3552 (D:\Code\wgcloud\wgcloud-agent\target\classes started by 86150 in D:\Code\wgcloud)
2024-04-17 15:03:00.225 [restartedMain] INFO  com.wgcloud.WgcloudServiceApplication - No active profile set, falling back to 1 default profile: "default"
2024-04-17 15:03:00.263 [restartedMain] INFO  o.s.b.d.env.DevToolsPropertyDefaultsPostProcessor - Devtools property defaults active! Set 'spring.devtools.add-properties' to 'false' to disable
2024-04-17 15:03:00.264 [restartedMain] INFO  o.s.b.d.env.DevToolsPropertyDefaultsPostProcessor - For additional web related logging consider setting the 'logging.level.web' property to 'DEBUG'
2024-04-17 15:03:00.996 [restartedMain] INFO  o.s.boot.web.embedded.tomcat.TomcatWebServer - Tomcat initialized with port(s): 9998 (http)
2024-04-17 15:03:00.997 [restartedMain] INFO  org.apache.catalina.core.AprLifecycleListener - Loaded Apache Tomcat Native library [1.2.30] using APR version [1.7.0].
2024-04-17 15:03:00.997 [restartedMain] INFO  org.apache.catalina.core.AprLifecycleListener - APR capabilities: IPv6 [true], sendfile [true], accept filters [false], random [true], UDS [true].
2024-04-17 15:03:00.997 [restartedMain] INFO  org.apache.catalina.core.AprLifecycleListener - APR/OpenSSL configuration: useAprConnector [false], useOpenSSL [true]
2024-04-17 15:03:01.000 [restartedMain] INFO  org.apache.catalina.core.AprLifecycleListener - OpenSSL successfully initialized [OpenSSL 1.1.1k  25 Mar 2021]
2024-04-17 15:03:01.006 [restartedMain] INFO  org.apache.catalina.core.StandardService - Starting service [Tomcat]
2024-04-17 15:03:01.006 [restartedMain] INFO  org.apache.catalina.core.StandardEngine - Starting Servlet engine: [Apache Tomcat/9.0.60]
2024-04-17 15:03:01.059 [restartedMain] INFO  o.a.c.c.C.[Tomcat].[localhost].[/wgcloud-agent] - Initializing Spring embedded WebApplicationContext
2024-04-17 15:03:01.059 [restartedMain] INFO  o.s.b.w.s.c.ServletWebServerApplicationContext - Root WebApplicationContext: initialization completed in 795 ms
2024-04-17 15:03:01.320 [restartedMain] WARN  o.s.b.d.autoconfigure.OptionalLiveReloadServer - Unable to start LiveReload server
2024-04-17 15:03:01.347 [restartedMain] INFO  o.s.boot.web.embedded.tomcat.TomcatWebServer - Tomcat started on port(s): 9998 (http) with context path '/wgcloud-agent'
2024-04-17 15:03:01.355 [restartedMain] INFO  com.wgcloud.WgcloudServiceApplication - Started WgcloudServiceApplication in 1.511 seconds (JVM running for 2.724)
2024-04-17 15:03:15.615 [taskScheduler-16] INFO  com.wgcloud.task.ScheduledTask - 批量提交监控数据任务开始----------2024-04-17 15:03:15
2024-04-17 15:03:15.615 [taskScheduler-16] INFO  com.wgcloud.task.ScheduledTask - 批量提交监控数据任务结束----------2024-04-17 15:03:15
2024-04-17 15:04:15.612 [taskScheduler-17] INFO  com.wgcloud.task.ScheduledTask - 批量提交监控数据任务开始----------2024-04-17 15:04:15
2024-04-17 15:04:15.630 [taskScheduler-17] INFO  com.wgcloud.task.ScheduledTask - 批量提交监控数据任务结束----------2024-04-17 15:04:15
2024-04-17 15:05:15.612 [taskScheduler-18] INFO  com.wgcloud.task.ScheduledTask - 批量提交监控数据任务开始----------2024-04-17 15:05:15
2024-04-17 15:05:15.612 [taskScheduler-18] INFO  com.wgcloud.task.ScheduledTask - 批量提交监控数据任务结束----------2024-04-17 15:05:15
2024-04-17 15:06:15.610 [taskScheduler-19] INFO  com.wgcloud.task.ScheduledTask - 批量提交监控数据任务开始----------2024-04-17 15:06:15
2024-04-17 15:06:15.630 [taskScheduler-19] INFO  com.wgcloud.task.ScheduledTask - 批量提交监控数据任务结束----------2024-04-17 15:06:15
2024-04-17 15:07:15.612 [taskScheduler-20] INFO  com.wgcloud.task.ScheduledTask - 批量提交监控数据任务开始----------2024-04-17 15:07:15
2024-04-17 15:07:15.612 [taskScheduler-20] INFO  com.wgcloud.task.ScheduledTask - 批量提交监控数据任务结束----------2024-04-17 15:07:15
2024-04-17 15:08:15.616 [taskScheduler-21] INFO  com.wgcloud.task.ScheduledTask - 批量提交监控数据任务开始----------2024-04-17 15:08:15
2024-04-17 15:08:15.631 [taskScheduler-21] INFO  com.wgcloud.task.ScheduledTask - 批量提交监控数据任务结束----------2024-04-17 15:08:15
2024-04-17 15:09:15.611 [taskScheduler-10] INFO  com.wgcloud.task.ScheduledTask - 批量提交监控数据任务开始----------2024-04-17 15:09:15
2024-04-17 15:09:15.611 [taskScheduler-10] INFO  com.wgcloud.task.ScheduledTask - 批量提交监控数据任务结束----------2024-04-17 15:09:15
2024-04-17 15:10:15.604 [taskScheduler-4] INFO  com.wgcloud.task.ScheduledTask - 批量提交监控数据任务开始----------2024-04-17 15:10:15
2024-04-17 15:10:15.624 [taskScheduler-4] INFO  com.wgcloud.task.ScheduledTask - 批量提交监控数据任务结束----------2024-04-17 15:10:15
2024-04-17 15:11:15.613 [taskScheduler-2] INFO  com.wgcloud.task.ScheduledTask - 批量提交监控数据任务开始----------2024-04-17 15:11:15
2024-04-17 15:11:15.613 [taskScheduler-7] INFO  com.wgcloud.task.ScheduledTask - heathMonitorTask------------2024-04-17 15:11:15
2024-04-17 15:11:15.613 [taskScheduler-2] INFO  com.wgcloud.task.ScheduledTask - 批量提交监控数据任务结束----------2024-04-17 15:11:15
2024-04-17 15:12:15.610 [taskScheduler-13] INFO  com.wgcloud.task.ScheduledTask - 批量提交监控数据任务开始----------2024-04-17 15:12:15
2024-04-17 15:12:15.629 [taskScheduler-13] INFO  com.wgcloud.task.ScheduledTask - 批量提交监控数据任务结束----------2024-04-17 15:12:15
2024-04-17 15:13:15.611 [taskScheduler-6] INFO  com.wgcloud.task.ScheduledTask - 批量提交监控数据任务开始----------2024-04-17 15:13:15
2024-04-17 15:13:15.613 [taskScheduler-6] INFO  com.wgcloud.task.ScheduledTask - 批量提交监控数据任务结束----------2024-04-17 15:13:15
2024-04-17 15:14:15.616 [taskScheduler-15] INFO  com.wgcloud.task.ScheduledTask - 批量提交监控数据任务开始----------2024-04-17 15:14:15
2024-04-17 15:14:15.634 [taskScheduler-15] INFO  com.wgcloud.task.ScheduledTask - 批量提交监控数据任务结束----------2024-04-17 15:14:15
2024-04-17 15:14:30.626 [http-nio-9999-exec-1] WARN  org.springframework.web.servlet.PageNotFound - No mapping for GET /wgcloud/login/login.html
2024-04-17 15:15:15.616 [taskScheduler-24] INFO  com.wgcloud.task.ScheduledTask - 批量提交监控数据任务开始----------2024-04-17 15:15:15
2024-04-17 15:15:15.616 [taskScheduler-24] INFO  com.wgcloud.task.ScheduledTask - 批量提交监控数据任务结束----------2024-04-17 15:15:15
2024-04-17 15:16:15.608 [taskScheduler-25] INFO  com.wgcloud.task.ScheduledTask - 批量提交监控数据任务开始----------2024-04-17 15:16:15
2024-04-17 15:16:15.623 [taskScheduler-25] INFO  com.wgcloud.task.ScheduledTask - 批量提交监控数据任务结束----------2024-04-17 15:16:15
2024-04-17 15:17:15.613 [taskScheduler-26] INFO  com.wgcloud.task.ScheduledTask - 批量提交监控数据任务开始----------2024-04-17 15:17:15
2024-04-17 15:17:15.613 [taskScheduler-26] INFO  com.wgcloud.task.ScheduledTask - 批量提交监控数据任务结束----------2024-04-17 15:17:15
2024-04-17 15:18:15.616 [taskScheduler-27] INFO  com.wgcloud.task.ScheduledTask - 批量提交监控数据任务开始----------2024-04-17 15:18:15
2024-04-17 15:18:15.659 [taskScheduler-27] INFO  com.wgcloud.task.ScheduledTask - 批量提交监控数据任务结束----------2024-04-17 15:18:15
2024-04-17 15:19:15.617 [taskScheduler-28] INFO  com.wgcloud.task.ScheduledTask - 批量提交监控数据任务开始----------2024-04-17 15:19:15
2024-04-17 15:19:15.617 [taskScheduler-28] INFO  com.wgcloud.task.ScheduledTask - 批量提交监控数据任务结束----------2024-04-17 15:19:15
2024-04-17 15:20:15.613 [taskScheduler-29] INFO  com.wgcloud.task.ScheduledTask - 批量提交监控数据任务开始----------2024-04-17 15:20:15
2024-04-17 15:20:15.625 [taskScheduler-29] INFO  com.wgcloud.task.ScheduledTask - 批量提交监控数据任务结束----------2024-04-17 15:20:15
2024-04-17 15:21:15.614 [taskScheduler-20] INFO  com.wgcloud.task.ScheduledTask - heathMonitorTask------------2024-04-17 15:21:15
2024-04-17 15:21:15.614 [taskScheduler-16] INFO  com.wgcloud.task.ScheduledTask - 批量提交监控数据任务开始----------2024-04-17 15:21:15
2024-04-17 15:21:15.614 [taskScheduler-16] INFO  com.wgcloud.task.ScheduledTask - 批量提交监控数据任务结束----------2024-04-17 15:21:15
2024-04-17 15:22:15.608 [taskScheduler-16] INFO  com.wgcloud.task.ScheduledTask - 批量提交监控数据任务开始----------2024-04-17 15:22:15
2024-04-17 15:22:15.625 [taskScheduler-16] INFO  com.wgcloud.task.ScheduledTask - 批量提交监控数据任务结束----------2024-04-17 15:22:15
2024-04-17 15:23:15.609 [taskScheduler-16] INFO  com.wgcloud.task.ScheduledTask - 批量提交监控数据任务开始----------2024-04-17 15:23:15
2024-04-17 15:23:15.609 [taskScheduler-16] INFO  com.wgcloud.task.ScheduledTask - 批量提交监控数据任务结束----------2024-04-17 15:23:15
2024-04-17 15:24:15.620 [taskScheduler-16] INFO  com.wgcloud.task.ScheduledTask - 批量提交监控数据任务开始----------2024-04-17 15:24:15
2024-04-17 15:24:15.646 [taskScheduler-16] INFO  com.wgcloud.task.ScheduledTask - 批量提交监控数据任务结束----------2024-04-17 15:24:15
2024-04-17 15:25:15.617 [taskScheduler-5] INFO  com.wgcloud.task.ScheduledTask - 批量提交监控数据任务开始----------2024-04-17 15:25:15
2024-04-17 15:25:15.617 [taskScheduler-5] INFO  com.wgcloud.task.ScheduledTask - 批量提交监控数据任务结束----------2024-04-17 15:25:15
2024-04-17 15:26:15.613 [taskScheduler-5] INFO  com.wgcloud.task.ScheduledTask - 批量提交监控数据任务开始----------2024-04-17 15:26:15
2024-04-17 15:26:15.627 [taskScheduler-5] INFO  com.wgcloud.task.ScheduledTask - 批量提交监控数据任务结束----------2024-04-17 15:26:15
2024-04-17 15:27:15.610 [taskScheduler-5] INFO  com.wgcloud.task.ScheduledTask - 批量提交监控数据任务开始----------2024-04-17 15:27:15
2024-04-17 15:27:15.610 [taskScheduler-5] INFO  com.wgcloud.task.ScheduledTask - 批量提交监控数据任务结束----------2024-04-17 15:27:15
2024-04-17 15:28:15.616 [taskScheduler-5] INFO  com.wgcloud.task.ScheduledTask - 批量提交监控数据任务开始----------2024-04-17 15:28:15
2024-04-17 15:28:15.637 [taskScheduler-5] INFO  com.wgcloud.task.ScheduledTask - 批量提交监控数据任务结束----------2024-04-17 15:28:15
2024-04-17 15:29:15.612 [taskScheduler-5] INFO  com.wgcloud.task.ScheduledTask - 批量提交监控数据任务开始----------2024-04-17 15:29:15
2024-04-17 15:29:15.612 [taskScheduler-5] INFO  com.wgcloud.task.ScheduledTask - 批量提交监控数据任务结束----------2024-04-17 15:29:15
2024-04-17 15:30:15.610 [taskScheduler-5] INFO  com.wgcloud.task.ScheduledTask - 批量提交监控数据任务开始----------2024-04-17 15:30:15
2024-04-17 15:30:15.626 [taskScheduler-5] INFO  com.wgcloud.task.ScheduledTask - 批量提交监控数据任务结束----------2024-04-17 15:30:15
2024-04-17 15:31:15.615 [taskScheduler-34] INFO  com.wgcloud.task.ScheduledTask - heathMonitorTask------------2024-04-17 15:31:15
2024-04-17 15:31:15.615 [taskScheduler-35] INFO  com.wgcloud.task.ScheduledTask - 批量提交监控数据任务开始----------2024-04-17 15:31:15
2024-04-17 15:31:15.615 [taskScheduler-35] INFO  com.wgcloud.task.ScheduledTask - 批量提交监控数据任务结束----------2024-04-17 15:31:15
2024-04-17 15:32:15.614 [taskScheduler-35] INFO  com.wgcloud.task.ScheduledTask - 批量提交监控数据任务开始----------2024-04-17 15:32:15
2024-04-17 15:32:15.634 [taskScheduler-35] INFO  com.wgcloud.task.ScheduledTask - 批量提交监控数据任务结束----------2024-04-17 15:32:15
2024-04-17 15:33:15.617 [taskScheduler-35] INFO  com.wgcloud.task.ScheduledTask - 批量提交监控数据任务开始----------2024-04-17 15:33:15
2024-04-17 15:33:15.617 [taskScheduler-35] INFO  com.wgcloud.task.ScheduledTask - 批量提交监控数据任务结束----------2024-04-17 15:33:15
2024-04-17 15:34:15.607 [taskScheduler-35] INFO  com.wgcloud.task.ScheduledTask - 批量提交监控数据任务开始----------2024-04-17 15:34:15
2024-04-17 15:34:15.620 [taskScheduler-35] INFO  com.wgcloud.task.ScheduledTask - 批量提交监控数据任务结束----------2024-04-17 15:34:15
2024-04-17 15:35:15.619 [taskScheduler-23] INFO  com.wgcloud.task.ScheduledTask - 批量提交监控数据任务开始----------2024-04-17 15:35:15
2024-04-17 15:35:15.619 [taskScheduler-23] INFO  com.wgcloud.task.ScheduledTask - 批量提交监控数据任务结束----------2024-04-17 15:35:15
2024-04-17 15:36:15.616 [taskScheduler-23] INFO  com.wgcloud.task.ScheduledTask - 批量提交监控数据任务开始----------2024-04-17 15:36:15
2024-04-17 15:36:15.632 [taskScheduler-23] INFO  com.wgcloud.task.ScheduledTask - 批量提交监控数据任务结束----------2024-04-17 15:36:15
2024-04-17 15:37:15.607 [taskScheduler-23] INFO  com.wgcloud.task.ScheduledTask - 批量提交监控数据任务开始----------2024-04-17 15:37:15
2024-04-17 15:37:15.607 [taskScheduler-23] INFO  com.wgcloud.task.ScheduledTask - 批量提交监控数据任务结束----------2024-04-17 15:37:15
2024-04-17 15:38:15.615 [taskScheduler-23] INFO  com.wgcloud.task.ScheduledTask - 批量提交监控数据任务开始----------2024-04-17 15:38:15
2024-04-17 15:38:15.629 [taskScheduler-23] INFO  com.wgcloud.task.ScheduledTask - 批量提交监控数据任务结束----------2024-04-17 15:38:15
2024-04-17 15:39:15.605 [taskScheduler-23] INFO  com.wgcloud.task.ScheduledTask - 批量提交监控数据任务开始----------2024-04-17 15:39:15
2024-04-17 15:39:15.605 [taskScheduler-23] INFO  com.wgcloud.task.ScheduledTask - 批量提交监控数据任务结束----------2024-04-17 15:39:15
2024-04-17 15:40:15.612 [taskScheduler-23] INFO  com.wgcloud.task.ScheduledTask - 批量提交监控数据任务开始----------2024-04-17 15:40:15
2024-04-17 15:40:15.628 [taskScheduler-23] INFO  com.wgcloud.task.ScheduledTask - 批量提交监控数据任务结束----------2024-04-17 15:40:15
2024-04-17 15:41:15.606 [taskScheduler-42] INFO  com.wgcloud.task.ScheduledTask - 批量提交监控数据任务开始----------2024-04-17 15:41:15
2024-04-17 15:41:15.606 [taskScheduler-42] INFO  com.wgcloud.task.ScheduledTask - 批量提交监控数据任务结束----------2024-04-17 15:41:15
2024-04-17 15:41:15.606 [taskScheduler-39] INFO  com.wgcloud.task.ScheduledTask - heathMonitorTask------------2024-04-17 15:41:15
2024-04-17 15:42:15.604 [taskScheduler-42] INFO  com.wgcloud.task.ScheduledTask - 批量提交监控数据任务开始----------2024-04-17 15:42:15
2024-04-17 15:42:15.619 [taskScheduler-42] INFO  com.wgcloud.task.ScheduledTask - 批量提交监控数据任务结束----------2024-04-17 15:42:15
2024-04-17 15:43:15.607 [taskScheduler-42] INFO  com.wgcloud.task.ScheduledTask - 批量提交监控数据任务开始----------2024-04-17 15:43:15
2024-04-17 15:43:15.607 [taskScheduler-42] INFO  com.wgcloud.task.ScheduledTask - 批量提交监控数据任务结束----------2024-04-17 15:43:15
2024-04-17 15:44:15.620 [taskScheduler-42] INFO  com.wgcloud.task.ScheduledTask - 批量提交监控数据任务开始----------2024-04-17 15:44:15
2024-04-17 15:44:15.636 [taskScheduler-42] INFO  com.wgcloud.task.ScheduledTask - 批量提交监控数据任务结束----------2024-04-17 15:44:15
2024-04-17 15:45:15.616 [taskScheduler-42] INFO  com.wgcloud.task.ScheduledTask - 批量提交监控数据任务开始----------2024-04-17 15:45:15
2024-04-17 15:45:15.616 [taskScheduler-42] INFO  com.wgcloud.task.ScheduledTask - 批量提交监控数据任务结束----------2024-04-17 15:45:15
2024-04-17 15:46:15.614 [taskScheduler-42] INFO  com.wgcloud.task.ScheduledTask - 批量提交监控数据任务开始----------2024-04-17 15:46:15
2024-04-17 15:46:15.630 [taskScheduler-42] INFO  com.wgcloud.task.ScheduledTask - 批量提交监控数据任务结束----------2024-04-17 15:46:15
2024-04-17 15:47:15.610 [taskScheduler-42] INFO  com.wgcloud.task.ScheduledTask - 批量提交监控数据任务开始----------2024-04-17 15:47:15
2024-04-17 15:47:15.610 [taskScheduler-42] INFO  com.wgcloud.task.ScheduledTask - 批量提交监控数据任务结束----------2024-04-17 15:47:15
2024-04-17 15:48:15.612 [taskScheduler-42] INFO  com.wgcloud.task.ScheduledTask - 批量提交监控数据任务开始----------2024-04-17 15:48:15
2024-04-17 15:48:15.631 [taskScheduler-42] INFO  com.wgcloud.task.ScheduledTask - 批量提交监控数据任务结束----------2024-04-17 15:48:15
2024-04-17 15:49:15.605 [taskScheduler-42] INFO  com.wgcloud.task.ScheduledTask - 批量提交监控数据任务开始----------2024-04-17 15:49:15
2024-04-17 15:49:15.605 [taskScheduler-42] INFO  com.wgcloud.task.ScheduledTask - 批量提交监控数据任务结束----------2024-04-17 15:49:15
2024-04-17 15:50:15.611 [taskScheduler-42] INFO  com.wgcloud.task.ScheduledTask - 批量提交监控数据任务开始----------2024-04-17 15:50:15
2024-04-17 15:50:15.717 [taskScheduler-42] INFO  com.wgcloud.task.ScheduledTask - 批量提交监控数据任务结束----------2024-04-17 15:50:15
2024-04-17 15:51:15.617 [taskScheduler-8] INFO  com.wgcloud.task.ScheduledTask - 批量提交监控数据任务开始----------2024-04-17 15:51:15
2024-04-17 15:51:15.617 [taskScheduler-50] INFO  com.wgcloud.task.ScheduledTask - heathMonitorTask------------2024-04-17 15:51:15
2024-04-17 15:51:15.618 [taskScheduler-8] INFO  com.wgcloud.task.ScheduledTask - 批量提交监控数据任务结束----------2024-04-17 15:51:15
2024-04-17 15:52:15.613 [taskScheduler-8] INFO  com.wgcloud.task.ScheduledTask - 批量提交监控数据任务开始----------2024-04-17 15:52:15
2024-04-17 15:52:15.631 [taskScheduler-8] INFO  com.wgcloud.task.ScheduledTask - 批量提交监控数据任务结束----------2024-04-17 15:52:15
2024-04-17 15:53:15.614 [taskScheduler-8] INFO  com.wgcloud.task.ScheduledTask - 批量提交监控数据任务开始----------2024-04-17 15:53:15
2024-04-17 15:53:15.614 [taskScheduler-8] INFO  com.wgcloud.task.ScheduledTask - 批量提交监控数据任务结束----------2024-04-17 15:53:15
2024-04-17 15:54:15.608 [taskScheduler-8] INFO  com.wgcloud.task.ScheduledTask - 批量提交监控数据任务开始----------2024-04-17 15:54:15
2024-04-17 15:54:15.624 [taskScheduler-8] INFO  com.wgcloud.task.ScheduledTask - 批量提交监控数据任务结束----------2024-04-17 15:54:15
2024-04-17 15:55:15.606 [taskScheduler-10] INFO  com.wgcloud.task.ScheduledTask - 批量提交监控数据任务开始----------2024-04-17 15:55:15
2024-04-17 15:55:15.607 [taskScheduler-10] INFO  com.wgcloud.task.ScheduledTask - 批量提交监控数据任务结束----------2024-04-17 15:55:15
2024-04-17 15:56:15.604 [taskScheduler-10] INFO  com.wgcloud.task.ScheduledTask - 批量提交监控数据任务开始----------2024-04-17 15:56:15
2024-04-17 15:56:15.624 [taskScheduler-10] INFO  com.wgcloud.task.ScheduledTask - 批量提交监控数据任务结束----------2024-04-17 15:56:15
2024-04-17 15:57:15.608 [taskScheduler-10] INFO  com.wgcloud.task.ScheduledTask - 批量提交监控数据任务开始----------2024-04-17 15:57:15
2024-04-17 15:57:15.608 [taskScheduler-10] INFO  com.wgcloud.task.ScheduledTask - 批量提交监控数据任务结束----------2024-04-17 15:57:15
2024-04-17 15:58:15.611 [taskScheduler-10] INFO  com.wgcloud.task.ScheduledTask - 批量提交监控数据任务开始----------2024-04-17 15:58:15
2024-04-17 15:58:15.627 [taskScheduler-10] INFO  com.wgcloud.task.ScheduledTask - 批量提交监控数据任务结束----------2024-04-17 15:58:15
2024-04-17 15:59:15.607 [taskScheduler-10] INFO  com.wgcloud.task.ScheduledTask - 批量提交监控数据任务开始----------2024-04-17 15:59:15
2024-04-17 15:59:15.607 [taskScheduler-10] INFO  com.wgcloud.task.ScheduledTask - 批量提交监控数据任务结束----------2024-04-17 15:59:15
2024-04-17 16:00:15.616 [taskScheduler-10] INFO  com.wgcloud.task.ScheduledTask - 批量提交监控数据任务开始----------2024-04-17 16:00:15
2024-04-17 16:00:15.633 [taskScheduler-10] INFO  com.wgcloud.task.ScheduledTask - 批量提交监控数据任务结束----------2024-04-17 16:00:15
2024-04-17 16:01:15.605 [taskScheduler-14] INFO  com.wgcloud.task.ScheduledTask - 批量提交监控数据任务开始----------2024-04-17 16:01:15
2024-04-17 16:01:15.605 [taskScheduler-14] INFO  com.wgcloud.task.ScheduledTask - 批量提交监控数据任务结束----------2024-04-17 16:01:15
2024-04-17 16:01:15.605 [taskScheduler-22] INFO  com.wgcloud.task.ScheduledTask - heathMonitorTask------------2024-04-17 16:01:15
2024-04-17 16:02:15.607 [taskScheduler-14] INFO  com.wgcloud.task.ScheduledTask - 批量提交监控数据任务开始----------2024-04-17 16:02:15
2024-04-17 16:02:15.623 [taskScheduler-14] INFO  com.wgcloud.task.ScheduledTask - 批量提交监控数据任务结束----------2024-04-17 16:02:15
2024-04-17 16:03:15.605 [taskScheduler-14] INFO  com.wgcloud.task.ScheduledTask - 批量提交监控数据任务开始----------2024-04-17 16:03:15
2024-04-17 16:03:15.605 [taskScheduler-14] INFO  com.wgcloud.task.ScheduledTask - 批量提交监控数据任务结束----------2024-04-17 16:03:15
2024-04-17 16:04:15.615 [taskScheduler-14] INFO  com.wgcloud.task.ScheduledTask - 批量提交监控数据任务开始----------2024-04-17 16:04:15
2024-04-17 16:04:15.630 [taskScheduler-14] INFO  com.wgcloud.task.ScheduledTask - 批量提交监控数据任务结束----------2024-04-17 16:04:15
2024-04-17 16:05:15.616 [taskScheduler-14] INFO  com.wgcloud.task.ScheduledTask - 批量提交监控数据任务开始----------2024-04-17 16:05:15
2024-04-17 16:05:15.616 [taskScheduler-14] INFO  com.wgcloud.task.ScheduledTask - 批量提交监控数据任务结束----------2024-04-17 16:05:15
2024-04-17 16:06:15.608 [taskScheduler-14] INFO  com.wgcloud.task.ScheduledTask - 批量提交监控数据任务开始----------2024-04-17 16:06:15
2024-04-17 16:06:15.634 [taskScheduler-14] INFO  com.wgcloud.task.ScheduledTask - 批量提交监控数据任务结束----------2024-04-17 16:06:15
2024-04-17 16:07:15.605 [taskScheduler-14] INFO  com.wgcloud.task.ScheduledTask - 批量提交监控数据任务开始----------2024-04-17 16:07:15
2024-04-17 16:07:15.605 [taskScheduler-14] INFO  com.wgcloud.task.ScheduledTask - 批量提交监控数据任务结束----------2024-04-17 16:07:15
2024-04-17 16:08:15.611 [taskScheduler-14] INFO  com.wgcloud.task.ScheduledTask - 批量提交监控数据任务开始----------2024-04-17 16:08:15
2024-04-17 16:08:15.628 [taskScheduler-14] INFO  com.wgcloud.task.ScheduledTask - 批量提交监控数据任务结束----------2024-04-17 16:08:15
2024-04-17 16:09:15.608 [taskScheduler-14] INFO  com.wgcloud.task.ScheduledTask - 批量提交监控数据任务开始----------2024-04-17 16:09:15
2024-04-17 16:09:15.608 [taskScheduler-14] INFO  com.wgcloud.task.ScheduledTask - 批量提交监控数据任务结束----------2024-04-17 16:09:15
2024-04-17 16:10:15.612 [taskScheduler-14] INFO  com.wgcloud.task.ScheduledTask - 批量提交监控数据任务开始----------2024-04-17 16:10:15
2024-04-17 16:10:15.630 [taskScheduler-14] INFO  com.wgcloud.task.ScheduledTask - 批量提交监控数据任务结束----------2024-04-17 16:10:15
2024-04-17 16:11:15.615 [taskScheduler-41] INFO  com.wgcloud.task.ScheduledTask - 批量提交监控数据任务开始----------2024-04-17 16:11:15
2024-04-17 16:11:15.617 [taskScheduler-19] INFO  com.wgcloud.task.ScheduledTask - heathMonitorTask------------2024-04-17 16:11:15
2024-04-17 16:11:15.617 [taskScheduler-41] INFO  com.wgcloud.task.ScheduledTask - 批量提交监控数据任务结束----------2024-04-17 16:11:15
2024-04-17 16:12:15.612 [taskScheduler-41] INFO  com.wgcloud.task.ScheduledTask - 批量提交监控数据任务开始----------2024-04-17 16:12:15
2024-04-17 16:12:15.629 [taskScheduler-41] INFO  com.wgcloud.task.ScheduledTask - 批量提交监控数据任务结束----------2024-04-17 16:12:15
2024-04-17 16:13:15.617 [taskScheduler-41] INFO  com.wgcloud.task.ScheduledTask - 批量提交监控数据任务开始----------2024-04-17 16:13:15
2024-04-17 16:13:15.617 [taskScheduler-41] INFO  com.wgcloud.task.ScheduledTask - 批量提交监控数据任务结束----------2024-04-17 16:13:15
2024-04-17 16:14:15.614 [taskScheduler-41] INFO  com.wgcloud.task.ScheduledTask - 批量提交监控数据任务开始----------2024-04-17 16:14:15
2024-04-17 16:14:15.630 [taskScheduler-41] INFO  com.wgcloud.task.ScheduledTask - 批量提交监控数据任务结束----------2024-04-17 16:14:15
2024-04-17 16:15:15.616 [taskScheduler-32] INFO  com.wgcloud.task.ScheduledTask - 批量提交监控数据任务开始----------2024-04-17 16:15:15
2024-04-17 16:15:15.616 [taskScheduler-32] INFO  com.wgcloud.task.ScheduledTask - 批量提交监控数据任务结束----------2024-04-17 16:15:15
2024-04-17 16:16:15.619 [taskScheduler-32] INFO  com.wgcloud.task.ScheduledTask - 批量提交监控数据任务开始----------2024-04-17 16:16:15
2024-04-17 16:16:15.636 [taskScheduler-32] INFO  com.wgcloud.task.ScheduledTask - 批量提交监控数据任务结束----------2024-04-17 16:16:15
2024-04-17 16:17:15.612 [taskScheduler-32] INFO  com.wgcloud.task.ScheduledTask - 批量提交监控数据任务开始----------2024-04-17 16:17:15
2024-04-17 16:17:15.612 [taskScheduler-32] INFO  com.wgcloud.task.ScheduledTask - 批量提交监控数据任务结束----------2024-04-17 16:17:15
2024-04-17 16:18:15.616 [taskScheduler-32] INFO  com.wgcloud.task.ScheduledTask - 批量提交监控数据任务开始----------2024-04-17 16:18:15
2024-04-17 16:18:15.631 [taskScheduler-32] INFO  com.wgcloud.task.ScheduledTask - 批量提交监控数据任务结束----------2024-04-17 16:18:15
2024-04-17 16:19:15.607 [taskScheduler-32] INFO  com.wgcloud.task.ScheduledTask - 批量提交监控数据任务开始----------2024-04-17 16:19:15
2024-04-17 16:19:15.607 [taskScheduler-32] INFO  com.wgcloud.task.ScheduledTask - 批量提交监控数据任务结束----------2024-04-17 16:19:15
2024-04-17 16:20:15.608 [taskScheduler-32] INFO  com.wgcloud.task.ScheduledTask - 批量提交监控数据任务开始----------2024-04-17 16:20:15
2024-04-17 16:20:15.626 [taskScheduler-32] INFO  com.wgcloud.task.ScheduledTask - 批量提交监控数据任务结束----------2024-04-17 16:20:15
2024-04-17 16:21:15.606 [taskScheduler-49] INFO  com.wgcloud.task.ScheduledTask - 批量提交监控数据任务开始----------2024-04-17 16:21:15
2024-04-17 16:21:15.606 [taskScheduler-49] INFO  com.wgcloud.task.ScheduledTask - 批量提交监控数据任务结束----------2024-04-17 16:21:15
2024-04-17 16:21:15.608 [taskScheduler-2] INFO  com.wgcloud.task.ScheduledTask - heathMonitorTask------------2024-04-17 16:21:15
2024-04-17 16:22:15.617 [taskScheduler-49] INFO  com.wgcloud.task.ScheduledTask - 批量提交监控数据任务开始----------2024-04-17 16:22:15
2024-04-17 16:22:15.634 [taskScheduler-49] INFO  com.wgcloud.task.ScheduledTask - 批量提交监控数据任务结束----------2024-04-17 16:22:15
2024-04-17 16:23:15.611 [taskScheduler-49] INFO  com.wgcloud.task.ScheduledTask - 批量提交监控数据任务开始----------2024-04-17 16:23:15
2024-04-17 16:23:15.611 [taskScheduler-49] INFO  com.wgcloud.task.ScheduledTask - 批量提交监控数据任务结束----------2024-04-17 16:23:15
2024-04-17 16:24:15.615 [taskScheduler-49] INFO  com.wgcloud.task.ScheduledTask - 批量提交监控数据任务开始----------2024-04-17 16:24:15
2024-04-17 16:24:15.629 [taskScheduler-49] INFO  com.wgcloud.task.ScheduledTask - 批量提交监控数据任务结束----------2024-04-17 16:24:15
2024-04-17 16:25:15.605 [taskScheduler-49] INFO  com.wgcloud.task.ScheduledTask - 批量提交监控数据任务开始----------2024-04-17 16:25:15
2024-04-17 16:25:15.605 [taskScheduler-49] INFO  com.wgcloud.task.ScheduledTask - 批量提交监控数据任务结束----------2024-04-17 16:25:15
2024-04-17 16:26:15.618 [taskScheduler-49] INFO  com.wgcloud.task.ScheduledTask - 批量提交监控数据任务开始----------2024-04-17 16:26:15
2024-04-17 16:26:15.632 [taskScheduler-49] INFO  com.wgcloud.task.ScheduledTask - 批量提交监控数据任务结束----------2024-04-17 16:26:15
2024-04-17 16:27:15.608 [taskScheduler-49] INFO  com.wgcloud.task.ScheduledTask - 批量提交监控数据任务开始----------2024-04-17 16:27:15
2024-04-17 16:27:15.608 [taskScheduler-49] INFO  com.wgcloud.task.ScheduledTask - 批量提交监控数据任务结束----------2024-04-17 16:27:15
2024-04-17 16:28:15.618 [taskScheduler-49] INFO  com.wgcloud.task.ScheduledTask - 批量提交监控数据任务开始----------2024-04-17 16:28:15
2024-04-17 16:28:15.630 [taskScheduler-49] INFO  com.wgcloud.task.ScheduledTask - 批量提交监控数据任务结束----------2024-04-17 16:28:15
2024-04-17 16:29:15.618 [taskScheduler-49] INFO  com.wgcloud.task.ScheduledTask - 批量提交监控数据任务开始----------2024-04-17 16:29:15
2024-04-17 16:29:15.618 [taskScheduler-49] INFO  com.wgcloud.task.ScheduledTask - 批量提交监控数据任务结束----------2024-04-17 16:29:15
2024-04-17 16:30:15.608 [taskScheduler-49] INFO  com.wgcloud.task.ScheduledTask - 批量提交监控数据任务开始----------2024-04-17 16:30:15
2024-04-17 16:30:15.623 [taskScheduler-49] INFO  com.wgcloud.task.ScheduledTask - 批量提交监控数据任务结束----------2024-04-17 16:30:15
2024-04-17 16:31:15.610 [taskScheduler-40] INFO  com.wgcloud.task.ScheduledTask - heathMonitorTask------------2024-04-17 16:31:15
2024-04-17 16:31:15.610 [taskScheduler-3] INFO  com.wgcloud.task.ScheduledTask - 批量提交监控数据任务开始----------2024-04-17 16:31:15
2024-04-17 16:31:15.610 [taskScheduler-3] INFO  com.wgcloud.task.ScheduledTask - 批量提交监控数据任务结束----------2024-04-17 16:31:15
2024-04-17 16:32:15.604 [taskScheduler-3] INFO  com.wgcloud.task.ScheduledTask - 批量提交监控数据任务开始----------2024-04-17 16:32:15
2024-04-17 16:32:15.621 [taskScheduler-3] INFO  com.wgcloud.task.ScheduledTask - 批量提交监控数据任务结束----------2024-04-17 16:32:15
2024-04-17 16:33:15.611 [taskScheduler-3] INFO  com.wgcloud.task.ScheduledTask - 批量提交监控数据任务开始----------2024-04-17 16:33:15
2024-04-17 16:33:15.611 [taskScheduler-3] INFO  com.wgcloud.task.ScheduledTask - 批量提交监控数据任务结束----------2024-04-17 16:33:15
2024-04-17 16:34:15.614 [taskScheduler-3] INFO  com.wgcloud.task.ScheduledTask - 批量提交监控数据任务开始----------2024-04-17 16:34:15
2024-04-17 16:34:15.628 [taskScheduler-3] INFO  com.wgcloud.task.ScheduledTask - 批量提交监控数据任务结束----------2024-04-17 16:34:15
2024-04-17 16:35:15.618 [taskScheduler-46] INFO  com.wgcloud.task.ScheduledTask - 批量提交监控数据任务开始----------2024-04-17 16:35:15
2024-04-17 16:35:15.618 [taskScheduler-46] INFO  com.wgcloud.task.ScheduledTask - 批量提交监控数据任务结束----------2024-04-17 16:35:15
2024-04-17 16:36:15.607 [taskScheduler-46] INFO  com.wgcloud.task.ScheduledTask - 批量提交监控数据任务开始----------2024-04-17 16:36:15
2024-04-17 16:36:15.623 [taskScheduler-46] INFO  com.wgcloud.task.ScheduledTask - 批量提交监控数据任务结束----------2024-04-17 16:36:15
2024-04-17 16:37:15.617 [taskScheduler-46] INFO  com.wgcloud.task.ScheduledTask - 批量提交监控数据任务开始----------2024-04-17 16:37:15
2024-04-17 16:37:15.617 [taskScheduler-46] INFO  com.wgcloud.task.ScheduledTask - 批量提交监控数据任务结束----------2024-04-17 16:37:15
2024-04-17 16:38:15.617 [taskScheduler-46] INFO  com.wgcloud.task.ScheduledTask - 批量提交监控数据任务开始----------2024-04-17 16:38:15
2024-04-17 16:38:15.632 [taskScheduler-46] INFO  com.wgcloud.task.ScheduledTask - 批量提交监控数据任务结束----------2024-04-17 16:38:15
2024-04-17 16:39:15.604 [taskScheduler-46] INFO  com.wgcloud.task.ScheduledTask - 批量提交监控数据任务开始----------2024-04-17 16:39:15
2024-04-17 16:39:15.604 [taskScheduler-46] INFO  com.wgcloud.task.ScheduledTask - 批量提交监控数据任务结束----------2024-04-17 16:39:15
2024-04-17 16:40:15.607 [taskScheduler-46] INFO  com.wgcloud.task.ScheduledTask - 批量提交监控数据任务开始----------2024-04-17 16:40:15
2024-04-17 16:40:15.621 [taskScheduler-46] INFO  com.wgcloud.task.ScheduledTask - 批量提交监控数据任务结束----------2024-04-17 16:40:15
2024-04-17 16:41:15.609 [taskScheduler-41] INFO  com.wgcloud.task.ScheduledTask - heathMonitorTask------------2024-04-17 16:41:15
2024-04-17 16:41:15.609 [taskScheduler-25] INFO  com.wgcloud.task.ScheduledTask - 批量提交监控数据任务开始----------2024-04-17 16:41:15
2024-04-17 16:41:15.610 [taskScheduler-25] INFO  com.wgcloud.task.ScheduledTask - 批量提交监控数据任务结束----------2024-04-17 16:41:15
2024-04-17 16:42:15.617 [taskScheduler-25] INFO  com.wgcloud.task.ScheduledTask - 批量提交监控数据任务开始----------2024-04-17 16:42:15
2024-04-17 16:42:15.633 [taskScheduler-25] INFO  com.wgcloud.task.ScheduledTask - 批量提交监控数据任务结束----------2024-04-17 16:42:15
2024-04-17 16:43:15.612 [taskScheduler-25] INFO  com.wgcloud.task.ScheduledTask - 批量提交监控数据任务开始----------2024-04-17 16:43:15
2024-04-17 16:43:15.612 [taskScheduler-25] INFO  com.wgcloud.task.ScheduledTask - 批量提交监控数据任务结束----------2024-04-17 16:43:15
2024-04-17 16:44:15.609 [taskScheduler-25] INFO  com.wgcloud.task.ScheduledTask - 批量提交监控数据任务开始----------2024-04-17 16:44:15
2024-04-17 16:44:15.625 [taskScheduler-25] INFO  com.wgcloud.task.ScheduledTask - 批量提交监控数据任务结束----------2024-04-17 16:44:15
2024-04-17 16:45:15.606 [taskScheduler-25] INFO  com.wgcloud.task.ScheduledTask - 批量提交监控数据任务开始----------2024-04-17 16:45:15
2024-04-17 16:45:15.606 [taskScheduler-25] INFO  com.wgcloud.task.ScheduledTask - 批量提交监控数据任务结束----------2024-04-17 16:45:15
2024-04-17 16:46:15.609 [taskScheduler-25] INFO  com.wgcloud.task.ScheduledTask - 批量提交监控数据任务开始----------2024-04-17 16:46:15
2024-04-17 16:46:15.627 [taskScheduler-25] INFO  com.wgcloud.task.ScheduledTask - 批量提交监控数据任务结束----------2024-04-17 16:46:15
2024-04-17 16:47:15.607 [taskScheduler-25] INFO  com.wgcloud.task.ScheduledTask - 批量提交监控数据任务开始----------2024-04-17 16:47:15
2024-04-17 16:47:15.607 [taskScheduler-25] INFO  com.wgcloud.task.ScheduledTask - 批量提交监控数据任务结束----------2024-04-17 16:47:15
2024-04-17 16:48:15.608 [taskScheduler-25] INFO  com.wgcloud.task.ScheduledTask - 批量提交监控数据任务开始----------2024-04-17 16:48:15
2024-04-17 16:48:15.627 [taskScheduler-25] INFO  com.wgcloud.task.ScheduledTask - 批量提交监控数据任务结束----------2024-04-17 16:48:15
2024-04-17 16:49:15.606 [taskScheduler-25] INFO  com.wgcloud.task.ScheduledTask - 批量提交监控数据任务开始----------2024-04-17 16:49:15
2024-04-17 16:49:15.606 [taskScheduler-25] INFO  com.wgcloud.task.ScheduledTask - 批量提交监控数据任务结束----------2024-04-17 16:49:15
2024-04-17 16:50:15.615 [taskScheduler-25] INFO  com.wgcloud.task.ScheduledTask - 批量提交监控数据任务开始----------2024-04-17 16:50:15
2024-04-17 16:50:15.628 [taskScheduler-25] INFO  com.wgcloud.task.ScheduledTask - 批量提交监控数据任务结束----------2024-04-17 16:50:15
2024-04-17 16:51:15.613 [taskScheduler-50] INFO  com.wgcloud.task.ScheduledTask - heathMonitorTask------------2024-04-17 16:51:15
2024-04-17 16:51:15.615 [taskScheduler-27] INFO  com.wgcloud.task.ScheduledTask - 批量提交监控数据任务开始----------2024-04-17 16:51:15
2024-04-17 16:51:15.615 [taskScheduler-27] INFO  com.wgcloud.task.ScheduledTask - 批量提交监控数据任务结束----------2024-04-17 16:51:15
2024-04-17 16:52:15.617 [taskScheduler-27] INFO  com.wgcloud.task.ScheduledTask - 批量提交监控数据任务开始----------2024-04-17 16:52:15
2024-04-17 16:52:15.631 [taskScheduler-27] INFO  com.wgcloud.task.ScheduledTask - 批量提交监控数据任务结束----------2024-04-17 16:52:15
2024-04-17 16:53:15.616 [taskScheduler-27] INFO  com.wgcloud.task.ScheduledTask - 批量提交监控数据任务开始----------2024-04-17 16:53:15
2024-04-17 16:53:15.616 [taskScheduler-27] INFO  com.wgcloud.task.ScheduledTask - 批量提交监控数据任务结束----------2024-04-17 16:53:15
2024-04-17 16:54:15.607 [taskScheduler-27] INFO  com.wgcloud.task.ScheduledTask - 批量提交监控数据任务开始----------2024-04-17 16:54:15
2024-04-17 16:54:15.622 [taskScheduler-27] INFO  com.wgcloud.task.ScheduledTask - 批量提交监控数据任务结束----------2024-04-17 16:54:15
2024-04-17 16:55:15.607 [taskScheduler-37] INFO  com.wgcloud.task.ScheduledTask - 批量提交监控数据任务开始----------2024-04-17 16:55:15
2024-04-17 16:55:15.607 [taskScheduler-37] INFO  com.wgcloud.task.ScheduledTask - 批量提交监控数据任务结束----------2024-04-17 16:55:15
2024-04-17 16:56:15.619 [taskScheduler-37] INFO  com.wgcloud.task.ScheduledTask - 批量提交监控数据任务开始----------2024-04-17 16:56:15
2024-04-17 16:56:15.635 [taskScheduler-37] INFO  com.wgcloud.task.ScheduledTask - 批量提交监控数据任务结束----------2024-04-17 16:56:15
2024-04-17 16:57:15.611 [taskScheduler-37] INFO  com.wgcloud.task.ScheduledTask - 批量提交监控数据任务开始----------2024-04-17 16:57:15
2024-04-17 16:57:15.611 [taskScheduler-37] INFO  com.wgcloud.task.ScheduledTask - 批量提交监控数据任务结束----------2024-04-17 16:57:15
2024-04-17 16:58:15.614 [taskScheduler-37] INFO  com.wgcloud.task.ScheduledTask - 批量提交监控数据任务开始----------2024-04-17 16:58:15
2024-04-17 16:58:15.630 [taskScheduler-37] INFO  com.wgcloud.task.ScheduledTask - 批量提交监控数据任务结束----------2024-04-17 16:58:15
2024-04-17 16:59:15.607 [taskScheduler-37] INFO  com.wgcloud.task.ScheduledTask - 批量提交监控数据任务开始----------2024-04-17 16:59:15
2024-04-17 16:59:15.607 [taskScheduler-37] INFO  com.wgcloud.task.ScheduledTask - 批量提交监控数据任务结束----------2024-04-17 16:59:15
2024-04-17 17:00:15.609 [taskScheduler-37] INFO  com.wgcloud.task.ScheduledTask - 批量提交监控数据任务开始----------2024-04-17 17:00:15
2024-04-17 17:00:15.623 [taskScheduler-37] INFO  com.wgcloud.task.ScheduledTask - 批量提交监控数据任务结束----------2024-04-17 17:00:15
2024-04-17 17:01:15.616 [taskScheduler-14] INFO  com.wgcloud.task.ScheduledTask - 批量提交监控数据任务开始----------2024-04-17 17:01:15
2024-04-17 17:01:15.616 [taskScheduler-39] INFO  com.wgcloud.task.ScheduledTask - heathMonitorTask------------2024-04-17 17:01:15
2024-04-17 17:01:15.616 [taskScheduler-14] INFO  com.wgcloud.task.ScheduledTask - 批量提交监控数据任务结束----------2024-04-17 17:01:15
2024-04-17 17:02:15.605 [taskScheduler-14] INFO  com.wgcloud.task.ScheduledTask - 批量提交监控数据任务开始----------2024-04-17 17:02:15
2024-04-17 17:02:15.621 [taskScheduler-14] INFO  com.wgcloud.task.ScheduledTask - 批量提交监控数据任务结束----------2024-04-17 17:02:15
2024-04-17 17:03:15.614 [taskScheduler-14] INFO  com.wgcloud.task.ScheduledTask - 批量提交监控数据任务开始----------2024-04-17 17:03:15
2024-04-17 17:03:15.614 [taskScheduler-14] INFO  com.wgcloud.task.ScheduledTask - 批量提交监控数据任务结束----------2024-04-17 17:03:15
2024-04-17 17:04:15.611 [taskScheduler-14] INFO  com.wgcloud.task.ScheduledTask - 批量提交监控数据任务开始----------2024-04-17 17:04:15
2024-04-17 17:04:15.632 [taskScheduler-14] INFO  com.wgcloud.task.ScheduledTask - 批量提交监控数据任务结束----------2024-04-17 17:04:15
2024-04-17 17:05:15.618 [taskScheduler-14] INFO  com.wgcloud.task.ScheduledTask - 批量提交监控数据任务开始----------2024-04-17 17:05:15
2024-04-17 17:05:15.618 [taskScheduler-14] INFO  com.wgcloud.task.ScheduledTask - 批量提交监控数据任务结束----------2024-04-17 17:05:15
2024-04-17 17:06:15.610 [taskScheduler-14] INFO  com.wgcloud.task.ScheduledTask - 批量提交监控数据任务开始----------2024-04-17 17:06:15
2024-04-17 17:06:15.623 [taskScheduler-14] INFO  com.wgcloud.task.ScheduledTask - 批量提交监控数据任务结束----------2024-04-17 17:06:15
2024-04-17 17:07:15.614 [taskScheduler-14] INFO  com.wgcloud.task.ScheduledTask - 批量提交监控数据任务开始----------2024-04-17 17:07:15
2024-04-17 17:07:15.614 [taskScheduler-14] INFO  com.wgcloud.task.ScheduledTask - 批量提交监控数据任务结束----------2024-04-17 17:07:15
2024-04-17 17:08:15.606 [taskScheduler-14] INFO  com.wgcloud.task.ScheduledTask - 批量提交监控数据任务开始----------2024-04-17 17:08:15
2024-04-17 17:08:15.618 [taskScheduler-14] INFO  com.wgcloud.task.ScheduledTask - 批量提交监控数据任务结束----------2024-04-17 17:08:15
2024-04-17 17:08:28.083 [SpringApplicationShutdownHook] INFO  com.zaxxer.hikari.HikariDataSource - HikariPool-1 - Shutdown initiated...
2024-04-17 17:08:28.091 [SpringApplicationShutdownHook] INFO  com.zaxxer.hikari.HikariDataSource - HikariPool-1 - Shutdown completed.
