2024-04-18 17:41:04.616 [restartedMain] INFO  com.wgcloud.WgcloudServiceApplication - Starting WgcloudServiceApplication using Java 1.8.0_152 on LAPTOP-6960I0SV with PID 616 (D:\Code\wgcloud\wgcloud-server\target\classes started by 86150 in D:\Code\wgcloud)
2024-04-18 17:41:04.618 [restartedMain] INFO  com.wgcloud.WgcloudServiceApplication - No active profile set, falling back to 1 default profile: "default"
2024-04-18 17:41:04.677 [restartedMain] INFO  o.s.b.d.env.DevToolsPropertyDefaultsPostProcessor - Devtools property defaults active! Set 'spring.devtools.add-properties' to 'false' to disable
2024-04-18 17:41:04.678 [restartedMain] INFO  o.s.b.d.env.DevToolsPropertyDefaultsPostProcessor - For additional web related logging consider setting the 'logging.level.web' property to 'DEBUG'
2024-04-18 17:41:05.991 [restartedMain] INFO  o.s.boot.web.embedded.tomcat.TomcatWebServer - Tomcat initialized with port(s): 9999 (http)
2024-04-18 17:41:05.992 [restartedMain] INFO  org.apache.catalina.core.AprLifecycleListener - Loaded Apache Tomcat Native library [1.2.30] using APR version [1.7.0].
2024-04-18 17:41:05.993 [restartedMain] INFO  org.apache.catalina.core.AprLifecycleListener - APR capabilities: IPv6 [true], sendfile [true], accept filters [false], random [true], UDS [true].
2024-04-18 17:41:05.993 [restartedMain] INFO  org.apache.catalina.core.AprLifecycleListener - APR/OpenSSL configuration: useAprConnector [false], useOpenSSL [true]
2024-04-18 17:41:05.997 [restartedMain] INFO  org.apache.catalina.core.AprLifecycleListener - OpenSSL successfully initialized [OpenSSL 1.1.1k  25 Mar 2021]
2024-04-18 17:41:06.008 [restartedMain] INFO  org.apache.catalina.core.StandardService - Starting service [Tomcat]
2024-04-18 17:41:06.009 [restartedMain] INFO  org.apache.catalina.core.StandardEngine - Starting Servlet engine: [Apache Tomcat/9.0.60]
2024-04-18 17:41:06.116 [restartedMain] INFO  o.a.c.c.C.[Tomcat].[localhost].[/wgcloud] - Initializing Spring embedded WebApplicationContext
2024-04-18 17:41:06.117 [restartedMain] INFO  o.s.b.w.s.c.ServletWebServerApplicationContext - Root WebApplicationContext: initialization completed in 1436 ms
2024-04-18 17:41:07.722 [restartedMain] INFO  o.s.b.a.web.servlet.WelcomePageHandlerMapping - Adding welcome page template: index
2024-04-18 17:41:08.074 [restartedMain] INFO  o.s.b.d.autoconfigure.OptionalLiveReloadServer - LiveReload server is running on port 35729
2024-04-18 17:41:08.113 [restartedMain] INFO  o.s.boot.web.embedded.tomcat.TomcatWebServer - Tomcat started on port(s): 9999 (http) with context path '/wgcloud'
2024-04-18 17:41:08.125 [restartedMain] INFO  com.wgcloud.WgcloudServiceApplication - Started WgcloudServiceApplication in 4.388 seconds (JVM running for 5.978)
2024-04-18 17:41:16.647 [http-nio-9999-exec-6] INFO  o.a.c.c.C.[Tomcat].[localhost].[/wgcloud] - Initializing Spring DispatcherServlet 'dispatcherServlet'
2024-04-18 17:41:16.648 [http-nio-9999-exec-6] INFO  org.springframework.web.servlet.DispatcherServlet - Initializing Servlet 'dispatcherServlet'
2024-04-18 17:41:16.649 [http-nio-9999-exec-6] INFO  org.springframework.web.servlet.DispatcherServlet - Completed initialization in 1 ms
2024-04-18 17:41:22.763 [http-nio-9999-exec-5] WARN  com.zaxxer.hikari.HikariConfig - HikariPool-1 - idleTimeout has been set but has no effect because the pool is operating as a fixed size pool.
2024-04-18 17:41:22.764 [http-nio-9999-exec-5] INFO  com.zaxxer.hikari.HikariDataSource - HikariPool-1 - Starting...
2024-04-18 17:41:22.980 [http-nio-9999-exec-5] INFO  com.zaxxer.hikari.HikariDataSource - HikariPool-1 - Start completed.
2024-04-18 17:41:38.125 [taskScheduler-3] INFO  com.wgcloud.task.ScheduledTask - 批量提交监控数据任务开始----------2024-04-18 17:41:38
2024-04-18 17:41:38.127 [taskScheduler-3] INFO  com.wgcloud.task.ScheduledTask - 批量提交监控数据任务结束----------2024-04-18 17:41:38
2024-04-18 17:42:38.127 [taskScheduler-5] INFO  com.wgcloud.task.ScheduledTask - heathMonitorTask------------2024-04-18 17:42:38
2024-04-18 17:42:38.127 [taskScheduler-4] INFO  com.wgcloud.task.ScheduledTask - 批量提交监控数据任务开始----------2024-04-18 17:42:38
2024-04-18 17:42:38.128 [taskScheduler-4] INFO  com.wgcloud.task.ScheduledTask - 批量提交监控数据任务结束----------2024-04-18 17:42:38
2024-04-18 17:43:38.130 [taskScheduler-2] INFO  com.wgcloud.task.ScheduledTask - 批量提交监控数据任务开始----------2024-04-18 17:43:38
2024-04-18 17:43:38.130 [taskScheduler-2] INFO  com.wgcloud.task.ScheduledTask - 批量提交监控数据任务结束----------2024-04-18 17:43:38
2024-04-18 17:44:38.131 [taskScheduler-3] INFO  com.wgcloud.task.ScheduledTask - 批量提交监控数据任务开始----------2024-04-18 17:44:38
2024-04-18 17:44:38.131 [taskScheduler-3] INFO  com.wgcloud.task.ScheduledTask - 批量提交监控数据任务结束----------2024-04-18 17:44:38
2024-04-18 17:45:38.124 [taskScheduler-1] INFO  com.wgcloud.task.ScheduledTask - 批量提交监控数据任务开始----------2024-04-18 17:45:38
2024-04-18 17:45:38.125 [taskScheduler-1] INFO  com.wgcloud.task.ScheduledTask - 批量提交监控数据任务结束----------2024-04-18 17:45:38
2024-04-18 17:46:38.136 [taskScheduler-9] INFO  com.wgcloud.task.ScheduledTask - 批量提交监控数据任务开始----------2024-04-18 17:46:38
2024-04-18 17:46:38.136 [taskScheduler-9] INFO  com.wgcloud.task.ScheduledTask - 批量提交监控数据任务结束----------2024-04-18 17:46:38
2024-04-18 17:47:38.132 [taskScheduler-10] INFO  com.wgcloud.task.ScheduledTask - 批量提交监控数据任务开始----------2024-04-18 17:47:38
2024-04-18 17:47:38.132 [taskScheduler-10] INFO  com.wgcloud.task.ScheduledTask - 批量提交监控数据任务结束----------2024-04-18 17:47:38
2024-04-18 17:48:38.132 [taskScheduler-11] INFO  com.wgcloud.task.ScheduledTask - 批量提交监控数据任务开始----------2024-04-18 17:48:38
2024-04-18 17:48:38.132 [taskScheduler-11] INFO  com.wgcloud.task.ScheduledTask - 批量提交监控数据任务结束----------2024-04-18 17:48:38
2024-04-18 17:49:38.134 [taskScheduler-12] INFO  com.wgcloud.task.ScheduledTask - 批量提交监控数据任务开始----------2024-04-18 17:49:38
2024-04-18 17:49:38.134 [taskScheduler-12] INFO  com.wgcloud.task.ScheduledTask - 批量提交监控数据任务结束----------2024-04-18 17:49:38
2024-04-18 17:50:38.134 [taskScheduler-13] INFO  com.wgcloud.task.ScheduledTask - 批量提交监控数据任务开始----------2024-04-18 17:50:38
2024-04-18 17:50:38.134 [taskScheduler-13] INFO  com.wgcloud.task.ScheduledTask - 批量提交监控数据任务结束----------2024-04-18 17:50:38
2024-04-18 17:51:38.137 [taskScheduler-14] INFO  com.wgcloud.task.ScheduledTask - 批量提交监控数据任务开始----------2024-04-18 17:51:38
2024-04-18 17:51:38.137 [taskScheduler-14] INFO  com.wgcloud.task.ScheduledTask - 批量提交监控数据任务结束----------2024-04-18 17:51:38
2024-04-18 17:52:38.134 [taskScheduler-4] INFO  com.wgcloud.task.ScheduledTask - heathMonitorTask------------2024-04-18 17:52:38
2024-04-18 17:52:38.134 [taskScheduler-3] INFO  com.wgcloud.task.ScheduledTask - 批量提交监控数据任务开始----------2024-04-18 17:52:38
2024-04-18 17:52:38.134 [taskScheduler-3] INFO  com.wgcloud.task.ScheduledTask - 批量提交监控数据任务结束----------2024-04-18 17:52:38
2024-04-18 17:53:38.125 [taskScheduler-8] INFO  com.wgcloud.task.ScheduledTask - 批量提交监控数据任务开始----------2024-04-18 17:53:38
2024-04-18 17:53:38.125 [taskScheduler-8] INFO  com.wgcloud.task.ScheduledTask - 批量提交监控数据任务结束----------2024-04-18 17:53:38
2024-04-18 17:54:38.137 [taskScheduler-9] INFO  com.wgcloud.task.ScheduledTask - 批量提交监控数据任务开始----------2024-04-18 17:54:38
2024-04-18 17:54:38.137 [taskScheduler-9] INFO  com.wgcloud.task.ScheduledTask - 批量提交监控数据任务结束----------2024-04-18 17:54:38
2024-04-18 17:55:38.125 [taskScheduler-10] INFO  com.wgcloud.task.ScheduledTask - 批量提交监控数据任务开始----------2024-04-18 17:55:38
2024-04-18 17:55:38.125 [taskScheduler-10] INFO  com.wgcloud.task.ScheduledTask - 批量提交监控数据任务结束----------2024-04-18 17:55:38
2024-04-18 17:56:38.124 [taskScheduler-11] INFO  com.wgcloud.task.ScheduledTask - 批量提交监控数据任务开始----------2024-04-18 17:56:38
2024-04-18 17:56:38.124 [taskScheduler-11] INFO  com.wgcloud.task.ScheduledTask - 批量提交监控数据任务结束----------2024-04-18 17:56:38
2024-04-18 17:57:38.137 [taskScheduler-12] INFO  com.wgcloud.task.ScheduledTask - 批量提交监控数据任务开始----------2024-04-18 17:57:38
2024-04-18 17:57:38.137 [taskScheduler-12] INFO  com.wgcloud.task.ScheduledTask - 批量提交监控数据任务结束----------2024-04-18 17:57:38
2024-04-18 17:58:38.125 [taskScheduler-13] INFO  com.wgcloud.task.ScheduledTask - 批量提交监控数据任务开始----------2024-04-18 17:58:38
2024-04-18 17:58:38.125 [taskScheduler-13] INFO  com.wgcloud.task.ScheduledTask - 批量提交监控数据任务结束----------2024-04-18 17:58:38
2024-04-18 17:59:38.135 [taskScheduler-14] INFO  com.wgcloud.task.ScheduledTask - 批量提交监控数据任务开始----------2024-04-18 17:59:38
2024-04-18 17:59:38.135 [taskScheduler-14] INFO  com.wgcloud.task.ScheduledTask - 批量提交监控数据任务结束----------2024-04-18 17:59:38
2024-04-18 18:00:38.136 [taskScheduler-5] INFO  com.wgcloud.task.ScheduledTask - 批量提交监控数据任务开始----------2024-04-18 18:00:38
2024-04-18 18:00:38.137 [taskScheduler-5] INFO  com.wgcloud.task.ScheduledTask - 批量提交监控数据任务结束----------2024-04-18 18:00:38
2024-04-18 18:01:38.128 [taskScheduler-1] INFO  com.wgcloud.task.ScheduledTask - 批量提交监控数据任务开始----------2024-04-18 18:01:38
2024-04-18 18:01:38.128 [taskScheduler-1] INFO  com.wgcloud.task.ScheduledTask - 批量提交监控数据任务结束----------2024-04-18 18:01:38
2024-04-18 18:02:38.131 [taskScheduler-19] INFO  com.wgcloud.task.ScheduledTask - heathMonitorTask------------2024-04-18 18:02:38
2024-04-18 18:02:38.131 [taskScheduler-18] INFO  com.wgcloud.task.ScheduledTask - 批量提交监控数据任务开始----------2024-04-18 18:02:38
2024-04-18 18:02:38.131 [taskScheduler-18] INFO  com.wgcloud.task.ScheduledTask - 批量提交监控数据任务结束----------2024-04-18 18:02:38
2024-04-18 18:03:38.125 [taskScheduler-3] INFO  com.wgcloud.task.ScheduledTask - 批量提交监控数据任务开始----------2024-04-18 18:03:38
2024-04-18 18:03:38.125 [taskScheduler-3] INFO  com.wgcloud.task.ScheduledTask - 批量提交监控数据任务结束----------2024-04-18 18:03:38
2024-04-18 18:04:38.136 [taskScheduler-4] INFO  com.wgcloud.task.ScheduledTask - 批量提交监控数据任务开始----------2024-04-18 18:04:38
2024-04-18 18:04:38.136 [taskScheduler-4] INFO  com.wgcloud.task.ScheduledTask - 批量提交监控数据任务结束----------2024-04-18 18:04:38
2024-04-18 18:05:38.125 [taskScheduler-8] INFO  com.wgcloud.task.ScheduledTask - 批量提交监控数据任务开始----------2024-04-18 18:05:38
2024-04-18 18:05:38.125 [taskScheduler-8] INFO  com.wgcloud.task.ScheduledTask - 批量提交监控数据任务结束----------2024-04-18 18:05:38
2024-04-18 18:06:38.130 [taskScheduler-24] INFO  com.wgcloud.task.ScheduledTask - 批量提交监控数据任务开始----------2024-04-18 18:06:38
2024-04-18 18:06:38.130 [taskScheduler-24] INFO  com.wgcloud.task.ScheduledTask - 批量提交监控数据任务结束----------2024-04-18 18:06:38
2024-04-18 18:07:38.123 [taskScheduler-25] INFO  com.wgcloud.task.ScheduledTask - 批量提交监控数据任务开始----------2024-04-18 18:07:38
2024-04-18 18:07:38.123 [taskScheduler-25] INFO  com.wgcloud.task.ScheduledTask - 批量提交监控数据任务结束----------2024-04-18 18:07:38
2024-04-18 18:08:38.128 [taskScheduler-26] INFO  com.wgcloud.task.ScheduledTask - 批量提交监控数据任务开始----------2024-04-18 18:08:38
2024-04-18 18:08:38.128 [taskScheduler-26] INFO  com.wgcloud.task.ScheduledTask - 批量提交监控数据任务结束----------2024-04-18 18:08:38
2024-04-18 18:09:38.125 [taskScheduler-27] INFO  com.wgcloud.task.ScheduledTask - 批量提交监控数据任务开始----------2024-04-18 18:09:38
2024-04-18 18:09:38.125 [taskScheduler-27] INFO  com.wgcloud.task.ScheduledTask - 批量提交监控数据任务结束----------2024-04-18 18:09:38
2024-04-18 18:10:38.134 [taskScheduler-28] INFO  com.wgcloud.task.ScheduledTask - 批量提交监控数据任务开始----------2024-04-18 18:10:38
2024-04-18 18:10:38.135 [taskScheduler-28] INFO  com.wgcloud.task.ScheduledTask - 批量提交监控数据任务结束----------2024-04-18 18:10:38
2024-04-18 18:11:38.130 [taskScheduler-29] INFO  com.wgcloud.task.ScheduledTask - 批量提交监控数据任务开始----------2024-04-18 18:11:38
2024-04-18 18:11:38.130 [taskScheduler-29] INFO  com.wgcloud.task.ScheduledTask - 批量提交监控数据任务结束----------2024-04-18 18:11:38
2024-04-18 18:12:38.136 [taskScheduler-14] INFO  com.wgcloud.task.ScheduledTask - heathMonitorTask------------2024-04-18 18:12:38
2024-04-18 18:12:38.136 [taskScheduler-11] INFO  com.wgcloud.task.ScheduledTask - 批量提交监控数据任务开始----------2024-04-18 18:12:38
2024-04-18 18:12:38.136 [taskScheduler-11] INFO  com.wgcloud.task.ScheduledTask - 批量提交监控数据任务结束----------2024-04-18 18:12:38
2024-04-18 18:13:38.135 [taskScheduler-5] INFO  com.wgcloud.task.ScheduledTask - 批量提交监控数据任务开始----------2024-04-18 18:13:38
2024-04-18 18:13:38.135 [taskScheduler-5] INFO  com.wgcloud.task.ScheduledTask - 批量提交监控数据任务结束----------2024-04-18 18:13:38
2024-04-18 18:14:38.126 [taskScheduler-1] INFO  com.wgcloud.task.ScheduledTask - 批量提交监控数据任务开始----------2024-04-18 18:14:38
2024-04-18 18:14:38.126 [taskScheduler-1] INFO  com.wgcloud.task.ScheduledTask - 批量提交监控数据任务结束----------2024-04-18 18:14:38
2024-04-18 18:15:38.136 [taskScheduler-15] INFO  com.wgcloud.task.ScheduledTask - 批量提交监控数据任务开始----------2024-04-18 18:15:38
2024-04-18 18:15:38.136 [taskScheduler-15] INFO  com.wgcloud.task.ScheduledTask - 批量提交监控数据任务结束----------2024-04-18 18:15:38
2024-04-18 18:16:38.133 [taskScheduler-2] INFO  com.wgcloud.task.ScheduledTask - 批量提交监控数据任务开始----------2024-04-18 18:16:38
2024-04-18 18:16:38.133 [taskScheduler-2] INFO  com.wgcloud.task.ScheduledTask - 批量提交监控数据任务结束----------2024-04-18 18:16:38
2024-04-18 18:17:38.131 [taskScheduler-21] INFO  com.wgcloud.task.ScheduledTask - 批量提交监控数据任务开始----------2024-04-18 18:17:38
2024-04-18 18:17:38.131 [taskScheduler-21] INFO  com.wgcloud.task.ScheduledTask - 批量提交监控数据任务结束----------2024-04-18 18:17:38
2024-04-18 18:18:38.128 [taskScheduler-21] INFO  com.wgcloud.task.ScheduledTask - 批量提交监控数据任务开始----------2024-04-18 18:18:38
2024-04-18 18:18:38.128 [taskScheduler-21] INFO  com.wgcloud.task.ScheduledTask - 批量提交监控数据任务结束----------2024-04-18 18:18:38
2024-04-18 18:19:38.137 [taskScheduler-21] INFO  com.wgcloud.task.ScheduledTask - 批量提交监控数据任务开始----------2024-04-18 18:19:38
2024-04-18 18:19:38.137 [taskScheduler-21] INFO  com.wgcloud.task.ScheduledTask - 批量提交监控数据任务结束----------2024-04-18 18:19:38
2024-04-18 18:20:38.131 [taskScheduler-21] INFO  com.wgcloud.task.ScheduledTask - 批量提交监控数据任务开始----------2024-04-18 18:20:38
2024-04-18 18:20:38.131 [taskScheduler-21] INFO  com.wgcloud.task.ScheduledTask - 批量提交监控数据任务结束----------2024-04-18 18:20:38
2024-04-18 18:21:38.132 [taskScheduler-21] INFO  com.wgcloud.task.ScheduledTask - 批量提交监控数据任务开始----------2024-04-18 18:21:38
2024-04-18 18:21:38.132 [taskScheduler-21] INFO  com.wgcloud.task.ScheduledTask - 批量提交监控数据任务结束----------2024-04-18 18:21:38
2024-04-18 18:22:38.123 [taskScheduler-19] INFO  com.wgcloud.task.ScheduledTask - heathMonitorTask------------2024-04-18 18:22:38
2024-04-18 18:22:38.123 [taskScheduler-4] INFO  com.wgcloud.task.ScheduledTask - 批量提交监控数据任务开始----------2024-04-18 18:22:38
2024-04-18 18:22:38.123 [taskScheduler-4] INFO  com.wgcloud.task.ScheduledTask - 批量提交监控数据任务结束----------2024-04-18 18:22:38
2024-04-18 18:23:38.123 [taskScheduler-4] INFO  com.wgcloud.task.ScheduledTask - 批量提交监控数据任务开始----------2024-04-18 18:23:38
2024-04-18 18:23:38.123 [taskScheduler-4] INFO  com.wgcloud.task.ScheduledTask - 批量提交监控数据任务结束----------2024-04-18 18:23:38
2024-04-18 18:24:38.123 [taskScheduler-4] INFO  com.wgcloud.task.ScheduledTask - 批量提交监控数据任务开始----------2024-04-18 18:24:38
2024-04-18 18:24:38.123 [taskScheduler-4] INFO  com.wgcloud.task.ScheduledTask - 批量提交监控数据任务结束----------2024-04-18 18:24:38
2024-04-18 18:25:38.129 [taskScheduler-4] INFO  com.wgcloud.task.ScheduledTask - 批量提交监控数据任务开始----------2024-04-18 18:25:38
2024-04-18 18:25:38.129 [taskScheduler-4] INFO  com.wgcloud.task.ScheduledTask - 批量提交监控数据任务结束----------2024-04-18 18:25:38
2024-04-18 18:26:38.134 [taskScheduler-21] INFO  com.wgcloud.task.ScheduledTask - 批量提交监控数据任务开始----------2024-04-18 18:26:38
2024-04-18 18:26:38.134 [taskScheduler-21] INFO  com.wgcloud.task.ScheduledTask - 批量提交监控数据任务结束----------2024-04-18 18:26:38
2024-04-18 18:27:38.125 [taskScheduler-21] INFO  com.wgcloud.task.ScheduledTask - 批量提交监控数据任务开始----------2024-04-18 18:27:38
2024-04-18 18:27:38.125 [taskScheduler-21] INFO  com.wgcloud.task.ScheduledTask - 批量提交监控数据任务结束----------2024-04-18 18:27:38
2024-04-18 18:28:38.138 [taskScheduler-21] INFO  com.wgcloud.task.ScheduledTask - 批量提交监控数据任务开始----------2024-04-18 18:28:38
2024-04-18 18:28:38.138 [taskScheduler-21] INFO  com.wgcloud.task.ScheduledTask - 批量提交监控数据任务结束----------2024-04-18 18:28:38
2024-04-18 18:29:38.143 [taskScheduler-21] INFO  com.wgcloud.task.ScheduledTask - 批量提交监控数据任务开始----------2024-04-18 18:29:38
2024-04-18 18:29:38.144 [taskScheduler-21] INFO  com.wgcloud.task.ScheduledTask - 批量提交监控数据任务结束----------2024-04-18 18:29:38
2024-04-18 18:30:38.123 [taskScheduler-21] INFO  com.wgcloud.task.ScheduledTask - 批量提交监控数据任务开始----------2024-04-18 18:30:38
2024-04-18 18:30:38.123 [taskScheduler-21] INFO  com.wgcloud.task.ScheduledTask - 批量提交监控数据任务结束----------2024-04-18 18:30:38
2024-04-18 18:31:38.129 [taskScheduler-21] INFO  com.wgcloud.task.ScheduledTask - 批量提交监控数据任务开始----------2024-04-18 18:31:38
2024-04-18 18:31:38.129 [taskScheduler-21] INFO  com.wgcloud.task.ScheduledTask - 批量提交监控数据任务结束----------2024-04-18 18:31:38
2024-04-18 18:32:38.134 [taskScheduler-21] INFO  com.wgcloud.task.ScheduledTask - heathMonitorTask------------2024-04-18 18:32:38
2024-04-18 18:32:38.134 [taskScheduler-44] INFO  com.wgcloud.task.ScheduledTask - 批量提交监控数据任务开始----------2024-04-18 18:32:38
2024-04-18 18:32:38.134 [taskScheduler-44] INFO  com.wgcloud.task.ScheduledTask - 批量提交监控数据任务结束----------2024-04-18 18:32:38
2024-04-18 18:33:38.125 [taskScheduler-44] INFO  com.wgcloud.task.ScheduledTask - 批量提交监控数据任务开始----------2024-04-18 18:33:38
2024-04-18 18:33:38.125 [taskScheduler-44] INFO  com.wgcloud.task.ScheduledTask - 批量提交监控数据任务结束----------2024-04-18 18:33:38
2024-04-18 18:34:38.135 [taskScheduler-44] INFO  com.wgcloud.task.ScheduledTask - 批量提交监控数据任务开始----------2024-04-18 18:34:38
2024-04-18 18:34:38.135 [taskScheduler-44] INFO  com.wgcloud.task.ScheduledTask - 批量提交监控数据任务结束----------2024-04-18 18:34:38
2024-04-18 18:35:38.136 [taskScheduler-44] INFO  com.wgcloud.task.ScheduledTask - 批量提交监控数据任务开始----------2024-04-18 18:35:38
2024-04-18 18:35:38.136 [taskScheduler-44] INFO  com.wgcloud.task.ScheduledTask - 批量提交监控数据任务结束----------2024-04-18 18:35:38
2024-04-18 18:36:38.131 [taskScheduler-44] INFO  com.wgcloud.task.ScheduledTask - 批量提交监控数据任务开始----------2024-04-18 18:36:38
2024-04-18 18:36:38.131 [taskScheduler-44] INFO  com.wgcloud.task.ScheduledTask - 批量提交监控数据任务结束----------2024-04-18 18:36:38
2024-04-18 18:37:38.123 [taskScheduler-44] INFO  com.wgcloud.task.ScheduledTask - 批量提交监控数据任务开始----------2024-04-18 18:37:38
2024-04-18 18:37:38.123 [taskScheduler-44] INFO  com.wgcloud.task.ScheduledTask - 批量提交监控数据任务结束----------2024-04-18 18:37:38
2024-04-18 18:38:38.126 [taskScheduler-44] INFO  com.wgcloud.task.ScheduledTask - 批量提交监控数据任务开始----------2024-04-18 18:38:38
2024-04-18 18:38:38.126 [taskScheduler-44] INFO  com.wgcloud.task.ScheduledTask - 批量提交监控数据任务结束----------2024-04-18 18:38:38
2024-04-18 18:39:38.125 [taskScheduler-44] INFO  com.wgcloud.task.ScheduledTask - 批量提交监控数据任务开始----------2024-04-18 18:39:38
2024-04-18 18:39:38.125 [taskScheduler-44] INFO  com.wgcloud.task.ScheduledTask - 批量提交监控数据任务结束----------2024-04-18 18:39:38
2024-04-18 18:40:38.137 [taskScheduler-44] INFO  com.wgcloud.task.ScheduledTask - 批量提交监控数据任务开始----------2024-04-18 18:40:38
2024-04-18 18:40:38.137 [taskScheduler-44] INFO  com.wgcloud.task.ScheduledTask - 批量提交监控数据任务结束----------2024-04-18 18:40:38
2024-04-18 18:41:38.122 [taskScheduler-44] INFO  com.wgcloud.task.ScheduledTask - 批量提交监控数据任务开始----------2024-04-18 18:41:38
2024-04-18 18:41:38.122 [taskScheduler-44] INFO  com.wgcloud.task.ScheduledTask - 批量提交监控数据任务结束----------2024-04-18 18:41:38
2024-04-18 18:42:38.126 [taskScheduler-44] INFO  com.wgcloud.task.ScheduledTask - 批量提交监控数据任务开始----------2024-04-18 18:42:38
2024-04-18 18:42:38.126 [taskScheduler-36] INFO  com.wgcloud.task.ScheduledTask - heathMonitorTask------------2024-04-18 18:42:38
2024-04-18 18:42:38.126 [taskScheduler-44] INFO  com.wgcloud.task.ScheduledTask - 批量提交监控数据任务结束----------2024-04-18 18:42:38
2024-04-18 18:43:38.127 [taskScheduler-44] INFO  com.wgcloud.task.ScheduledTask - 批量提交监控数据任务开始----------2024-04-18 18:43:38
2024-04-18 18:43:38.127 [taskScheduler-44] INFO  com.wgcloud.task.ScheduledTask - 批量提交监控数据任务结束----------2024-04-18 18:43:38
2024-04-18 18:44:38.123 [taskScheduler-44] INFO  com.wgcloud.task.ScheduledTask - 批量提交监控数据任务开始----------2024-04-18 18:44:38
2024-04-18 18:44:38.123 [taskScheduler-44] INFO  com.wgcloud.task.ScheduledTask - 批量提交监控数据任务结束----------2024-04-18 18:44:38
2024-04-18 18:45:38.123 [taskScheduler-44] INFO  com.wgcloud.task.ScheduledTask - 批量提交监控数据任务开始----------2024-04-18 18:45:38
2024-04-18 18:45:38.123 [taskScheduler-44] INFO  com.wgcloud.task.ScheduledTask - 批量提交监控数据任务结束----------2024-04-18 18:45:38
2024-04-18 18:46:38.124 [taskScheduler-8] INFO  com.wgcloud.task.ScheduledTask - 批量提交监控数据任务开始----------2024-04-18 18:46:38
2024-04-18 18:46:38.124 [taskScheduler-8] INFO  com.wgcloud.task.ScheduledTask - 批量提交监控数据任务结束----------2024-04-18 18:46:38
2024-04-18 18:47:38.136 [taskScheduler-8] INFO  com.wgcloud.task.ScheduledTask - 批量提交监控数据任务开始----------2024-04-18 18:47:38
2024-04-18 18:47:38.136 [taskScheduler-8] INFO  com.wgcloud.task.ScheduledTask - 批量提交监控数据任务结束----------2024-04-18 18:47:38
2024-04-18 18:48:38.135 [taskScheduler-8] INFO  com.wgcloud.task.ScheduledTask - 批量提交监控数据任务开始----------2024-04-18 18:48:38
2024-04-18 18:48:38.135 [taskScheduler-8] INFO  com.wgcloud.task.ScheduledTask - 批量提交监控数据任务结束----------2024-04-18 18:48:38
2024-04-18 18:49:38.137 [taskScheduler-8] INFO  com.wgcloud.task.ScheduledTask - 批量提交监控数据任务开始----------2024-04-18 18:49:38
2024-04-18 18:49:38.137 [taskScheduler-8] INFO  com.wgcloud.task.ScheduledTask - 批量提交监控数据任务结束----------2024-04-18 18:49:38
2024-04-18 18:50:38.134 [taskScheduler-8] INFO  com.wgcloud.task.ScheduledTask - 批量提交监控数据任务开始----------2024-04-18 18:50:38
2024-04-18 18:50:38.134 [taskScheduler-8] INFO  com.wgcloud.task.ScheduledTask - 批量提交监控数据任务结束----------2024-04-18 18:50:38
2024-04-18 18:51:38.123 [taskScheduler-8] INFO  com.wgcloud.task.ScheduledTask - 批量提交监控数据任务开始----------2024-04-18 18:51:38
2024-04-18 18:51:38.123 [taskScheduler-8] INFO  com.wgcloud.task.ScheduledTask - 批量提交监控数据任务结束----------2024-04-18 18:51:38
2024-04-18 18:52:38.125 [taskScheduler-39] INFO  com.wgcloud.task.ScheduledTask - heathMonitorTask------------2024-04-18 18:52:38
2024-04-18 18:52:38.125 [taskScheduler-4] INFO  com.wgcloud.task.ScheduledTask - 批量提交监控数据任务开始----------2024-04-18 18:52:38
2024-04-18 18:52:38.125 [taskScheduler-4] INFO  com.wgcloud.task.ScheduledTask - 批量提交监控数据任务结束----------2024-04-18 18:52:38
2024-04-18 18:53:38.130 [taskScheduler-4] INFO  com.wgcloud.task.ScheduledTask - 批量提交监控数据任务开始----------2024-04-18 18:53:38
2024-04-18 18:53:38.130 [taskScheduler-4] INFO  com.wgcloud.task.ScheduledTask - 批量提交监控数据任务结束----------2024-04-18 18:53:38
2024-04-18 18:54:38.131 [taskScheduler-4] INFO  com.wgcloud.task.ScheduledTask - 批量提交监控数据任务开始----------2024-04-18 18:54:38
2024-04-18 18:54:38.131 [taskScheduler-4] INFO  com.wgcloud.task.ScheduledTask - 批量提交监控数据任务结束----------2024-04-18 18:54:38
2024-04-18 18:55:38.133 [taskScheduler-4] INFO  com.wgcloud.task.ScheduledTask - 批量提交监控数据任务开始----------2024-04-18 18:55:38
2024-04-18 18:55:38.133 [taskScheduler-4] INFO  com.wgcloud.task.ScheduledTask - 批量提交监控数据任务结束----------2024-04-18 18:55:38
2024-04-18 18:56:38.135 [taskScheduler-4] INFO  com.wgcloud.task.ScheduledTask - 批量提交监控数据任务开始----------2024-04-18 18:56:38
2024-04-18 18:56:38.135 [taskScheduler-4] INFO  com.wgcloud.task.ScheduledTask - 批量提交监控数据任务结束----------2024-04-18 18:56:38
2024-04-18 18:57:38.126 [taskScheduler-4] INFO  com.wgcloud.task.ScheduledTask - 批量提交监控数据任务开始----------2024-04-18 18:57:38
2024-04-18 18:57:38.126 [taskScheduler-4] INFO  com.wgcloud.task.ScheduledTask - 批量提交监控数据任务结束----------2024-04-18 18:57:38
2024-04-18 18:58:38.129 [taskScheduler-4] INFO  com.wgcloud.task.ScheduledTask - 批量提交监控数据任务开始----------2024-04-18 18:58:38
2024-04-18 18:58:38.129 [taskScheduler-4] INFO  com.wgcloud.task.ScheduledTask - 批量提交监控数据任务结束----------2024-04-18 18:58:38
2024-04-18 18:59:38.123 [taskScheduler-4] INFO  com.wgcloud.task.ScheduledTask - 批量提交监控数据任务开始----------2024-04-18 18:59:38
2024-04-18 18:59:38.123 [taskScheduler-4] INFO  com.wgcloud.task.ScheduledTask - 批量提交监控数据任务结束----------2024-04-18 18:59:38
2024-04-18 19:00:38.137 [taskScheduler-4] INFO  com.wgcloud.task.ScheduledTask - 批量提交监控数据任务开始----------2024-04-18 19:00:38
2024-04-18 19:00:38.137 [taskScheduler-4] INFO  com.wgcloud.task.ScheduledTask - 批量提交监控数据任务结束----------2024-04-18 19:00:38
2024-04-18 19:01:38.131 [taskScheduler-4] INFO  com.wgcloud.task.ScheduledTask - 批量提交监控数据任务开始----------2024-04-18 19:01:38
2024-04-18 19:01:38.131 [taskScheduler-4] INFO  com.wgcloud.task.ScheduledTask - 批量提交监控数据任务结束----------2024-04-18 19:01:38
2024-04-18 19:02:38.132 [taskScheduler-26] INFO  com.wgcloud.task.ScheduledTask - 批量提交监控数据任务开始----------2024-04-18 19:02:38
2024-04-18 19:02:38.132 [taskScheduler-21] INFO  com.wgcloud.task.ScheduledTask - heathMonitorTask------------2024-04-18 19:02:38
2024-04-18 19:02:38.132 [taskScheduler-26] INFO  com.wgcloud.task.ScheduledTask - 批量提交监控数据任务结束----------2024-04-18 19:02:38
2024-04-18 19:03:38.127 [taskScheduler-26] INFO  com.wgcloud.task.ScheduledTask - 批量提交监控数据任务开始----------2024-04-18 19:03:38
2024-04-18 19:03:38.127 [taskScheduler-26] INFO  com.wgcloud.task.ScheduledTask - 批量提交监控数据任务结束----------2024-04-18 19:03:38
2024-04-18 19:04:38.123 [taskScheduler-26] INFO  com.wgcloud.task.ScheduledTask - 批量提交监控数据任务开始----------2024-04-18 19:04:38
2024-04-18 19:04:38.123 [taskScheduler-26] INFO  com.wgcloud.task.ScheduledTask - 批量提交监控数据任务结束----------2024-04-18 19:04:38
2024-04-18 19:05:38.132 [taskScheduler-26] INFO  com.wgcloud.task.ScheduledTask - 批量提交监控数据任务开始----------2024-04-18 19:05:38
2024-04-18 19:05:38.132 [taskScheduler-26] INFO  com.wgcloud.task.ScheduledTask - 批量提交监控数据任务结束----------2024-04-18 19:05:38
2024-04-18 19:06:38.130 [taskScheduler-35] INFO  com.wgcloud.task.ScheduledTask - 批量提交监控数据任务开始----------2024-04-18 19:06:38
2024-04-18 19:06:38.130 [taskScheduler-35] INFO  com.wgcloud.task.ScheduledTask - 批量提交监控数据任务结束----------2024-04-18 19:06:38
2024-04-18 19:07:38.136 [taskScheduler-35] INFO  com.wgcloud.task.ScheduledTask - 批量提交监控数据任务开始----------2024-04-18 19:07:38
2024-04-18 19:07:38.136 [taskScheduler-35] INFO  com.wgcloud.task.ScheduledTask - 批量提交监控数据任务结束----------2024-04-18 19:07:38
2024-04-18 19:08:38.131 [taskScheduler-35] INFO  com.wgcloud.task.ScheduledTask - 批量提交监控数据任务开始----------2024-04-18 19:08:38
2024-04-18 19:08:38.131 [taskScheduler-35] INFO  com.wgcloud.task.ScheduledTask - 批量提交监控数据任务结束----------2024-04-18 19:08:38
2024-04-18 19:09:38.127 [taskScheduler-35] INFO  com.wgcloud.task.ScheduledTask - 批量提交监控数据任务开始----------2024-04-18 19:09:38
2024-04-18 19:09:38.127 [taskScheduler-35] INFO  com.wgcloud.task.ScheduledTask - 批量提交监控数据任务结束----------2024-04-18 19:09:38
2024-04-18 19:10:38.125 [taskScheduler-35] INFO  com.wgcloud.task.ScheduledTask - 批量提交监控数据任务开始----------2024-04-18 19:10:38
2024-04-18 19:10:38.125 [taskScheduler-35] INFO  com.wgcloud.task.ScheduledTask - 批量提交监控数据任务结束----------2024-04-18 19:10:38
2024-04-18 19:11:38.125 [taskScheduler-35] INFO  com.wgcloud.task.ScheduledTask - 批量提交监控数据任务开始----------2024-04-18 19:11:38
2024-04-18 19:11:38.125 [taskScheduler-35] INFO  com.wgcloud.task.ScheduledTask - 批量提交监控数据任务结束----------2024-04-18 19:11:38
2024-04-18 19:12:38.125 [taskScheduler-3] INFO  com.wgcloud.task.ScheduledTask - heathMonitorTask------------2024-04-18 19:12:38
2024-04-18 19:12:38.125 [taskScheduler-50] INFO  com.wgcloud.task.ScheduledTask - 批量提交监控数据任务开始----------2024-04-18 19:12:38
2024-04-18 19:12:38.126 [taskScheduler-50] INFO  com.wgcloud.task.ScheduledTask - 批量提交监控数据任务结束----------2024-04-18 19:12:38
2024-04-18 19:13:38.136 [taskScheduler-50] INFO  com.wgcloud.task.ScheduledTask - 批量提交监控数据任务开始----------2024-04-18 19:13:38
2024-04-18 19:13:38.136 [taskScheduler-50] INFO  com.wgcloud.task.ScheduledTask - 批量提交监控数据任务结束----------2024-04-18 19:13:38
2024-04-18 19:14:38.125 [taskScheduler-50] INFO  com.wgcloud.task.ScheduledTask - 批量提交监控数据任务开始----------2024-04-18 19:14:38
2024-04-18 19:14:38.125 [taskScheduler-50] INFO  com.wgcloud.task.ScheduledTask - 批量提交监控数据任务结束----------2024-04-18 19:14:38
2024-04-18 19:15:38.123 [taskScheduler-50] INFO  com.wgcloud.task.ScheduledTask - 批量提交监控数据任务开始----------2024-04-18 19:15:38
2024-04-18 19:15:38.123 [taskScheduler-50] INFO  com.wgcloud.task.ScheduledTask - 批量提交监控数据任务结束----------2024-04-18 19:15:38
2024-04-18 19:16:38.131 [taskScheduler-50] INFO  com.wgcloud.task.ScheduledTask - 批量提交监控数据任务开始----------2024-04-18 19:16:38
2024-04-18 19:16:38.131 [taskScheduler-50] INFO  com.wgcloud.task.ScheduledTask - 批量提交监控数据任务结束----------2024-04-18 19:16:38
2024-04-18 19:17:38.136 [taskScheduler-50] INFO  com.wgcloud.task.ScheduledTask - 批量提交监控数据任务开始----------2024-04-18 19:17:38
2024-04-18 19:17:38.136 [taskScheduler-50] INFO  com.wgcloud.task.ScheduledTask - 批量提交监控数据任务结束----------2024-04-18 19:17:38
2024-04-18 19:18:38.124 [taskScheduler-50] INFO  com.wgcloud.task.ScheduledTask - 批量提交监控数据任务开始----------2024-04-18 19:18:38
2024-04-18 19:18:38.124 [taskScheduler-50] INFO  com.wgcloud.task.ScheduledTask - 批量提交监控数据任务结束----------2024-04-18 19:18:38
2024-04-18 19:19:38.124 [taskScheduler-50] INFO  com.wgcloud.task.ScheduledTask - 批量提交监控数据任务开始----------2024-04-18 19:19:38
2024-04-18 19:19:38.124 [taskScheduler-50] INFO  com.wgcloud.task.ScheduledTask - 批量提交监控数据任务结束----------2024-04-18 19:19:38
2024-04-18 19:20:38.137 [taskScheduler-50] INFO  com.wgcloud.task.ScheduledTask - 批量提交监控数据任务开始----------2024-04-18 19:20:38
2024-04-18 19:20:38.137 [taskScheduler-50] INFO  com.wgcloud.task.ScheduledTask - 批量提交监控数据任务结束----------2024-04-18 19:20:38
2024-04-18 19:21:38.136 [taskScheduler-50] INFO  com.wgcloud.task.ScheduledTask - 批量提交监控数据任务开始----------2024-04-18 19:21:38
2024-04-18 19:21:38.136 [taskScheduler-50] INFO  com.wgcloud.task.ScheduledTask - 批量提交监控数据任务结束----------2024-04-18 19:21:38
2024-04-18 19:22:38.130 [taskScheduler-50] INFO  com.wgcloud.task.ScheduledTask - heathMonitorTask------------2024-04-18 19:22:38
2024-04-18 19:22:38.130 [taskScheduler-42] INFO  com.wgcloud.task.ScheduledTask - 批量提交监控数据任务开始----------2024-04-18 19:22:38
2024-04-18 19:22:38.130 [taskScheduler-42] INFO  com.wgcloud.task.ScheduledTask - 批量提交监控数据任务结束----------2024-04-18 19:22:38
2024-04-18 19:23:38.124 [taskScheduler-42] INFO  com.wgcloud.task.ScheduledTask - 批量提交监控数据任务开始----------2024-04-18 19:23:38
2024-04-18 19:23:38.124 [taskScheduler-42] INFO  com.wgcloud.task.ScheduledTask - 批量提交监控数据任务结束----------2024-04-18 19:23:38
2024-04-18 19:24:38.137 [taskScheduler-42] INFO  com.wgcloud.task.ScheduledTask - 批量提交监控数据任务开始----------2024-04-18 19:24:38
2024-04-18 19:24:38.137 [taskScheduler-42] INFO  com.wgcloud.task.ScheduledTask - 批量提交监控数据任务结束----------2024-04-18 19:24:38
2024-04-18 19:25:38.128 [taskScheduler-42] INFO  com.wgcloud.task.ScheduledTask - 批量提交监控数据任务开始----------2024-04-18 19:25:38
2024-04-18 19:25:38.128 [taskScheduler-42] INFO  com.wgcloud.task.ScheduledTask - 批量提交监控数据任务结束----------2024-04-18 19:25:38
2024-04-18 19:26:38.130 [taskScheduler-14] INFO  com.wgcloud.task.ScheduledTask - 批量提交监控数据任务开始----------2024-04-18 19:26:38
2024-04-18 19:26:38.130 [taskScheduler-14] INFO  com.wgcloud.task.ScheduledTask - 批量提交监控数据任务结束----------2024-04-18 19:26:38
2024-04-18 19:27:38.125 [taskScheduler-14] INFO  com.wgcloud.task.ScheduledTask - 批量提交监控数据任务开始----------2024-04-18 19:27:38
2024-04-18 19:27:38.125 [taskScheduler-14] INFO  com.wgcloud.task.ScheduledTask - 批量提交监控数据任务结束----------2024-04-18 19:27:38
2024-04-18 19:28:38.137 [taskScheduler-14] INFO  com.wgcloud.task.ScheduledTask - 批量提交监控数据任务开始----------2024-04-18 19:28:38
2024-04-18 19:28:38.137 [taskScheduler-14] INFO  com.wgcloud.task.ScheduledTask - 批量提交监控数据任务结束----------2024-04-18 19:28:38
2024-04-18 19:29:38.135 [taskScheduler-14] INFO  com.wgcloud.task.ScheduledTask - 批量提交监控数据任务开始----------2024-04-18 19:29:38
2024-04-18 19:29:38.135 [taskScheduler-14] INFO  com.wgcloud.task.ScheduledTask - 批量提交监控数据任务结束----------2024-04-18 19:29:38
2024-04-18 19:30:38.135 [taskScheduler-14] INFO  com.wgcloud.task.ScheduledTask - 批量提交监控数据任务开始----------2024-04-18 19:30:38
2024-04-18 19:30:38.135 [taskScheduler-14] INFO  com.wgcloud.task.ScheduledTask - 批量提交监控数据任务结束----------2024-04-18 19:30:38
2024-04-18 19:31:38.129 [taskScheduler-14] INFO  com.wgcloud.task.ScheduledTask - 批量提交监控数据任务开始----------2024-04-18 19:31:38
2024-04-18 19:31:38.129 [taskScheduler-14] INFO  com.wgcloud.task.ScheduledTask - 批量提交监控数据任务结束----------2024-04-18 19:31:38
2024-04-18 19:32:38.133 [taskScheduler-1] INFO  com.wgcloud.task.ScheduledTask - 批量提交监控数据任务开始----------2024-04-18 19:32:38
2024-04-18 19:32:38.133 [taskScheduler-26] INFO  com.wgcloud.task.ScheduledTask - heathMonitorTask------------2024-04-18 19:32:38
2024-04-18 19:32:38.133 [taskScheduler-1] INFO  com.wgcloud.task.ScheduledTask - 批量提交监控数据任务结束----------2024-04-18 19:32:38
2024-04-18 19:33:38.135 [taskScheduler-1] INFO  com.wgcloud.task.ScheduledTask - 批量提交监控数据任务开始----------2024-04-18 19:33:38
2024-04-18 19:33:38.135 [taskScheduler-1] INFO  com.wgcloud.task.ScheduledTask - 批量提交监控数据任务结束----------2024-04-18 19:33:38
2024-04-18 19:34:38.123 [taskScheduler-1] INFO  com.wgcloud.task.ScheduledTask - 批量提交监控数据任务开始----------2024-04-18 19:34:38
2024-04-18 19:34:38.123 [taskScheduler-1] INFO  com.wgcloud.task.ScheduledTask - 批量提交监控数据任务结束----------2024-04-18 19:34:38
2024-04-18 19:35:38.134 [taskScheduler-1] INFO  com.wgcloud.task.ScheduledTask - 批量提交监控数据任务开始----------2024-04-18 19:35:38
2024-04-18 19:35:38.134 [taskScheduler-1] INFO  com.wgcloud.task.ScheduledTask - 批量提交监控数据任务结束----------2024-04-18 19:35:38
2024-04-18 19:36:38.126 [taskScheduler-1] INFO  com.wgcloud.task.ScheduledTask - 批量提交监控数据任务开始----------2024-04-18 19:36:38
2024-04-18 19:36:38.126 [taskScheduler-1] INFO  com.wgcloud.task.ScheduledTask - 批量提交监控数据任务结束----------2024-04-18 19:36:38
2024-04-18 19:37:38.130 [taskScheduler-1] INFO  com.wgcloud.task.ScheduledTask - 批量提交监控数据任务开始----------2024-04-18 19:37:38
2024-04-18 19:37:38.130 [taskScheduler-1] INFO  com.wgcloud.task.ScheduledTask - 批量提交监控数据任务结束----------2024-04-18 19:37:38
2024-04-18 19:38:38.134 [taskScheduler-1] INFO  com.wgcloud.task.ScheduledTask - 批量提交监控数据任务开始----------2024-04-18 19:38:38
2024-04-18 19:38:38.134 [taskScheduler-1] INFO  com.wgcloud.task.ScheduledTask - 批量提交监控数据任务结束----------2024-04-18 19:38:38
2024-04-18 19:39:38.134 [taskScheduler-1] INFO  com.wgcloud.task.ScheduledTask - 批量提交监控数据任务开始----------2024-04-18 19:39:38
2024-04-18 19:39:38.134 [taskScheduler-1] INFO  com.wgcloud.task.ScheduledTask - 批量提交监控数据任务结束----------2024-04-18 19:39:38
2024-04-18 19:40:38.122 [taskScheduler-1] INFO  com.wgcloud.task.ScheduledTask - 批量提交监控数据任务开始----------2024-04-18 19:40:38
2024-04-18 19:40:38.122 [taskScheduler-1] INFO  com.wgcloud.task.ScheduledTask - 批量提交监控数据任务结束----------2024-04-18 19:40:38
2024-04-18 19:41:38.124 [taskScheduler-1] INFO  com.wgcloud.task.ScheduledTask - 批量提交监控数据任务开始----------2024-04-18 19:41:38
2024-04-18 19:41:38.124 [taskScheduler-1] INFO  com.wgcloud.task.ScheduledTask - 批量提交监控数据任务结束----------2024-04-18 19:41:38
2024-04-18 19:42:38.132 [taskScheduler-12] INFO  com.wgcloud.task.ScheduledTask - heathMonitorTask------------2024-04-18 19:42:38
2024-04-18 19:42:38.132 [taskScheduler-43] INFO  com.wgcloud.task.ScheduledTask - 批量提交监控数据任务开始----------2024-04-18 19:42:38
2024-04-18 19:42:38.132 [taskScheduler-43] INFO  com.wgcloud.task.ScheduledTask - 批量提交监控数据任务结束----------2024-04-18 19:42:38
2024-04-18 19:43:38.136 [taskScheduler-43] INFO  com.wgcloud.task.ScheduledTask - 批量提交监控数据任务开始----------2024-04-18 19:43:38
2024-04-18 19:43:38.136 [taskScheduler-43] INFO  com.wgcloud.task.ScheduledTask - 批量提交监控数据任务结束----------2024-04-18 19:43:38
2024-04-18 19:44:38.131 [taskScheduler-43] INFO  com.wgcloud.task.ScheduledTask - 批量提交监控数据任务开始----------2024-04-18 19:44:38
2024-04-18 19:44:38.131 [taskScheduler-43] INFO  com.wgcloud.task.ScheduledTask - 批量提交监控数据任务结束----------2024-04-18 19:44:38
2024-04-18 19:45:38.138 [taskScheduler-43] INFO  com.wgcloud.task.ScheduledTask - 批量提交监控数据任务开始----------2024-04-18 19:45:38
2024-04-18 19:45:38.138 [taskScheduler-43] INFO  com.wgcloud.task.ScheduledTask - 批量提交监控数据任务结束----------2024-04-18 19:45:38
2024-04-18 19:46:38.124 [taskScheduler-7] INFO  com.wgcloud.task.ScheduledTask - 批量提交监控数据任务开始----------2024-04-18 19:46:38
2024-04-18 19:46:38.124 [taskScheduler-7] INFO  com.wgcloud.task.ScheduledTask - 批量提交监控数据任务结束----------2024-04-18 19:46:38
2024-04-18 19:47:38.129 [taskScheduler-7] INFO  com.wgcloud.task.ScheduledTask - 批量提交监控数据任务开始----------2024-04-18 19:47:38
2024-04-18 19:47:38.129 [taskScheduler-7] INFO  com.wgcloud.task.ScheduledTask - 批量提交监控数据任务结束----------2024-04-18 19:47:38
2024-04-18 19:48:38.132 [taskScheduler-7] INFO  com.wgcloud.task.ScheduledTask - 批量提交监控数据任务开始----------2024-04-18 19:48:38
2024-04-18 19:48:38.132 [taskScheduler-7] INFO  com.wgcloud.task.ScheduledTask - 批量提交监控数据任务结束----------2024-04-18 19:48:38
2024-04-18 19:49:38.134 [taskScheduler-7] INFO  com.wgcloud.task.ScheduledTask - 批量提交监控数据任务开始----------2024-04-18 19:49:38
2024-04-18 19:49:38.134 [taskScheduler-7] INFO  com.wgcloud.task.ScheduledTask - 批量提交监控数据任务结束----------2024-04-18 19:49:38
2024-04-18 19:50:38.125 [taskScheduler-7] INFO  com.wgcloud.task.ScheduledTask - 批量提交监控数据任务开始----------2024-04-18 19:50:38
2024-04-18 19:50:38.125 [taskScheduler-7] INFO  com.wgcloud.task.ScheduledTask - 批量提交监控数据任务结束----------2024-04-18 19:50:38
2024-04-18 19:51:38.134 [taskScheduler-7] INFO  com.wgcloud.task.ScheduledTask - 批量提交监控数据任务开始----------2024-04-18 19:51:38
2024-04-18 19:51:38.134 [taskScheduler-7] INFO  com.wgcloud.task.ScheduledTask - 批量提交监控数据任务结束----------2024-04-18 19:51:38
2024-04-18 19:52:38.133 [taskScheduler-5] INFO  com.wgcloud.task.ScheduledTask - heathMonitorTask------------2024-04-18 19:52:38
2024-04-18 19:52:38.133 [taskScheduler-7] INFO  com.wgcloud.task.ScheduledTask - 批量提交监控数据任务开始----------2024-04-18 19:52:38
2024-04-18 19:52:38.133 [taskScheduler-7] INFO  com.wgcloud.task.ScheduledTask - 批量提交监控数据任务结束----------2024-04-18 19:52:38
2024-04-18 19:53:38.126 [taskScheduler-7] INFO  com.wgcloud.task.ScheduledTask - 批量提交监控数据任务开始----------2024-04-18 19:53:38
2024-04-18 19:53:38.126 [taskScheduler-7] INFO  com.wgcloud.task.ScheduledTask - 批量提交监控数据任务结束----------2024-04-18 19:53:38
2024-04-18 19:54:38.134 [taskScheduler-7] INFO  com.wgcloud.task.ScheduledTask - 批量提交监控数据任务开始----------2024-04-18 19:54:38
2024-04-18 19:54:38.134 [taskScheduler-7] INFO  com.wgcloud.task.ScheduledTask - 批量提交监控数据任务结束----------2024-04-18 19:54:38
2024-04-18 19:55:38.127 [taskScheduler-7] INFO  com.wgcloud.task.ScheduledTask - 批量提交监控数据任务开始----------2024-04-18 19:55:38
2024-04-18 19:55:38.127 [taskScheduler-7] INFO  com.wgcloud.task.ScheduledTask - 批量提交监控数据任务结束----------2024-04-18 19:55:38
2024-04-18 19:56:38.126 [taskScheduler-7] INFO  com.wgcloud.task.ScheduledTask - 批量提交监控数据任务开始----------2024-04-18 19:56:38
2024-04-18 19:56:38.126 [taskScheduler-7] INFO  com.wgcloud.task.ScheduledTask - 批量提交监控数据任务结束----------2024-04-18 19:56:38
2024-04-18 19:57:38.129 [taskScheduler-7] INFO  com.wgcloud.task.ScheduledTask - 批量提交监控数据任务开始----------2024-04-18 19:57:38
2024-04-18 19:57:38.129 [taskScheduler-7] INFO  com.wgcloud.task.ScheduledTask - 批量提交监控数据任务结束----------2024-04-18 19:57:38
2024-04-18 19:58:38.132 [taskScheduler-7] INFO  com.wgcloud.task.ScheduledTask - 批量提交监控数据任务开始----------2024-04-18 19:58:38
2024-04-18 19:58:38.132 [taskScheduler-7] INFO  com.wgcloud.task.ScheduledTask - 批量提交监控数据任务结束----------2024-04-18 19:58:38
2024-04-18 19:59:38.130 [taskScheduler-7] INFO  com.wgcloud.task.ScheduledTask - 批量提交监控数据任务开始----------2024-04-18 19:59:38
2024-04-18 19:59:38.130 [taskScheduler-7] INFO  com.wgcloud.task.ScheduledTask - 批量提交监控数据任务结束----------2024-04-18 19:59:38
2024-04-18 20:00:38.135 [taskScheduler-7] INFO  com.wgcloud.task.ScheduledTask - 批量提交监控数据任务开始----------2024-04-18 20:00:38
2024-04-18 20:00:38.135 [taskScheduler-7] INFO  com.wgcloud.task.ScheduledTask - 批量提交监控数据任务结束----------2024-04-18 20:00:38
2024-04-18 20:01:38.130 [taskScheduler-7] INFO  com.wgcloud.task.ScheduledTask - 批量提交监控数据任务开始----------2024-04-18 20:01:38
2024-04-18 20:01:38.130 [taskScheduler-7] INFO  com.wgcloud.task.ScheduledTask - 批量提交监控数据任务结束----------2024-04-18 20:01:38
2024-04-18 20:02:38.132 [taskScheduler-1] INFO  com.wgcloud.task.ScheduledTask - 批量提交监控数据任务开始----------2024-04-18 20:02:38
2024-04-18 20:02:38.132 [taskScheduler-49] INFO  com.wgcloud.task.ScheduledTask - heathMonitorTask------------2024-04-18 20:02:38
2024-04-18 20:02:38.132 [taskScheduler-1] INFO  com.wgcloud.task.ScheduledTask - 批量提交监控数据任务结束----------2024-04-18 20:02:38
2024-04-18 20:03:38.136 [taskScheduler-1] INFO  com.wgcloud.task.ScheduledTask - 批量提交监控数据任务开始----------2024-04-18 20:03:38
2024-04-18 20:03:38.136 [taskScheduler-1] INFO  com.wgcloud.task.ScheduledTask - 批量提交监控数据任务结束----------2024-04-18 20:03:38
2024-04-18 20:04:38.124 [taskScheduler-1] INFO  com.wgcloud.task.ScheduledTask - 批量提交监控数据任务开始----------2024-04-18 20:04:38
2024-04-18 20:04:38.124 [taskScheduler-1] INFO  com.wgcloud.task.ScheduledTask - 批量提交监控数据任务结束----------2024-04-18 20:04:38
2024-04-18 20:05:38.125 [taskScheduler-1] INFO  com.wgcloud.task.ScheduledTask - 批量提交监控数据任务开始----------2024-04-18 20:05:38
2024-04-18 20:05:38.125 [taskScheduler-1] INFO  com.wgcloud.task.ScheduledTask - 批量提交监控数据任务结束----------2024-04-18 20:05:38
2024-04-18 20:06:38.125 [taskScheduler-36] INFO  com.wgcloud.task.ScheduledTask - 批量提交监控数据任务开始----------2024-04-18 20:06:38
2024-04-18 20:06:38.125 [taskScheduler-36] INFO  com.wgcloud.task.ScheduledTask - 批量提交监控数据任务结束----------2024-04-18 20:06:38
2024-04-18 20:07:38.127 [taskScheduler-36] INFO  com.wgcloud.task.ScheduledTask - 批量提交监控数据任务开始----------2024-04-18 20:07:38
2024-04-18 20:07:38.127 [taskScheduler-36] INFO  com.wgcloud.task.ScheduledTask - 批量提交监控数据任务结束----------2024-04-18 20:07:38
2024-04-18 20:08:38.134 [taskScheduler-36] INFO  com.wgcloud.task.ScheduledTask - 批量提交监控数据任务开始----------2024-04-18 20:08:38
2024-04-18 20:08:38.134 [taskScheduler-36] INFO  com.wgcloud.task.ScheduledTask - 批量提交监控数据任务结束----------2024-04-18 20:08:38
2024-04-18 20:09:38.137 [taskScheduler-36] INFO  com.wgcloud.task.ScheduledTask - 批量提交监控数据任务开始----------2024-04-18 20:09:38
2024-04-18 20:09:38.137 [taskScheduler-36] INFO  com.wgcloud.task.ScheduledTask - 批量提交监控数据任务结束----------2024-04-18 20:09:38
2024-04-18 20:10:38.125 [taskScheduler-36] INFO  com.wgcloud.task.ScheduledTask - 批量提交监控数据任务开始----------2024-04-18 20:10:38
2024-04-18 20:10:38.125 [taskScheduler-36] INFO  com.wgcloud.task.ScheduledTask - 批量提交监控数据任务结束----------2024-04-18 20:10:38
2024-04-18 20:11:38.137 [taskScheduler-36] INFO  com.wgcloud.task.ScheduledTask - 批量提交监控数据任务开始----------2024-04-18 20:11:38
2024-04-18 20:11:38.137 [taskScheduler-36] INFO  com.wgcloud.task.ScheduledTask - 批量提交监控数据任务结束----------2024-04-18 20:11:38
2024-04-18 20:12:38.134 [taskScheduler-43] INFO  com.wgcloud.task.ScheduledTask - 批量提交监控数据任务开始----------2024-04-18 20:12:38
2024-04-18 20:12:38.134 [taskScheduler-43] INFO  com.wgcloud.task.ScheduledTask - 批量提交监控数据任务结束----------2024-04-18 20:12:38
2024-04-18 20:12:38.134 [taskScheduler-36] INFO  com.wgcloud.task.ScheduledTask - heathMonitorTask------------2024-04-18 20:12:38
2024-04-18 20:13:38.123 [taskScheduler-43] INFO  com.wgcloud.task.ScheduledTask - 批量提交监控数据任务开始----------2024-04-18 20:13:38
2024-04-18 20:13:38.123 [taskScheduler-43] INFO  com.wgcloud.task.ScheduledTask - 批量提交监控数据任务结束----------2024-04-18 20:13:38
2024-04-18 20:14:38.135 [taskScheduler-43] INFO  com.wgcloud.task.ScheduledTask - 批量提交监控数据任务开始----------2024-04-18 20:14:38
2024-04-18 20:14:38.135 [taskScheduler-43] INFO  com.wgcloud.task.ScheduledTask - 批量提交监控数据任务结束----------2024-04-18 20:14:38
2024-04-18 20:15:38.123 [taskScheduler-43] INFO  com.wgcloud.task.ScheduledTask - 批量提交监控数据任务开始----------2024-04-18 20:15:38
2024-04-18 20:15:38.123 [taskScheduler-43] INFO  com.wgcloud.task.ScheduledTask - 批量提交监控数据任务结束----------2024-04-18 20:15:38
2024-04-18 20:16:38.136 [taskScheduler-43] INFO  com.wgcloud.task.ScheduledTask - 批量提交监控数据任务开始----------2024-04-18 20:16:38
2024-04-18 20:16:38.136 [taskScheduler-43] INFO  com.wgcloud.task.ScheduledTask - 批量提交监控数据任务结束----------2024-04-18 20:16:38
2024-04-18 20:17:38.127 [taskScheduler-43] INFO  com.wgcloud.task.ScheduledTask - 批量提交监控数据任务开始----------2024-04-18 20:17:38
2024-04-18 20:17:38.127 [taskScheduler-43] INFO  com.wgcloud.task.ScheduledTask - 批量提交监控数据任务结束----------2024-04-18 20:17:38
2024-04-18 20:18:38.133 [taskScheduler-43] INFO  com.wgcloud.task.ScheduledTask - 批量提交监控数据任务开始----------2024-04-18 20:18:38
2024-04-18 20:18:38.133 [taskScheduler-43] INFO  com.wgcloud.task.ScheduledTask - 批量提交监控数据任务结束----------2024-04-18 20:18:38
2024-04-18 20:19:38.125 [taskScheduler-43] INFO  com.wgcloud.task.ScheduledTask - 批量提交监控数据任务开始----------2024-04-18 20:19:38
2024-04-18 20:19:38.125 [taskScheduler-43] INFO  com.wgcloud.task.ScheduledTask - 批量提交监控数据任务结束----------2024-04-18 20:19:38
2024-04-18 20:20:38.128 [taskScheduler-43] INFO  com.wgcloud.task.ScheduledTask - 批量提交监控数据任务开始----------2024-04-18 20:20:38
2024-04-18 20:20:38.128 [taskScheduler-43] INFO  com.wgcloud.task.ScheduledTask - 批量提交监控数据任务结束----------2024-04-18 20:20:38
2024-04-18 20:21:38.128 [taskScheduler-43] INFO  com.wgcloud.task.ScheduledTask - 批量提交监控数据任务开始----------2024-04-18 20:21:38
2024-04-18 20:21:38.128 [taskScheduler-43] INFO  com.wgcloud.task.ScheduledTask - 批量提交监控数据任务结束----------2024-04-18 20:21:38
2024-04-18 20:22:38.126 [taskScheduler-43] INFO  com.wgcloud.task.ScheduledTask - 批量提交监控数据任务开始----------2024-04-18 20:22:38
2024-04-18 20:22:38.126 [taskScheduler-43] INFO  com.wgcloud.task.ScheduledTask - 批量提交监控数据任务结束----------2024-04-18 20:22:38
2024-04-18 20:22:38.126 [taskScheduler-43] INFO  com.wgcloud.task.ScheduledTask - heathMonitorTask------------2024-04-18 20:22:38
2024-04-18 20:23:38.138 [taskScheduler-33] INFO  com.wgcloud.task.ScheduledTask - 批量提交监控数据任务开始----------2024-04-18 20:23:38
2024-04-18 20:23:38.138 [taskScheduler-33] INFO  com.wgcloud.task.ScheduledTask - 批量提交监控数据任务结束----------2024-04-18 20:23:38
2024-04-18 20:24:38.128 [taskScheduler-33] INFO  com.wgcloud.task.ScheduledTask - 批量提交监控数据任务开始----------2024-04-18 20:24:38
2024-04-18 20:24:38.128 [taskScheduler-33] INFO  com.wgcloud.task.ScheduledTask - 批量提交监控数据任务结束----------2024-04-18 20:24:38
2024-04-18 20:25:38.136 [taskScheduler-33] INFO  com.wgcloud.task.ScheduledTask - 批量提交监控数据任务开始----------2024-04-18 20:25:38
2024-04-18 20:25:38.136 [taskScheduler-33] INFO  com.wgcloud.task.ScheduledTask - 批量提交监控数据任务结束----------2024-04-18 20:25:38
2024-04-18 20:26:38.124 [taskScheduler-19] INFO  com.wgcloud.task.ScheduledTask - 批量提交监控数据任务开始----------2024-04-18 20:26:38
2024-04-18 20:26:38.124 [taskScheduler-19] INFO  com.wgcloud.task.ScheduledTask - 批量提交监控数据任务结束----------2024-04-18 20:26:38
2024-04-18 20:27:38.133 [taskScheduler-19] INFO  com.wgcloud.task.ScheduledTask - 批量提交监控数据任务开始----------2024-04-18 20:27:38
2024-04-18 20:27:38.133 [taskScheduler-19] INFO  com.wgcloud.task.ScheduledTask - 批量提交监控数据任务结束----------2024-04-18 20:27:38
2024-04-18 20:28:38.127 [taskScheduler-19] INFO  com.wgcloud.task.ScheduledTask - 批量提交监控数据任务开始----------2024-04-18 20:28:38
2024-04-18 20:28:38.127 [taskScheduler-19] INFO  com.wgcloud.task.ScheduledTask - 批量提交监控数据任务结束----------2024-04-18 20:28:38
2024-04-18 20:29:38.136 [taskScheduler-19] INFO  com.wgcloud.task.ScheduledTask - 批量提交监控数据任务开始----------2024-04-18 20:29:38
2024-04-18 20:29:38.136 [taskScheduler-19] INFO  com.wgcloud.task.ScheduledTask - 批量提交监控数据任务结束----------2024-04-18 20:29:38
2024-04-18 20:30:38.125 [taskScheduler-19] INFO  com.wgcloud.task.ScheduledTask - 批量提交监控数据任务开始----------2024-04-18 20:30:38
2024-04-18 20:30:38.125 [taskScheduler-19] INFO  com.wgcloud.task.ScheduledTask - 批量提交监控数据任务结束----------2024-04-18 20:30:38
2024-04-18 20:31:38.134 [taskScheduler-19] INFO  com.wgcloud.task.ScheduledTask - 批量提交监控数据任务开始----------2024-04-18 20:31:38
2024-04-18 20:31:38.134 [taskScheduler-19] INFO  com.wgcloud.task.ScheduledTask - 批量提交监控数据任务结束----------2024-04-18 20:31:38
2024-04-18 20:32:38.125 [taskScheduler-19] INFO  com.wgcloud.task.ScheduledTask - heathMonitorTask------------2024-04-18 20:32:38
2024-04-18 20:32:38.125 [taskScheduler-7] INFO  com.wgcloud.task.ScheduledTask - 批量提交监控数据任务开始----------2024-04-18 20:32:38
2024-04-18 20:32:38.125 [taskScheduler-7] INFO  com.wgcloud.task.ScheduledTask - 批量提交监控数据任务结束----------2024-04-18 20:32:38
2024-04-18 20:33:38.127 [taskScheduler-7] INFO  com.wgcloud.task.ScheduledTask - 批量提交监控数据任务开始----------2024-04-18 20:33:38
2024-04-18 20:33:38.127 [taskScheduler-7] INFO  com.wgcloud.task.ScheduledTask - 批量提交监控数据任务结束----------2024-04-18 20:33:38
2024-04-18 20:34:38.137 [taskScheduler-7] INFO  com.wgcloud.task.ScheduledTask - 批量提交监控数据任务开始----------2024-04-18 20:34:38
2024-04-18 20:34:38.137 [taskScheduler-7] INFO  com.wgcloud.task.ScheduledTask - 批量提交监控数据任务结束----------2024-04-18 20:34:38
2024-04-18 20:35:38.132 [taskScheduler-7] INFO  com.wgcloud.task.ScheduledTask - 批量提交监控数据任务开始----------2024-04-18 20:35:38
2024-04-18 20:35:38.132 [taskScheduler-7] INFO  com.wgcloud.task.ScheduledTask - 批量提交监控数据任务结束----------2024-04-18 20:35:38
2024-04-18 20:36:38.130 [taskScheduler-7] INFO  com.wgcloud.task.ScheduledTask - 批量提交监控数据任务开始----------2024-04-18 20:36:38
2024-04-18 20:36:38.130 [taskScheduler-7] INFO  com.wgcloud.task.ScheduledTask - 批量提交监控数据任务结束----------2024-04-18 20:36:38
2024-04-18 20:37:38.124 [taskScheduler-7] INFO  com.wgcloud.task.ScheduledTask - 批量提交监控数据任务开始----------2024-04-18 20:37:38
2024-04-18 20:37:38.124 [taskScheduler-7] INFO  com.wgcloud.task.ScheduledTask - 批量提交监控数据任务结束----------2024-04-18 20:37:38
2024-04-18 20:38:38.129 [taskScheduler-7] INFO  com.wgcloud.task.ScheduledTask - 批量提交监控数据任务开始----------2024-04-18 20:38:38
2024-04-18 20:38:38.129 [taskScheduler-7] INFO  com.wgcloud.task.ScheduledTask - 批量提交监控数据任务结束----------2024-04-18 20:38:38
2024-04-18 20:39:38.127 [taskScheduler-7] INFO  com.wgcloud.task.ScheduledTask - 批量提交监控数据任务开始----------2024-04-18 20:39:38
2024-04-18 20:39:38.127 [taskScheduler-7] INFO  com.wgcloud.task.ScheduledTask - 批量提交监控数据任务结束----------2024-04-18 20:39:38
2024-04-18 20:40:38.129 [taskScheduler-7] INFO  com.wgcloud.task.ScheduledTask - 批量提交监控数据任务开始----------2024-04-18 20:40:38
2024-04-18 20:40:38.130 [taskScheduler-7] INFO  com.wgcloud.task.ScheduledTask - 批量提交监控数据任务结束----------2024-04-18 20:40:38
2024-04-18 20:41:38.125 [taskScheduler-7] INFO  com.wgcloud.task.ScheduledTask - 批量提交监控数据任务开始----------2024-04-18 20:41:38
2024-04-18 20:41:38.125 [taskScheduler-7] INFO  com.wgcloud.task.ScheduledTask - 批量提交监控数据任务结束----------2024-04-18 20:41:38
2024-04-18 20:42:38.130 [taskScheduler-15] INFO  com.wgcloud.task.ScheduledTask - 批量提交监控数据任务开始----------2024-04-18 20:42:38
2024-04-18 20:42:38.130 [taskScheduler-5] INFO  com.wgcloud.task.ScheduledTask - heathMonitorTask------------2024-04-18 20:42:38
2024-04-18 20:42:38.130 [taskScheduler-15] INFO  com.wgcloud.task.ScheduledTask - 批量提交监控数据任务结束----------2024-04-18 20:42:38
2024-04-18 20:43:38.132 [taskScheduler-15] INFO  com.wgcloud.task.ScheduledTask - 批量提交监控数据任务开始----------2024-04-18 20:43:38
2024-04-18 20:43:38.132 [taskScheduler-15] INFO  com.wgcloud.task.ScheduledTask - 批量提交监控数据任务结束----------2024-04-18 20:43:38
2024-04-18 20:44:38.132 [taskScheduler-15] INFO  com.wgcloud.task.ScheduledTask - 批量提交监控数据任务开始----------2024-04-18 20:44:38
2024-04-18 20:44:38.132 [taskScheduler-15] INFO  com.wgcloud.task.ScheduledTask - 批量提交监控数据任务结束----------2024-04-18 20:44:38
2024-04-18 20:45:38.132 [taskScheduler-15] INFO  com.wgcloud.task.ScheduledTask - 批量提交监控数据任务开始----------2024-04-18 20:45:38
2024-04-18 20:45:38.132 [taskScheduler-15] INFO  com.wgcloud.task.ScheduledTask - 批量提交监控数据任务结束----------2024-04-18 20:45:38
2024-04-18 20:46:38.122 [taskScheduler-6] INFO  com.wgcloud.task.ScheduledTask - 批量提交监控数据任务开始----------2024-04-18 20:46:38
2024-04-18 20:46:38.122 [taskScheduler-6] INFO  com.wgcloud.task.ScheduledTask - 批量提交监控数据任务结束----------2024-04-18 20:46:38
2024-04-18 20:47:38.131 [taskScheduler-6] INFO  com.wgcloud.task.ScheduledTask - 批量提交监控数据任务开始----------2024-04-18 20:47:38
2024-04-18 20:47:38.131 [taskScheduler-6] INFO  com.wgcloud.task.ScheduledTask - 批量提交监控数据任务结束----------2024-04-18 20:47:38
2024-04-18 20:48:38.137 [taskScheduler-6] INFO  com.wgcloud.task.ScheduledTask - 批量提交监控数据任务开始----------2024-04-18 20:48:38
2024-04-18 20:48:38.137 [taskScheduler-6] INFO  com.wgcloud.task.ScheduledTask - 批量提交监控数据任务结束----------2024-04-18 20:48:38
2024-04-18 20:49:38.132 [taskScheduler-6] INFO  com.wgcloud.task.ScheduledTask - 批量提交监控数据任务开始----------2024-04-18 20:49:38
2024-04-18 20:49:38.132 [taskScheduler-6] INFO  com.wgcloud.task.ScheduledTask - 批量提交监控数据任务结束----------2024-04-18 20:49:38
2024-04-18 20:50:38.126 [taskScheduler-6] INFO  com.wgcloud.task.ScheduledTask - 批量提交监控数据任务开始----------2024-04-18 20:50:38
2024-04-18 20:50:38.126 [taskScheduler-6] INFO  com.wgcloud.task.ScheduledTask - 批量提交监控数据任务结束----------2024-04-18 20:50:38
2024-04-18 20:51:38.136 [taskScheduler-6] INFO  com.wgcloud.task.ScheduledTask - 批量提交监控数据任务开始----------2024-04-18 20:51:38
2024-04-18 20:51:38.136 [taskScheduler-6] INFO  com.wgcloud.task.ScheduledTask - 批量提交监控数据任务结束----------2024-04-18 20:51:38
2024-04-18 20:52:38.127 [taskScheduler-27] INFO  com.wgcloud.task.ScheduledTask - 批量提交监控数据任务开始----------2024-04-18 20:52:38
2024-04-18 20:52:38.127 [taskScheduler-23] INFO  com.wgcloud.task.ScheduledTask - heathMonitorTask------------2024-04-18 20:52:38
2024-04-18 20:52:38.127 [taskScheduler-27] INFO  com.wgcloud.task.ScheduledTask - 批量提交监控数据任务结束----------2024-04-18 20:52:38
2024-04-18 20:53:38.127 [taskScheduler-27] INFO  com.wgcloud.task.ScheduledTask - 批量提交监控数据任务开始----------2024-04-18 20:53:38
2024-04-18 20:53:38.127 [taskScheduler-27] INFO  com.wgcloud.task.ScheduledTask - 批量提交监控数据任务结束----------2024-04-18 20:53:38
2024-04-18 20:54:38.125 [taskScheduler-27] INFO  com.wgcloud.task.ScheduledTask - 批量提交监控数据任务开始----------2024-04-18 20:54:38
2024-04-18 20:54:38.125 [taskScheduler-27] INFO  com.wgcloud.task.ScheduledTask - 批量提交监控数据任务结束----------2024-04-18 20:54:38
2024-04-18 20:55:38.135 [taskScheduler-27] INFO  com.wgcloud.task.ScheduledTask - 批量提交监控数据任务开始----------2024-04-18 20:55:38
2024-04-18 20:55:38.135 [taskScheduler-27] INFO  com.wgcloud.task.ScheduledTask - 批量提交监控数据任务结束----------2024-04-18 20:55:38
2024-04-18 20:56:38.128 [taskScheduler-27] INFO  com.wgcloud.task.ScheduledTask - 批量提交监控数据任务开始----------2024-04-18 20:56:38
2024-04-18 20:56:38.128 [taskScheduler-27] INFO  com.wgcloud.task.ScheduledTask - 批量提交监控数据任务结束----------2024-04-18 20:56:38
2024-04-18 20:57:38.132 [taskScheduler-27] INFO  com.wgcloud.task.ScheduledTask - 批量提交监控数据任务开始----------2024-04-18 20:57:38
2024-04-18 20:57:38.132 [taskScheduler-27] INFO  com.wgcloud.task.ScheduledTask - 批量提交监控数据任务结束----------2024-04-18 20:57:38
2024-04-18 20:58:38.123 [taskScheduler-27] INFO  com.wgcloud.task.ScheduledTask - 批量提交监控数据任务开始----------2024-04-18 20:58:38
2024-04-18 20:58:38.123 [taskScheduler-27] INFO  com.wgcloud.task.ScheduledTask - 批量提交监控数据任务结束----------2024-04-18 20:58:38
2024-04-18 20:59:38.138 [taskScheduler-27] INFO  com.wgcloud.task.ScheduledTask - 批量提交监控数据任务开始----------2024-04-18 20:59:38
2024-04-18 20:59:38.138 [taskScheduler-27] INFO  com.wgcloud.task.ScheduledTask - 批量提交监控数据任务结束----------2024-04-18 20:59:38
2024-04-18 21:00:38.133 [taskScheduler-27] INFO  com.wgcloud.task.ScheduledTask - 批量提交监控数据任务开始----------2024-04-18 21:00:38
2024-04-18 21:00:38.133 [taskScheduler-27] INFO  com.wgcloud.task.ScheduledTask - 批量提交监控数据任务结束----------2024-04-18 21:00:38
2024-04-18 21:01:38.133 [taskScheduler-27] INFO  com.wgcloud.task.ScheduledTask - 批量提交监控数据任务开始----------2024-04-18 21:01:38
2024-04-18 21:01:38.133 [taskScheduler-27] INFO  com.wgcloud.task.ScheduledTask - 批量提交监控数据任务结束----------2024-04-18 21:01:38
2024-04-18 21:02:38.131 [taskScheduler-9] INFO  com.wgcloud.task.ScheduledTask - 批量提交监控数据任务开始----------2024-04-18 21:02:38
2024-04-18 21:02:38.131 [taskScheduler-36] INFO  com.wgcloud.task.ScheduledTask - heathMonitorTask------------2024-04-18 21:02:38
2024-04-18 21:02:38.131 [taskScheduler-9] INFO  com.wgcloud.task.ScheduledTask - 批量提交监控数据任务结束----------2024-04-18 21:02:38
2024-04-18 21:03:38.126 [taskScheduler-9] INFO  com.wgcloud.task.ScheduledTask - 批量提交监控数据任务开始----------2024-04-18 21:03:38
2024-04-18 21:03:38.126 [taskScheduler-9] INFO  com.wgcloud.task.ScheduledTask - 批量提交监控数据任务结束----------2024-04-18 21:03:38
2024-04-18 21:04:38.129 [taskScheduler-9] INFO  com.wgcloud.task.ScheduledTask - 批量提交监控数据任务开始----------2024-04-18 21:04:38
2024-04-18 21:04:38.129 [taskScheduler-9] INFO  com.wgcloud.task.ScheduledTask - 批量提交监控数据任务结束----------2024-04-18 21:04:38
2024-04-18 21:05:38.135 [taskScheduler-9] INFO  com.wgcloud.task.ScheduledTask - 批量提交监控数据任务开始----------2024-04-18 21:05:38
2024-04-18 21:05:38.135 [taskScheduler-9] INFO  com.wgcloud.task.ScheduledTask - 批量提交监控数据任务结束----------2024-04-18 21:05:38
2024-04-18 21:06:38.136 [taskScheduler-9] INFO  com.wgcloud.task.ScheduledTask - 批量提交监控数据任务开始----------2024-04-18 21:06:38
2024-04-18 21:06:38.136 [taskScheduler-9] INFO  com.wgcloud.task.ScheduledTask - 批量提交监控数据任务结束----------2024-04-18 21:06:38
2024-04-18 21:07:38.134 [taskScheduler-9] INFO  com.wgcloud.task.ScheduledTask - 批量提交监控数据任务开始----------2024-04-18 21:07:38
2024-04-18 21:07:38.134 [taskScheduler-9] INFO  com.wgcloud.task.ScheduledTask - 批量提交监控数据任务结束----------2024-04-18 21:07:38
2024-04-18 21:08:38.128 [taskScheduler-9] INFO  com.wgcloud.task.ScheduledTask - 批量提交监控数据任务开始----------2024-04-18 21:08:38
2024-04-18 21:08:38.128 [taskScheduler-9] INFO  com.wgcloud.task.ScheduledTask - 批量提交监控数据任务结束----------2024-04-18 21:08:38
2024-04-18 21:09:38.133 [taskScheduler-9] INFO  com.wgcloud.task.ScheduledTask - 批量提交监控数据任务开始----------2024-04-18 21:09:38
2024-04-18 21:09:38.133 [taskScheduler-9] INFO  com.wgcloud.task.ScheduledTask - 批量提交监控数据任务结束----------2024-04-18 21:09:38
2024-04-18 21:10:38.128 [taskScheduler-9] INFO  com.wgcloud.task.ScheduledTask - 批量提交监控数据任务开始----------2024-04-18 21:10:38
2024-04-18 21:10:38.128 [taskScheduler-9] INFO  com.wgcloud.task.ScheduledTask - 批量提交监控数据任务结束----------2024-04-18 21:10:38
2024-04-18 21:11:38.127 [taskScheduler-9] INFO  com.wgcloud.task.ScheduledTask - 批量提交监控数据任务开始----------2024-04-18 21:11:38
2024-04-18 21:11:38.127 [taskScheduler-9] INFO  com.wgcloud.task.ScheduledTask - 批量提交监控数据任务结束----------2024-04-18 21:11:38
2024-04-18 21:12:38.135 [taskScheduler-20] INFO  com.wgcloud.task.ScheduledTask - heathMonitorTask------------2024-04-18 21:12:38
2024-04-18 21:12:38.135 [taskScheduler-9] INFO  com.wgcloud.task.ScheduledTask - 批量提交监控数据任务开始----------2024-04-18 21:12:38
2024-04-18 21:12:38.135 [taskScheduler-9] INFO  com.wgcloud.task.ScheduledTask - 批量提交监控数据任务结束----------2024-04-18 21:12:38
2024-04-18 21:13:38.131 [taskScheduler-9] INFO  com.wgcloud.task.ScheduledTask - 批量提交监控数据任务开始----------2024-04-18 21:13:38
2024-04-18 21:13:38.131 [taskScheduler-9] INFO  com.wgcloud.task.ScheduledTask - 批量提交监控数据任务结束----------2024-04-18 21:13:38
2024-04-18 21:14:38.126 [taskScheduler-9] INFO  com.wgcloud.task.ScheduledTask - 批量提交监控数据任务开始----------2024-04-18 21:14:38
2024-04-18 21:14:38.126 [taskScheduler-9] INFO  com.wgcloud.task.ScheduledTask - 批量提交监控数据任务结束----------2024-04-18 21:14:38
2024-04-18 21:15:38.132 [taskScheduler-9] INFO  com.wgcloud.task.ScheduledTask - 批量提交监控数据任务开始----------2024-04-18 21:15:38
2024-04-18 21:15:38.132 [taskScheduler-9] INFO  com.wgcloud.task.ScheduledTask - 批量提交监控数据任务结束----------2024-04-18 21:15:38
2024-04-18 21:16:38.128 [taskScheduler-9] INFO  com.wgcloud.task.ScheduledTask - 批量提交监控数据任务开始----------2024-04-18 21:16:38
2024-04-18 21:16:38.128 [taskScheduler-9] INFO  com.wgcloud.task.ScheduledTask - 批量提交监控数据任务结束----------2024-04-18 21:16:38
2024-04-18 21:17:38.125 [taskScheduler-9] INFO  com.wgcloud.task.ScheduledTask - 批量提交监控数据任务开始----------2024-04-18 21:17:38
2024-04-18 21:17:38.125 [taskScheduler-9] INFO  com.wgcloud.task.ScheduledTask - 批量提交监控数据任务结束----------2024-04-18 21:17:38
2024-04-18 21:18:38.131 [taskScheduler-9] INFO  com.wgcloud.task.ScheduledTask - 批量提交监控数据任务开始----------2024-04-18 21:18:38
2024-04-18 21:18:38.131 [taskScheduler-9] INFO  com.wgcloud.task.ScheduledTask - 批量提交监控数据任务结束----------2024-04-18 21:18:38
2024-04-18 21:19:38.123 [taskScheduler-9] INFO  com.wgcloud.task.ScheduledTask - 批量提交监控数据任务开始----------2024-04-18 21:19:38
2024-04-18 21:19:38.123 [taskScheduler-9] INFO  com.wgcloud.task.ScheduledTask - 批量提交监控数据任务结束----------2024-04-18 21:19:38
2024-04-18 21:20:38.125 [taskScheduler-9] INFO  com.wgcloud.task.ScheduledTask - 批量提交监控数据任务开始----------2024-04-18 21:20:38
2024-04-18 21:20:38.126 [taskScheduler-9] INFO  com.wgcloud.task.ScheduledTask - 批量提交监控数据任务结束----------2024-04-18 21:20:38
2024-04-18 21:21:38.134 [taskScheduler-9] INFO  com.wgcloud.task.ScheduledTask - 批量提交监控数据任务开始----------2024-04-18 21:21:38
2024-04-18 21:21:38.134 [taskScheduler-9] INFO  com.wgcloud.task.ScheduledTask - 批量提交监控数据任务结束----------2024-04-18 21:21:38
2024-04-18 21:22:38.130 [taskScheduler-3] INFO  com.wgcloud.task.ScheduledTask - heathMonitorTask------------2024-04-18 21:22:38
2024-04-18 21:22:38.130 [taskScheduler-49] INFO  com.wgcloud.task.ScheduledTask - 批量提交监控数据任务开始----------2024-04-18 21:22:38
2024-04-18 21:22:38.130 [taskScheduler-49] INFO  com.wgcloud.task.ScheduledTask - 批量提交监控数据任务结束----------2024-04-18 21:22:38
2024-04-18 21:23:38.124 [taskScheduler-49] INFO  com.wgcloud.task.ScheduledTask - 批量提交监控数据任务开始----------2024-04-18 21:23:38
2024-04-18 21:23:38.124 [taskScheduler-49] INFO  com.wgcloud.task.ScheduledTask - 批量提交监控数据任务结束----------2024-04-18 21:23:38
2024-04-18 21:24:38.128 [taskScheduler-49] INFO  com.wgcloud.task.ScheduledTask - 批量提交监控数据任务开始----------2024-04-18 21:24:38
2024-04-18 21:24:38.128 [taskScheduler-49] INFO  com.wgcloud.task.ScheduledTask - 批量提交监控数据任务结束----------2024-04-18 21:24:38
2024-04-18 21:25:38.129 [taskScheduler-49] INFO  com.wgcloud.task.ScheduledTask - 批量提交监控数据任务开始----------2024-04-18 21:25:38
2024-04-18 21:25:38.129 [taskScheduler-49] INFO  com.wgcloud.task.ScheduledTask - 批量提交监控数据任务结束----------2024-04-18 21:25:38
2024-04-18 21:26:38.124 [taskScheduler-49] INFO  com.wgcloud.task.ScheduledTask - 批量提交监控数据任务开始----------2024-04-18 21:26:38
2024-04-18 21:26:38.124 [taskScheduler-49] INFO  com.wgcloud.task.ScheduledTask - 批量提交监控数据任务结束----------2024-04-18 21:26:38
2024-04-18 21:27:38.124 [taskScheduler-49] INFO  com.wgcloud.task.ScheduledTask - 批量提交监控数据任务开始----------2024-04-18 21:27:38
2024-04-18 21:27:38.124 [taskScheduler-49] INFO  com.wgcloud.task.ScheduledTask - 批量提交监控数据任务结束----------2024-04-18 21:27:38
2024-04-18 21:28:38.125 [taskScheduler-49] INFO  com.wgcloud.task.ScheduledTask - 批量提交监控数据任务开始----------2024-04-18 21:28:38
2024-04-18 21:28:38.125 [taskScheduler-49] INFO  com.wgcloud.task.ScheduledTask - 批量提交监控数据任务结束----------2024-04-18 21:28:38
2024-04-18 21:29:38.136 [taskScheduler-49] INFO  com.wgcloud.task.ScheduledTask - 批量提交监控数据任务开始----------2024-04-18 21:29:38
2024-04-18 21:29:38.136 [taskScheduler-49] INFO  com.wgcloud.task.ScheduledTask - 批量提交监控数据任务结束----------2024-04-18 21:29:38
2024-04-18 21:30:38.124 [taskScheduler-49] INFO  com.wgcloud.task.ScheduledTask - 批量提交监控数据任务开始----------2024-04-18 21:30:38
2024-04-18 21:30:38.124 [taskScheduler-49] INFO  com.wgcloud.task.ScheduledTask - 批量提交监控数据任务结束----------2024-04-18 21:30:38
2024-04-18 21:31:38.129 [taskScheduler-49] INFO  com.wgcloud.task.ScheduledTask - 批量提交监控数据任务开始----------2024-04-18 21:31:38
2024-04-18 21:31:38.129 [taskScheduler-49] INFO  com.wgcloud.task.ScheduledTask - 批量提交监控数据任务结束----------2024-04-18 21:31:38
2024-04-18 21:32:38.128 [taskScheduler-49] INFO  com.wgcloud.task.ScheduledTask - 批量提交监控数据任务开始----------2024-04-18 21:32:38
2024-04-18 21:32:38.128 [taskScheduler-49] INFO  com.wgcloud.task.ScheduledTask - 批量提交监控数据任务结束----------2024-04-18 21:32:38
2024-04-18 21:32:38.128 [taskScheduler-49] INFO  com.wgcloud.task.ScheduledTask - heathMonitorTask------------2024-04-18 21:32:38
2024-04-18 21:33:38.132 [taskScheduler-10] INFO  com.wgcloud.task.ScheduledTask - 批量提交监控数据任务开始----------2024-04-18 21:33:38
2024-04-18 21:33:38.132 [taskScheduler-10] INFO  com.wgcloud.task.ScheduledTask - 批量提交监控数据任务结束----------2024-04-18 21:33:38
2024-04-18 21:34:38.130 [taskScheduler-10] INFO  com.wgcloud.task.ScheduledTask - 批量提交监控数据任务开始----------2024-04-18 21:34:38
2024-04-18 21:34:38.130 [taskScheduler-10] INFO  com.wgcloud.task.ScheduledTask - 批量提交监控数据任务结束----------2024-04-18 21:34:38
2024-04-18 21:35:38.125 [taskScheduler-10] INFO  com.wgcloud.task.ScheduledTask - 批量提交监控数据任务开始----------2024-04-18 21:35:38
2024-04-18 21:35:38.125 [taskScheduler-10] INFO  com.wgcloud.task.ScheduledTask - 批量提交监控数据任务结束----------2024-04-18 21:35:38
2024-04-18 21:36:38.125 [taskScheduler-10] INFO  com.wgcloud.task.ScheduledTask - 批量提交监控数据任务开始----------2024-04-18 21:36:38
2024-04-18 21:36:38.125 [taskScheduler-10] INFO  com.wgcloud.task.ScheduledTask - 批量提交监控数据任务结束----------2024-04-18 21:36:38
2024-04-18 21:37:38.129 [taskScheduler-10] INFO  com.wgcloud.task.ScheduledTask - 批量提交监控数据任务开始----------2024-04-18 21:37:38
2024-04-18 21:37:38.129 [taskScheduler-10] INFO  com.wgcloud.task.ScheduledTask - 批量提交监控数据任务结束----------2024-04-18 21:37:38
2024-04-18 21:38:38.127 [taskScheduler-10] INFO  com.wgcloud.task.ScheduledTask - 批量提交监控数据任务开始----------2024-04-18 21:38:38
2024-04-18 21:38:38.127 [taskScheduler-10] INFO  com.wgcloud.task.ScheduledTask - 批量提交监控数据任务结束----------2024-04-18 21:38:38
2024-04-18 21:39:38.123 [taskScheduler-10] INFO  com.wgcloud.task.ScheduledTask - 批量提交监控数据任务开始----------2024-04-18 21:39:38
2024-04-18 21:39:38.123 [taskScheduler-10] INFO  com.wgcloud.task.ScheduledTask - 批量提交监控数据任务结束----------2024-04-18 21:39:38
2024-04-18 21:40:38.127 [taskScheduler-10] INFO  com.wgcloud.task.ScheduledTask - 批量提交监控数据任务开始----------2024-04-18 21:40:38
2024-04-18 21:40:38.127 [taskScheduler-10] INFO  com.wgcloud.task.ScheduledTask - 批量提交监控数据任务结束----------2024-04-18 21:40:38
2024-04-18 21:41:38.133 [taskScheduler-10] INFO  com.wgcloud.task.ScheduledTask - 批量提交监控数据任务开始----------2024-04-18 21:41:38
2024-04-18 21:41:38.133 [taskScheduler-10] INFO  com.wgcloud.task.ScheduledTask - 批量提交监控数据任务结束----------2024-04-18 21:41:38
2024-04-18 21:42:38.130 [taskScheduler-19] INFO  com.wgcloud.task.ScheduledTask - 批量提交监控数据任务开始----------2024-04-18 21:42:38
2024-04-18 21:42:38.130 [taskScheduler-24] INFO  com.wgcloud.task.ScheduledTask - heathMonitorTask------------2024-04-18 21:42:38
2024-04-18 21:42:38.130 [taskScheduler-19] INFO  com.wgcloud.task.ScheduledTask - 批量提交监控数据任务结束----------2024-04-18 21:42:38
2024-04-18 21:43:38.126 [taskScheduler-19] INFO  com.wgcloud.task.ScheduledTask - 批量提交监控数据任务开始----------2024-04-18 21:43:38
2024-04-18 21:43:38.126 [taskScheduler-19] INFO  com.wgcloud.task.ScheduledTask - 批量提交监控数据任务结束----------2024-04-18 21:43:38
2024-04-18 21:44:38.132 [taskScheduler-19] INFO  com.wgcloud.task.ScheduledTask - 批量提交监控数据任务开始----------2024-04-18 21:44:38
2024-04-18 21:44:38.132 [taskScheduler-19] INFO  com.wgcloud.task.ScheduledTask - 批量提交监控数据任务结束----------2024-04-18 21:44:38
2024-04-18 21:45:38.127 [taskScheduler-19] INFO  com.wgcloud.task.ScheduledTask - 批量提交监控数据任务开始----------2024-04-18 21:45:38
2024-04-18 21:45:38.127 [taskScheduler-19] INFO  com.wgcloud.task.ScheduledTask - 批量提交监控数据任务结束----------2024-04-18 21:45:38
2024-04-18 21:46:38.132 [taskScheduler-44] INFO  com.wgcloud.task.ScheduledTask - 批量提交监控数据任务开始----------2024-04-18 21:46:38
2024-04-18 21:46:38.132 [taskScheduler-44] INFO  com.wgcloud.task.ScheduledTask - 批量提交监控数据任务结束----------2024-04-18 21:46:38
2024-04-18 21:47:38.136 [taskScheduler-44] INFO  com.wgcloud.task.ScheduledTask - 批量提交监控数据任务开始----------2024-04-18 21:47:38
2024-04-18 21:47:38.136 [taskScheduler-44] INFO  com.wgcloud.task.ScheduledTask - 批量提交监控数据任务结束----------2024-04-18 21:47:38
2024-04-18 21:48:38.136 [taskScheduler-44] INFO  com.wgcloud.task.ScheduledTask - 批量提交监控数据任务开始----------2024-04-18 21:48:38
2024-04-18 21:48:38.136 [taskScheduler-44] INFO  com.wgcloud.task.ScheduledTask - 批量提交监控数据任务结束----------2024-04-18 21:48:38
2024-04-18 21:49:38.136 [taskScheduler-44] INFO  com.wgcloud.task.ScheduledTask - 批量提交监控数据任务开始----------2024-04-18 21:49:38
2024-04-18 21:49:38.136 [taskScheduler-44] INFO  com.wgcloud.task.ScheduledTask - 批量提交监控数据任务结束----------2024-04-18 21:49:38
2024-04-18 21:50:38.123 [taskScheduler-44] INFO  com.wgcloud.task.ScheduledTask - 批量提交监控数据任务开始----------2024-04-18 21:50:38
2024-04-18 21:50:38.123 [taskScheduler-44] INFO  com.wgcloud.task.ScheduledTask - 批量提交监控数据任务结束----------2024-04-18 21:50:38
2024-04-18 21:51:38.128 [taskScheduler-44] INFO  com.wgcloud.task.ScheduledTask - 批量提交监控数据任务开始----------2024-04-18 21:51:38
2024-04-18 21:51:38.128 [taskScheduler-44] INFO  com.wgcloud.task.ScheduledTask - 批量提交监控数据任务结束----------2024-04-18 21:51:38
2024-04-18 21:52:38.127 [taskScheduler-9] INFO  com.wgcloud.task.ScheduledTask - heathMonitorTask------------2024-04-18 21:52:38
2024-04-18 21:52:38.127 [taskScheduler-40] INFO  com.wgcloud.task.ScheduledTask - 批量提交监控数据任务开始----------2024-04-18 21:52:38
2024-04-18 21:52:38.127 [taskScheduler-40] INFO  com.wgcloud.task.ScheduledTask - 批量提交监控数据任务结束----------2024-04-18 21:52:38
2024-04-18 21:53:38.134 [taskScheduler-40] INFO  com.wgcloud.task.ScheduledTask - 批量提交监控数据任务开始----------2024-04-18 21:53:38
2024-04-18 21:53:38.134 [taskScheduler-40] INFO  com.wgcloud.task.ScheduledTask - 批量提交监控数据任务结束----------2024-04-18 21:53:38
2024-04-18 21:54:38.123 [taskScheduler-40] INFO  com.wgcloud.task.ScheduledTask - 批量提交监控数据任务开始----------2024-04-18 21:54:38
2024-04-18 21:54:38.123 [taskScheduler-40] INFO  com.wgcloud.task.ScheduledTask - 批量提交监控数据任务结束----------2024-04-18 21:54:38
2024-04-18 21:55:38.138 [taskScheduler-40] INFO  com.wgcloud.task.ScheduledTask - 批量提交监控数据任务开始----------2024-04-18 21:55:38
2024-04-18 21:55:38.138 [taskScheduler-40] INFO  com.wgcloud.task.ScheduledTask - 批量提交监控数据任务结束----------2024-04-18 21:55:38
2024-04-18 21:56:38.134 [taskScheduler-40] INFO  com.wgcloud.task.ScheduledTask - 批量提交监控数据任务开始----------2024-04-18 21:56:38
2024-04-18 21:56:38.134 [taskScheduler-40] INFO  com.wgcloud.task.ScheduledTask - 批量提交监控数据任务结束----------2024-04-18 21:56:38
2024-04-18 21:57:38.137 [taskScheduler-40] INFO  com.wgcloud.task.ScheduledTask - 批量提交监控数据任务开始----------2024-04-18 21:57:38
2024-04-18 21:57:38.138 [taskScheduler-40] INFO  com.wgcloud.task.ScheduledTask - 批量提交监控数据任务结束----------2024-04-18 21:57:38
2024-04-18 21:58:38.132 [taskScheduler-40] INFO  com.wgcloud.task.ScheduledTask - 批量提交监控数据任务开始----------2024-04-18 21:58:38
2024-04-18 21:58:38.132 [taskScheduler-40] INFO  com.wgcloud.task.ScheduledTask - 批量提交监控数据任务结束----------2024-04-18 21:58:38
2024-04-18 21:59:38.126 [taskScheduler-40] INFO  com.wgcloud.task.ScheduledTask - 批量提交监控数据任务开始----------2024-04-18 21:59:38
2024-04-18 21:59:38.126 [taskScheduler-40] INFO  com.wgcloud.task.ScheduledTask - 批量提交监控数据任务结束----------2024-04-18 21:59:38
2024-04-18 22:00:38.129 [taskScheduler-40] INFO  com.wgcloud.task.ScheduledTask - 批量提交监控数据任务开始----------2024-04-18 22:00:38
2024-04-18 22:00:38.129 [taskScheduler-40] INFO  com.wgcloud.task.ScheduledTask - 批量提交监控数据任务结束----------2024-04-18 22:00:38
2024-04-18 22:01:38.128 [taskScheduler-40] INFO  com.wgcloud.task.ScheduledTask - 批量提交监控数据任务开始----------2024-04-18 22:01:38
2024-04-18 22:01:38.128 [taskScheduler-40] INFO  com.wgcloud.task.ScheduledTask - 批量提交监控数据任务结束----------2024-04-18 22:01:38
2024-04-18 22:02:38.135 [taskScheduler-20] INFO  com.wgcloud.task.ScheduledTask - heathMonitorTask------------2024-04-18 22:02:38
2024-04-18 22:02:38.135 [taskScheduler-7] INFO  com.wgcloud.task.ScheduledTask - 批量提交监控数据任务开始----------2024-04-18 22:02:38
2024-04-18 22:02:38.135 [taskScheduler-7] INFO  com.wgcloud.task.ScheduledTask - 批量提交监控数据任务结束----------2024-04-18 22:02:38
2024-04-18 22:03:38.123 [taskScheduler-7] INFO  com.wgcloud.task.ScheduledTask - 批量提交监控数据任务开始----------2024-04-18 22:03:38
2024-04-18 22:03:38.123 [taskScheduler-7] INFO  com.wgcloud.task.ScheduledTask - 批量提交监控数据任务结束----------2024-04-18 22:03:38
2024-04-18 22:04:38.134 [taskScheduler-7] INFO  com.wgcloud.task.ScheduledTask - 批量提交监控数据任务开始----------2024-04-18 22:04:38
2024-04-18 22:04:38.134 [taskScheduler-7] INFO  com.wgcloud.task.ScheduledTask - 批量提交监控数据任务结束----------2024-04-18 22:04:38
2024-04-18 22:05:38.136 [taskScheduler-7] INFO  com.wgcloud.task.ScheduledTask - 批量提交监控数据任务开始----------2024-04-18 22:05:38
2024-04-18 22:05:38.136 [taskScheduler-7] INFO  com.wgcloud.task.ScheduledTask - 批量提交监控数据任务结束----------2024-04-18 22:05:38
2024-04-18 22:06:38.128 [taskScheduler-4] INFO  com.wgcloud.task.ScheduledTask - 批量提交监控数据任务开始----------2024-04-18 22:06:38
2024-04-18 22:06:38.128 [taskScheduler-4] INFO  com.wgcloud.task.ScheduledTask - 批量提交监控数据任务结束----------2024-04-18 22:06:38
2024-04-18 22:07:38.125 [taskScheduler-4] INFO  com.wgcloud.task.ScheduledTask - 批量提交监控数据任务开始----------2024-04-18 22:07:38
2024-04-18 22:07:38.125 [taskScheduler-4] INFO  com.wgcloud.task.ScheduledTask - 批量提交监控数据任务结束----------2024-04-18 22:07:38
2024-04-18 22:08:38.128 [taskScheduler-4] INFO  com.wgcloud.task.ScheduledTask - 批量提交监控数据任务开始----------2024-04-18 22:08:38
2024-04-18 22:08:38.128 [taskScheduler-4] INFO  com.wgcloud.task.ScheduledTask - 批量提交监控数据任务结束----------2024-04-18 22:08:38
2024-04-18 22:09:38.130 [taskScheduler-4] INFO  com.wgcloud.task.ScheduledTask - 批量提交监控数据任务开始----------2024-04-18 22:09:38
2024-04-18 22:09:38.130 [taskScheduler-4] INFO  com.wgcloud.task.ScheduledTask - 批量提交监控数据任务结束----------2024-04-18 22:09:38
2024-04-18 22:10:38.129 [taskScheduler-4] INFO  com.wgcloud.task.ScheduledTask - 批量提交监控数据任务开始----------2024-04-18 22:10:38
2024-04-18 22:10:38.129 [taskScheduler-4] INFO  com.wgcloud.task.ScheduledTask - 批量提交监控数据任务结束----------2024-04-18 22:10:38
2024-04-18 22:11:38.136 [taskScheduler-4] INFO  com.wgcloud.task.ScheduledTask - 批量提交监控数据任务开始----------2024-04-18 22:11:38
2024-04-18 22:11:38.136 [taskScheduler-4] INFO  com.wgcloud.task.ScheduledTask - 批量提交监控数据任务结束----------2024-04-18 22:11:38
2024-04-18 22:12:38.129 [taskScheduler-4] INFO  com.wgcloud.task.ScheduledTask - heathMonitorTask------------2024-04-18 22:12:38
2024-04-18 22:12:38.129 [taskScheduler-23] INFO  com.wgcloud.task.ScheduledTask - 批量提交监控数据任务开始----------2024-04-18 22:12:38
2024-04-18 22:12:38.129 [taskScheduler-23] INFO  com.wgcloud.task.ScheduledTask - 批量提交监控数据任务结束----------2024-04-18 22:12:38
2024-04-18 22:13:38.126 [taskScheduler-23] INFO  com.wgcloud.task.ScheduledTask - 批量提交监控数据任务开始----------2024-04-18 22:13:38
2024-04-18 22:13:38.126 [taskScheduler-23] INFO  com.wgcloud.task.ScheduledTask - 批量提交监控数据任务结束----------2024-04-18 22:13:38
2024-04-18 22:14:38.124 [taskScheduler-23] INFO  com.wgcloud.task.ScheduledTask - 批量提交监控数据任务开始----------2024-04-18 22:14:38
2024-04-18 22:14:38.124 [taskScheduler-23] INFO  com.wgcloud.task.ScheduledTask - 批量提交监控数据任务结束----------2024-04-18 22:14:38
2024-04-18 22:15:38.133 [taskScheduler-23] INFO  com.wgcloud.task.ScheduledTask - 批量提交监控数据任务开始----------2024-04-18 22:15:38
2024-04-18 22:15:38.133 [taskScheduler-23] INFO  com.wgcloud.task.ScheduledTask - 批量提交监控数据任务结束----------2024-04-18 22:15:38
2024-04-18 22:16:38.126 [taskScheduler-23] INFO  com.wgcloud.task.ScheduledTask - 批量提交监控数据任务开始----------2024-04-18 22:16:38
2024-04-18 22:16:38.126 [taskScheduler-23] INFO  com.wgcloud.task.ScheduledTask - 批量提交监控数据任务结束----------2024-04-18 22:16:38
2024-04-18 22:17:38.137 [taskScheduler-23] INFO  com.wgcloud.task.ScheduledTask - 批量提交监控数据任务开始----------2024-04-18 22:17:38
2024-04-18 22:17:38.137 [taskScheduler-23] INFO  com.wgcloud.task.ScheduledTask - 批量提交监控数据任务结束----------2024-04-18 22:17:38
2024-04-18 22:18:38.132 [taskScheduler-23] INFO  com.wgcloud.task.ScheduledTask - 批量提交监控数据任务开始----------2024-04-18 22:18:38
2024-04-18 22:18:38.132 [taskScheduler-23] INFO  com.wgcloud.task.ScheduledTask - 批量提交监控数据任务结束----------2024-04-18 22:18:38
2024-04-18 22:19:38.123 [taskScheduler-23] INFO  com.wgcloud.task.ScheduledTask - 批量提交监控数据任务开始----------2024-04-18 22:19:38
2024-04-18 22:19:38.123 [taskScheduler-23] INFO  com.wgcloud.task.ScheduledTask - 批量提交监控数据任务结束----------2024-04-18 22:19:38
2024-04-18 22:20:38.134 [taskScheduler-23] INFO  com.wgcloud.task.ScheduledTask - 批量提交监控数据任务开始----------2024-04-18 22:20:38
2024-04-18 22:20:38.134 [taskScheduler-23] INFO  com.wgcloud.task.ScheduledTask - 批量提交监控数据任务结束----------2024-04-18 22:20:38
2024-04-18 22:21:38.133 [taskScheduler-23] INFO  com.wgcloud.task.ScheduledTask - 批量提交监控数据任务开始----------2024-04-18 22:21:38
2024-04-18 22:21:38.133 [taskScheduler-23] INFO  com.wgcloud.task.ScheduledTask - 批量提交监控数据任务结束----------2024-04-18 22:21:38
2024-04-18 22:22:38.123 [taskScheduler-9] INFO  com.wgcloud.task.ScheduledTask - 批量提交监控数据任务开始----------2024-04-18 22:22:38
2024-04-18 22:22:38.123 [taskScheduler-43] INFO  com.wgcloud.task.ScheduledTask - heathMonitorTask------------2024-04-18 22:22:38
2024-04-18 22:22:38.123 [taskScheduler-9] INFO  com.wgcloud.task.ScheduledTask - 批量提交监控数据任务结束----------2024-04-18 22:22:38
2024-04-18 22:23:38.128 [taskScheduler-9] INFO  com.wgcloud.task.ScheduledTask - 批量提交监控数据任务开始----------2024-04-18 22:23:38
2024-04-18 22:23:38.128 [taskScheduler-9] INFO  com.wgcloud.task.ScheduledTask - 批量提交监控数据任务结束----------2024-04-18 22:23:38
2024-04-18 22:24:38.122 [taskScheduler-9] INFO  com.wgcloud.task.ScheduledTask - 批量提交监控数据任务开始----------2024-04-18 22:24:38
2024-04-18 22:24:38.122 [taskScheduler-9] INFO  com.wgcloud.task.ScheduledTask - 批量提交监控数据任务结束----------2024-04-18 22:24:38
2024-04-18 22:25:38.130 [taskScheduler-9] INFO  com.wgcloud.task.ScheduledTask - 批量提交监控数据任务开始----------2024-04-18 22:25:38
2024-04-18 22:25:38.130 [taskScheduler-9] INFO  com.wgcloud.task.ScheduledTask - 批量提交监控数据任务结束----------2024-04-18 22:25:38
2024-04-18 22:26:38.130 [taskScheduler-21] INFO  com.wgcloud.task.ScheduledTask - 批量提交监控数据任务开始----------2024-04-18 22:26:38
2024-04-18 22:26:38.130 [taskScheduler-21] INFO  com.wgcloud.task.ScheduledTask - 批量提交监控数据任务结束----------2024-04-18 22:26:38
2024-04-18 22:27:38.133 [taskScheduler-21] INFO  com.wgcloud.task.ScheduledTask - 批量提交监控数据任务开始----------2024-04-18 22:27:38
2024-04-18 22:27:38.133 [taskScheduler-21] INFO  com.wgcloud.task.ScheduledTask - 批量提交监控数据任务结束----------2024-04-18 22:27:38
2024-04-18 22:28:38.136 [taskScheduler-21] INFO  com.wgcloud.task.ScheduledTask - 批量提交监控数据任务开始----------2024-04-18 22:28:38
2024-04-18 22:28:38.136 [taskScheduler-21] INFO  com.wgcloud.task.ScheduledTask - 批量提交监控数据任务结束----------2024-04-18 22:28:38
2024-04-18 22:29:38.134 [taskScheduler-21] INFO  com.wgcloud.task.ScheduledTask - 批量提交监控数据任务开始----------2024-04-18 22:29:38
2024-04-18 22:29:38.134 [taskScheduler-21] INFO  com.wgcloud.task.ScheduledTask - 批量提交监控数据任务结束----------2024-04-18 22:29:38
2024-04-18 22:30:38.134 [taskScheduler-21] INFO  com.wgcloud.task.ScheduledTask - 批量提交监控数据任务开始----------2024-04-18 22:30:38
2024-04-18 22:30:38.134 [taskScheduler-21] INFO  com.wgcloud.task.ScheduledTask - 批量提交监控数据任务结束----------2024-04-18 22:30:38
2024-04-18 22:31:38.134 [taskScheduler-21] INFO  com.wgcloud.task.ScheduledTask - 批量提交监控数据任务开始----------2024-04-18 22:31:38
2024-04-18 22:31:38.134 [taskScheduler-21] INFO  com.wgcloud.task.ScheduledTask - 批量提交监控数据任务结束----------2024-04-18 22:31:38
2024-04-18 22:32:38.135 [taskScheduler-21] INFO  com.wgcloud.task.ScheduledTask - heathMonitorTask------------2024-04-18 22:32:38
2024-04-18 22:32:38.135 [taskScheduler-10] INFO  com.wgcloud.task.ScheduledTask - 批量提交监控数据任务开始----------2024-04-18 22:32:38
2024-04-18 22:32:38.135 [taskScheduler-10] INFO  com.wgcloud.task.ScheduledTask - 批量提交监控数据任务结束----------2024-04-18 22:32:38
2024-04-18 22:33:38.138 [taskScheduler-10] INFO  com.wgcloud.task.ScheduledTask - 批量提交监控数据任务开始----------2024-04-18 22:33:38
2024-04-18 22:33:38.138 [taskScheduler-10] INFO  com.wgcloud.task.ScheduledTask - 批量提交监控数据任务结束----------2024-04-18 22:33:38
2024-04-18 22:34:38.135 [taskScheduler-10] INFO  com.wgcloud.task.ScheduledTask - 批量提交监控数据任务开始----------2024-04-18 22:34:38
2024-04-18 22:34:38.135 [taskScheduler-10] INFO  com.wgcloud.task.ScheduledTask - 批量提交监控数据任务结束----------2024-04-18 22:34:38
2024-04-18 22:35:38.128 [taskScheduler-10] INFO  com.wgcloud.task.ScheduledTask - 批量提交监控数据任务开始----------2024-04-18 22:35:38
2024-04-18 22:35:38.128 [taskScheduler-10] INFO  com.wgcloud.task.ScheduledTask - 批量提交监控数据任务结束----------2024-04-18 22:35:38
2024-04-18 22:36:38.132 [taskScheduler-10] INFO  com.wgcloud.task.ScheduledTask - 批量提交监控数据任务开始----------2024-04-18 22:36:38
2024-04-18 22:36:38.132 [taskScheduler-10] INFO  com.wgcloud.task.ScheduledTask - 批量提交监控数据任务结束----------2024-04-18 22:36:38
2024-04-18 22:37:38.138 [taskScheduler-10] INFO  com.wgcloud.task.ScheduledTask - 批量提交监控数据任务开始----------2024-04-18 22:37:38
2024-04-18 22:37:38.138 [taskScheduler-10] INFO  com.wgcloud.task.ScheduledTask - 批量提交监控数据任务结束----------2024-04-18 22:37:38
2024-04-18 22:38:38.130 [taskScheduler-10] INFO  com.wgcloud.task.ScheduledTask - 批量提交监控数据任务开始----------2024-04-18 22:38:38
2024-04-18 22:38:38.130 [taskScheduler-10] INFO  com.wgcloud.task.ScheduledTask - 批量提交监控数据任务结束----------2024-04-18 22:38:38
2024-04-18 22:39:38.136 [taskScheduler-10] INFO  com.wgcloud.task.ScheduledTask - 批量提交监控数据任务开始----------2024-04-18 22:39:38
2024-04-18 22:39:38.136 [taskScheduler-10] INFO  com.wgcloud.task.ScheduledTask - 批量提交监控数据任务结束----------2024-04-18 22:39:38
2024-04-18 22:40:38.127 [taskScheduler-10] INFO  com.wgcloud.task.ScheduledTask - 批量提交监控数据任务开始----------2024-04-18 22:40:38
2024-04-18 22:40:38.127 [taskScheduler-10] INFO  com.wgcloud.task.ScheduledTask - 批量提交监控数据任务结束----------2024-04-18 22:40:38
2024-04-18 22:41:38.123 [taskScheduler-10] INFO  com.wgcloud.task.ScheduledTask - 批量提交监控数据任务开始----------2024-04-18 22:41:38
2024-04-18 22:41:38.123 [taskScheduler-10] INFO  com.wgcloud.task.ScheduledTask - 批量提交监控数据任务结束----------2024-04-18 22:41:38
2024-04-18 22:42:38.133 [taskScheduler-49] INFO  com.wgcloud.task.ScheduledTask - 批量提交监控数据任务开始----------2024-04-18 22:42:38
2024-04-18 22:42:38.133 [taskScheduler-49] INFO  com.wgcloud.task.ScheduledTask - 批量提交监控数据任务结束----------2024-04-18 22:42:38
2024-04-18 22:42:38.133 [taskScheduler-11] INFO  com.wgcloud.task.ScheduledTask - heathMonitorTask------------2024-04-18 22:42:38
2024-04-18 22:43:38.136 [taskScheduler-49] INFO  com.wgcloud.task.ScheduledTask - 批量提交监控数据任务开始----------2024-04-18 22:43:38
2024-04-18 22:43:38.136 [taskScheduler-49] INFO  com.wgcloud.task.ScheduledTask - 批量提交监控数据任务结束----------2024-04-18 22:43:38
2024-04-18 22:44:38.128 [taskScheduler-49] INFO  com.wgcloud.task.ScheduledTask - 批量提交监控数据任务开始----------2024-04-18 22:44:38
2024-04-18 22:44:38.128 [taskScheduler-49] INFO  com.wgcloud.task.ScheduledTask - 批量提交监控数据任务结束----------2024-04-18 22:44:38
2024-04-18 22:45:38.126 [taskScheduler-49] INFO  com.wgcloud.task.ScheduledTask - 批量提交监控数据任务开始----------2024-04-18 22:45:38
2024-04-18 22:45:38.126 [taskScheduler-49] INFO  com.wgcloud.task.ScheduledTask - 批量提交监控数据任务结束----------2024-04-18 22:45:38
2024-04-18 22:46:38.136 [taskScheduler-13] INFO  com.wgcloud.task.ScheduledTask - 批量提交监控数据任务开始----------2024-04-18 22:46:38
2024-04-18 22:46:38.137 [taskScheduler-13] INFO  com.wgcloud.task.ScheduledTask - 批量提交监控数据任务结束----------2024-04-18 22:46:38
2024-04-18 22:47:38.130 [taskScheduler-13] INFO  com.wgcloud.task.ScheduledTask - 批量提交监控数据任务开始----------2024-04-18 22:47:38
2024-04-18 22:47:38.130 [taskScheduler-13] INFO  com.wgcloud.task.ScheduledTask - 批量提交监控数据任务结束----------2024-04-18 22:47:38
2024-04-18 22:48:38.134 [taskScheduler-13] INFO  com.wgcloud.task.ScheduledTask - 批量提交监控数据任务开始----------2024-04-18 22:48:38
2024-04-18 22:48:38.134 [taskScheduler-13] INFO  com.wgcloud.task.ScheduledTask - 批量提交监控数据任务结束----------2024-04-18 22:48:38
2024-04-18 22:49:38.127 [taskScheduler-13] INFO  com.wgcloud.task.ScheduledTask - 批量提交监控数据任务开始----------2024-04-18 22:49:38
2024-04-18 22:49:38.127 [taskScheduler-13] INFO  com.wgcloud.task.ScheduledTask - 批量提交监控数据任务结束----------2024-04-18 22:49:38
2024-04-18 22:50:38.133 [taskScheduler-13] INFO  com.wgcloud.task.ScheduledTask - 批量提交监控数据任务开始----------2024-04-18 22:50:38
2024-04-18 22:50:38.133 [taskScheduler-13] INFO  com.wgcloud.task.ScheduledTask - 批量提交监控数据任务结束----------2024-04-18 22:50:38
2024-04-18 22:51:38.135 [taskScheduler-13] INFO  com.wgcloud.task.ScheduledTask - 批量提交监控数据任务开始----------2024-04-18 22:51:38
2024-04-18 22:51:38.135 [taskScheduler-13] INFO  com.wgcloud.task.ScheduledTask - 批量提交监控数据任务结束----------2024-04-18 22:51:38
2024-04-18 22:52:38.130 [taskScheduler-43] INFO  com.wgcloud.task.ScheduledTask - heathMonitorTask------------2024-04-18 22:52:38
2024-04-18 22:52:38.130 [taskScheduler-16] INFO  com.wgcloud.task.ScheduledTask - 批量提交监控数据任务开始----------2024-04-18 22:52:38
2024-04-18 22:52:38.131 [taskScheduler-16] INFO  com.wgcloud.task.ScheduledTask - 批量提交监控数据任务结束----------2024-04-18 22:52:38
2024-04-18 22:53:38.132 [taskScheduler-16] INFO  com.wgcloud.task.ScheduledTask - 批量提交监控数据任务开始----------2024-04-18 22:53:38
2024-04-18 22:53:38.132 [taskScheduler-16] INFO  com.wgcloud.task.ScheduledTask - 批量提交监控数据任务结束----------2024-04-18 22:53:38
2024-04-18 22:54:38.128 [taskScheduler-16] INFO  com.wgcloud.task.ScheduledTask - 批量提交监控数据任务开始----------2024-04-18 22:54:38
2024-04-18 22:54:38.128 [taskScheduler-16] INFO  com.wgcloud.task.ScheduledTask - 批量提交监控数据任务结束----------2024-04-18 22:54:38
2024-04-18 22:55:38.134 [taskScheduler-16] INFO  com.wgcloud.task.ScheduledTask - 批量提交监控数据任务开始----------2024-04-18 22:55:38
2024-04-18 22:55:38.134 [taskScheduler-16] INFO  com.wgcloud.task.ScheduledTask - 批量提交监控数据任务结束----------2024-04-18 22:55:38
2024-04-18 22:56:38.130 [taskScheduler-16] INFO  com.wgcloud.task.ScheduledTask - 批量提交监控数据任务开始----------2024-04-18 22:56:38
2024-04-18 22:56:38.130 [taskScheduler-16] INFO  com.wgcloud.task.ScheduledTask - 批量提交监控数据任务结束----------2024-04-18 22:56:38
2024-04-18 22:57:38.134 [taskScheduler-16] INFO  com.wgcloud.task.ScheduledTask - 批量提交监控数据任务开始----------2024-04-18 22:57:38
2024-04-18 22:57:38.134 [taskScheduler-16] INFO  com.wgcloud.task.ScheduledTask - 批量提交监控数据任务结束----------2024-04-18 22:57:38
2024-04-18 22:58:38.124 [taskScheduler-16] INFO  com.wgcloud.task.ScheduledTask - 批量提交监控数据任务开始----------2024-04-18 22:58:38
2024-04-18 22:58:38.124 [taskScheduler-16] INFO  com.wgcloud.task.ScheduledTask - 批量提交监控数据任务结束----------2024-04-18 22:58:38
2024-04-18 22:59:38.125 [taskScheduler-16] INFO  com.wgcloud.task.ScheduledTask - 批量提交监控数据任务开始----------2024-04-18 22:59:38
2024-04-18 22:59:38.125 [taskScheduler-16] INFO  com.wgcloud.task.ScheduledTask - 批量提交监控数据任务结束----------2024-04-18 22:59:38
2024-04-18 23:00:38.133 [taskScheduler-16] INFO  com.wgcloud.task.ScheduledTask - 批量提交监控数据任务开始----------2024-04-18 23:00:38
2024-04-18 23:00:38.133 [taskScheduler-16] INFO  com.wgcloud.task.ScheduledTask - 批量提交监控数据任务结束----------2024-04-18 23:00:38
2024-04-18 23:01:38.134 [taskScheduler-16] INFO  com.wgcloud.task.ScheduledTask - 批量提交监控数据任务开始----------2024-04-18 23:01:38
2024-04-18 23:01:38.134 [taskScheduler-16] INFO  com.wgcloud.task.ScheduledTask - 批量提交监控数据任务结束----------2024-04-18 23:01:38
2024-04-18 23:02:38.128 [taskScheduler-16] INFO  com.wgcloud.task.ScheduledTask - heathMonitorTask------------2024-04-18 23:02:38
2024-04-18 23:02:38.128 [taskScheduler-4] INFO  com.wgcloud.task.ScheduledTask - 批量提交监控数据任务开始----------2024-04-18 23:02:38
2024-04-18 23:02:38.128 [taskScheduler-4] INFO  com.wgcloud.task.ScheduledTask - 批量提交监控数据任务结束----------2024-04-18 23:02:38
2024-04-18 23:03:38.128 [taskScheduler-4] INFO  com.wgcloud.task.ScheduledTask - 批量提交监控数据任务开始----------2024-04-18 23:03:38
2024-04-18 23:03:38.128 [taskScheduler-4] INFO  com.wgcloud.task.ScheduledTask - 批量提交监控数据任务结束----------2024-04-18 23:03:38
2024-04-18 23:04:38.126 [taskScheduler-4] INFO  com.wgcloud.task.ScheduledTask - 批量提交监控数据任务开始----------2024-04-18 23:04:38
2024-04-18 23:04:38.126 [taskScheduler-4] INFO  com.wgcloud.task.ScheduledTask - 批量提交监控数据任务结束----------2024-04-18 23:04:38
2024-04-18 23:05:38.129 [taskScheduler-4] INFO  com.wgcloud.task.ScheduledTask - 批量提交监控数据任务开始----------2024-04-18 23:05:38
2024-04-18 23:05:38.129 [taskScheduler-4] INFO  com.wgcloud.task.ScheduledTask - 批量提交监控数据任务结束----------2024-04-18 23:05:38
2024-04-18 23:06:38.124 [taskScheduler-15] INFO  com.wgcloud.task.ScheduledTask - 批量提交监控数据任务开始----------2024-04-18 23:06:38
2024-04-18 23:06:38.124 [taskScheduler-15] INFO  com.wgcloud.task.ScheduledTask - 批量提交监控数据任务结束----------2024-04-18 23:06:38
2024-04-18 23:07:38.130 [taskScheduler-15] INFO  com.wgcloud.task.ScheduledTask - 批量提交监控数据任务开始----------2024-04-18 23:07:38
2024-04-18 23:07:38.130 [taskScheduler-15] INFO  com.wgcloud.task.ScheduledTask - 批量提交监控数据任务结束----------2024-04-18 23:07:38
2024-04-18 23:08:38.125 [taskScheduler-15] INFO  com.wgcloud.task.ScheduledTask - 批量提交监控数据任务开始----------2024-04-18 23:08:38
2024-04-18 23:08:38.125 [taskScheduler-15] INFO  com.wgcloud.task.ScheduledTask - 批量提交监控数据任务结束----------2024-04-18 23:08:38
2024-04-18 23:09:38.132 [taskScheduler-15] INFO  com.wgcloud.task.ScheduledTask - 批量提交监控数据任务开始----------2024-04-18 23:09:38
2024-04-18 23:09:38.132 [taskScheduler-15] INFO  com.wgcloud.task.ScheduledTask - 批量提交监控数据任务结束----------2024-04-18 23:09:38
2024-04-18 23:10:38.134 [taskScheduler-15] INFO  com.wgcloud.task.ScheduledTask - 批量提交监控数据任务开始----------2024-04-18 23:10:38
2024-04-18 23:10:38.134 [taskScheduler-15] INFO  com.wgcloud.task.ScheduledTask - 批量提交监控数据任务结束----------2024-04-18 23:10:38
2024-04-18 23:11:38.129 [taskScheduler-15] INFO  com.wgcloud.task.ScheduledTask - 批量提交监控数据任务开始----------2024-04-18 23:11:38
2024-04-18 23:11:38.129 [taskScheduler-15] INFO  com.wgcloud.task.ScheduledTask - 批量提交监控数据任务结束----------2024-04-18 23:11:38
2024-04-18 23:12:38.131 [taskScheduler-27] INFO  com.wgcloud.task.ScheduledTask - heathMonitorTask------------2024-04-18 23:12:38
2024-04-18 23:12:38.131 [taskScheduler-50] INFO  com.wgcloud.task.ScheduledTask - 批量提交监控数据任务开始----------2024-04-18 23:12:38
2024-04-18 23:12:38.131 [taskScheduler-50] INFO  com.wgcloud.task.ScheduledTask - 批量提交监控数据任务结束----------2024-04-18 23:12:38
2024-04-18 23:13:38.134 [taskScheduler-50] INFO  com.wgcloud.task.ScheduledTask - 批量提交监控数据任务开始----------2024-04-18 23:13:38
2024-04-18 23:13:38.134 [taskScheduler-50] INFO  com.wgcloud.task.ScheduledTask - 批量提交监控数据任务结束----------2024-04-18 23:13:38
2024-04-18 23:14:38.138 [taskScheduler-50] INFO  com.wgcloud.task.ScheduledTask - 批量提交监控数据任务开始----------2024-04-18 23:14:38
2024-04-18 23:14:38.138 [taskScheduler-50] INFO  com.wgcloud.task.ScheduledTask - 批量提交监控数据任务结束----------2024-04-18 23:14:38
2024-04-18 23:15:38.134 [taskScheduler-50] INFO  com.wgcloud.task.ScheduledTask - 批量提交监控数据任务开始----------2024-04-18 23:15:38
2024-04-18 23:15:38.134 [taskScheduler-50] INFO  com.wgcloud.task.ScheduledTask - 批量提交监控数据任务结束----------2024-04-18 23:15:38
2024-04-18 23:16:38.135 [taskScheduler-50] INFO  com.wgcloud.task.ScheduledTask - 批量提交监控数据任务开始----------2024-04-18 23:16:38
2024-04-18 23:16:38.135 [taskScheduler-50] INFO  com.wgcloud.task.ScheduledTask - 批量提交监控数据任务结束----------2024-04-18 23:16:38
2024-04-18 23:17:38.135 [taskScheduler-50] INFO  com.wgcloud.task.ScheduledTask - 批量提交监控数据任务开始----------2024-04-18 23:17:38
2024-04-18 23:17:38.135 [taskScheduler-50] INFO  com.wgcloud.task.ScheduledTask - 批量提交监控数据任务结束----------2024-04-18 23:17:38
2024-04-18 23:18:38.125 [taskScheduler-50] INFO  com.wgcloud.task.ScheduledTask - 批量提交监控数据任务开始----------2024-04-18 23:18:38
2024-04-18 23:18:38.125 [taskScheduler-50] INFO  com.wgcloud.task.ScheduledTask - 批量提交监控数据任务结束----------2024-04-18 23:18:38
2024-04-18 23:19:38.137 [taskScheduler-50] INFO  com.wgcloud.task.ScheduledTask - 批量提交监控数据任务开始----------2024-04-18 23:19:38
2024-04-18 23:19:38.137 [taskScheduler-50] INFO  com.wgcloud.task.ScheduledTask - 批量提交监控数据任务结束----------2024-04-18 23:19:38
2024-04-18 23:20:38.132 [taskScheduler-50] INFO  com.wgcloud.task.ScheduledTask - 批量提交监控数据任务开始----------2024-04-18 23:20:38
2024-04-18 23:20:38.132 [taskScheduler-50] INFO  com.wgcloud.task.ScheduledTask - 批量提交监控数据任务结束----------2024-04-18 23:20:38
2024-04-18 23:21:38.135 [taskScheduler-50] INFO  com.wgcloud.task.ScheduledTask - 批量提交监控数据任务开始----------2024-04-18 23:21:38
2024-04-18 23:21:38.135 [taskScheduler-50] INFO  com.wgcloud.task.ScheduledTask - 批量提交监控数据任务结束----------2024-04-18 23:21:38
2024-04-18 23:22:38.132 [taskScheduler-19] INFO  com.wgcloud.task.ScheduledTask - heathMonitorTask------------2024-04-18 23:22:38
2024-04-18 23:22:38.132 [taskScheduler-50] INFO  com.wgcloud.task.ScheduledTask - 批量提交监控数据任务开始----------2024-04-18 23:22:38
2024-04-18 23:22:38.132 [taskScheduler-50] INFO  com.wgcloud.task.ScheduledTask - 批量提交监控数据任务结束----------2024-04-18 23:22:38
2024-04-18 23:23:38.123 [taskScheduler-50] INFO  com.wgcloud.task.ScheduledTask - 批量提交监控数据任务开始----------2024-04-18 23:23:38
2024-04-18 23:23:38.123 [taskScheduler-50] INFO  com.wgcloud.task.ScheduledTask - 批量提交监控数据任务结束----------2024-04-18 23:23:38
2024-04-18 23:24:38.135 [taskScheduler-50] INFO  com.wgcloud.task.ScheduledTask - 批量提交监控数据任务开始----------2024-04-18 23:24:38
2024-04-18 23:24:38.135 [taskScheduler-50] INFO  com.wgcloud.task.ScheduledTask - 批量提交监控数据任务结束----------2024-04-18 23:24:38
