2024-04-20 16:03:54.632 [restartedMain] INFO  com.wgcloud.WgcloudServiceApplication - Starting WgcloudServiceApplication using Java 1.8.0_152 on LAPTOP-6960I0SV with PID 7612 (D:\Code\wgcloud\wgcloud-server\target\classes started by 86150 in D:\Code\wgcloud)
2024-04-20 16:03:54.633 [restartedMain] INFO  com.wgcloud.WgcloudServiceApplication - No active profile set, falling back to 1 default profile: "default"
2024-04-20 16:03:54.680 [restartedMain] INFO  o.s.b.d.env.DevToolsPropertyDefaultsPostProcessor - Devtools property defaults active! Set 'spring.devtools.add-properties' to 'false' to disable
2024-04-20 16:03:54.681 [restartedMain] INFO  o.s.b.d.env.DevToolsPropertyDefaultsPostProcessor - For additional web related logging consider setting the 'logging.level.web' property to 'DEBUG'
2024-04-20 16:03:55.773 [restartedMain] INFO  o.s.boot.web.embedded.tomcat.TomcatWebServer - Tomcat initialized with port(s): 9999 (http)
2024-04-20 16:03:55.774 [restartedMain] INFO  org.apache.catalina.core.AprLifecycleListener - Loaded Apache Tomcat Native library [1.2.30] using APR version [1.7.0].
2024-04-20 16:03:55.774 [restartedMain] INFO  org.apache.catalina.core.AprLifecycleListener - APR capabilities: IPv6 [true], sendfile [true], accept filters [false], random [true], UDS [true].
2024-04-20 16:03:55.775 [restartedMain] INFO  org.apache.catalina.core.AprLifecycleListener - APR/OpenSSL configuration: useAprConnector [false], useOpenSSL [true]
2024-04-20 16:03:55.778 [restartedMain] INFO  org.apache.catalina.core.AprLifecycleListener - OpenSSL successfully initialized [OpenSSL 1.1.1k  25 Mar 2021]
2024-04-20 16:03:55.785 [restartedMain] INFO  org.apache.catalina.core.StandardService - Starting service [Tomcat]
2024-04-20 16:03:55.786 [restartedMain] INFO  org.apache.catalina.core.StandardEngine - Starting Servlet engine: [Apache Tomcat/9.0.60]
2024-04-20 16:03:55.854 [restartedMain] INFO  o.a.c.c.C.[Tomcat].[localhost].[/wgcloud] - Initializing Spring embedded WebApplicationContext
2024-04-20 16:03:55.855 [restartedMain] INFO  o.s.b.w.s.c.ServletWebServerApplicationContext - Root WebApplicationContext: initialization completed in 1174 ms
2024-04-20 16:03:57.475 [restartedMain] INFO  o.s.b.a.web.servlet.WelcomePageHandlerMapping - Adding welcome page template: index
2024-04-20 16:03:57.806 [restartedMain] INFO  o.s.b.d.autoconfigure.OptionalLiveReloadServer - LiveReload server is running on port 35729
2024-04-20 16:03:57.845 [restartedMain] INFO  o.s.boot.web.embedded.tomcat.TomcatWebServer - Tomcat started on port(s): 9999 (http) with context path '/wgcloud'
2024-04-20 16:03:57.856 [restartedMain] INFO  com.wgcloud.WgcloudServiceApplication - Started WgcloudServiceApplication in 3.686 seconds (JVM running for 5.332)
2024-04-20 16:04:17.877 [taskScheduler-1] WARN  com.zaxxer.hikari.HikariConfig - HikariPool-1 - idleTimeout has been set but has no effect because the pool is operating as a fixed size pool.
2024-04-20 16:04:17.878 [taskScheduler-1] INFO  com.zaxxer.hikari.HikariDataSource - HikariPool-1 - Starting...
2024-04-20 16:04:18.047 [taskScheduler-1] INFO  com.zaxxer.hikari.HikariDataSource - HikariPool-1 - Start completed.
2024-04-20 16:04:18.356 [http-nio-9999-exec-2] INFO  o.a.c.c.C.[Tomcat].[localhost].[/wgcloud] - Initializing Spring DispatcherServlet 'dispatcherServlet'
2024-04-20 16:04:18.356 [http-nio-9999-exec-2] INFO  org.springframework.web.servlet.DispatcherServlet - Initializing Servlet 'dispatcherServlet'
2024-04-20 16:04:18.357 [http-nio-9999-exec-2] INFO  org.springframework.web.servlet.DispatcherServlet - Completed initialization in 1 ms
2024-04-20 16:04:27.859 [taskScheduler-4] INFO  com.wgcloud.task.ScheduledTask - 批量提交监控数据任务开始----------2024-04-20 16:04:27
2024-04-20 16:04:27.859 [taskScheduler-4] INFO  com.wgcloud.task.ScheduledTask - 批量提交监控数据任务结束----------2024-04-20 16:04:27
2024-04-20 16:05:27.855 [taskScheduler-2] INFO  com.wgcloud.task.ScheduledTask - heathMonitorTask------------2024-04-20 16:05:27
2024-04-20 16:05:27.855 [taskScheduler-5] INFO  com.wgcloud.task.ScheduledTask - 批量提交监控数据任务开始----------2024-04-20 16:05:27
2024-04-20 16:05:27.856 [taskScheduler-5] INFO  com.wgcloud.task.ScheduledTask - 批量提交监控数据任务结束----------2024-04-20 16:05:27
2024-04-20 16:06:27.858 [taskScheduler-1] INFO  com.wgcloud.task.ScheduledTask - 批量提交监控数据任务开始----------2024-04-20 16:06:27
2024-04-20 16:06:27.858 [taskScheduler-1] INFO  com.wgcloud.task.ScheduledTask - 批量提交监控数据任务结束----------2024-04-20 16:06:27
2024-04-20 16:07:27.857 [taskScheduler-4] INFO  com.wgcloud.task.ScheduledTask - 批量提交监控数据任务开始----------2024-04-20 16:07:27
2024-04-20 16:07:27.858 [taskScheduler-4] INFO  com.wgcloud.task.ScheduledTask - 批量提交监控数据任务结束----------2024-04-20 16:07:27
2024-04-20 16:08:27.856 [taskScheduler-6] INFO  com.wgcloud.task.ScheduledTask - 批量提交监控数据任务开始----------2024-04-20 16:08:27
2024-04-20 16:08:27.856 [taskScheduler-6] INFO  com.wgcloud.task.ScheduledTask - 批量提交监控数据任务结束----------2024-04-20 16:08:27
2024-04-20 16:09:27.857 [taskScheduler-9] INFO  com.wgcloud.task.ScheduledTask - 批量提交监控数据任务开始----------2024-04-20 16:09:27
2024-04-20 16:09:27.857 [taskScheduler-9] INFO  com.wgcloud.task.ScheduledTask - 批量提交监控数据任务结束----------2024-04-20 16:09:27
2024-04-20 16:09:42.706 [SpringApplicationShutdownHook] INFO  com.zaxxer.hikari.HikariDataSource - HikariPool-1 - Shutdown initiated...
2024-04-20 16:09:42.710 [SpringApplicationShutdownHook] INFO  com.zaxxer.hikari.HikariDataSource - HikariPool-1 - Shutdown completed.
2024-04-20 16:16:29.178 [restartedMain] INFO  com.wgcloud.WgcloudServiceApplication - Starting WgcloudServiceApplication using Java 1.8.0_152 on LAPTOP-6960I0SV with PID 8364 (D:\Code\wgcloud\wgcloud-agent\target\classes started by 86150 in D:\Code\wgcloud)
2024-04-20 16:16:29.180 [restartedMain] INFO  com.wgcloud.WgcloudServiceApplication - No active profile set, falling back to 1 default profile: "default"
2024-04-20 16:16:29.219 [restartedMain] INFO  o.s.b.d.env.DevToolsPropertyDefaultsPostProcessor - Devtools property defaults active! Set 'spring.devtools.add-properties' to 'false' to disable
2024-04-20 16:16:29.219 [restartedMain] INFO  o.s.b.d.env.DevToolsPropertyDefaultsPostProcessor - For additional web related logging consider setting the 'logging.level.web' property to 'DEBUG'
2024-04-20 16:16:29.902 [restartedMain] INFO  o.s.boot.web.embedded.tomcat.TomcatWebServer - Tomcat initialized with port(s): 9998 (http)
2024-04-20 16:16:29.903 [restartedMain] INFO  org.apache.catalina.core.AprLifecycleListener - Loaded Apache Tomcat Native library [1.2.30] using APR version [1.7.0].
2024-04-20 16:16:29.903 [restartedMain] INFO  org.apache.catalina.core.AprLifecycleListener - APR capabilities: IPv6 [true], sendfile [true], accept filters [false], random [true], UDS [true].
2024-04-20 16:16:29.903 [restartedMain] INFO  org.apache.catalina.core.AprLifecycleListener - APR/OpenSSL configuration: useAprConnector [false], useOpenSSL [true]
2024-04-20 16:16:29.923 [restartedMain] INFO  org.apache.catalina.core.AprLifecycleListener - OpenSSL successfully initialized [OpenSSL 1.1.1k  25 Mar 2021]
2024-04-20 16:16:29.928 [restartedMain] INFO  org.apache.catalina.core.StandardService - Starting service [Tomcat]
2024-04-20 16:16:29.928 [restartedMain] INFO  org.apache.catalina.core.StandardEngine - Starting Servlet engine: [Apache Tomcat/9.0.60]
2024-04-20 16:16:29.975 [restartedMain] INFO  o.a.c.c.C.[Tomcat].[localhost].[/wgcloud-agent] - Initializing Spring embedded WebApplicationContext
2024-04-20 16:16:29.976 [restartedMain] INFO  o.s.b.w.s.c.ServletWebServerApplicationContext - Root WebApplicationContext: initialization completed in 756 ms
2024-04-20 16:16:30.249 [restartedMain] INFO  o.s.b.d.autoconfigure.OptionalLiveReloadServer - LiveReload server is running on port 35729
2024-04-20 16:16:30.272 [restartedMain] INFO  o.s.boot.web.embedded.tomcat.TomcatWebServer - Tomcat started on port(s): 9998 (http) with context path '/wgcloud-agent'
2024-04-20 16:16:30.281 [restartedMain] INFO  com.wgcloud.WgcloudServiceApplication - Started WgcloudServiceApplication in 1.41 seconds (JVM running for 2.346)
2024-04-20 16:17:02.442 [taskScheduler-1] ERROR o.s.s.support.TaskUtils$LoggingErrorHandler - Unexpected error occurred in scheduled task
org.springframework.web.client.ResourceAccessException: I/O error on POST request for "http://192.168.31.189:9999/wgcloud/agent/minTask": Connection refused: connect; nested exception is java.net.ConnectException: Connection refused: connect
	at org.springframework.web.client.RestTemplate.doExecute(RestTemplate.java:785)
	at org.springframework.web.client.RestTemplate.execute(RestTemplate.java:711)
	at org.springframework.web.client.RestTemplate.postForEntity(RestTemplate.java:468)
	at com.wgcloud.RestUtil.post(RestUtil.java:49)
	at com.wgcloud.ScheduledTask.appInfoListTask(ScheduledTask.java:220)
	at sun.reflect.NativeMethodAccessorImpl.invoke0(Native Method)
	at sun.reflect.NativeMethodAccessorImpl.invoke(NativeMethodAccessorImpl.java:62)
	at sun.reflect.DelegatingMethodAccessorImpl.invoke(DelegatingMethodAccessorImpl.java:43)
	at java.lang.reflect.Method.invoke(Method.java:498)
	at org.springframework.scheduling.support.ScheduledMethodRunnable.run(ScheduledMethodRunnable.java:84)
	at org.springframework.scheduling.support.DelegatingErrorHandlingRunnable.run(DelegatingErrorHandlingRunnable.java:54)
	at java.util.concurrent.Executors$RunnableAdapter.call(Executors.java:511)
	at java.util.concurrent.FutureTask.runAndReset(FutureTask.java:308)
	at java.util.concurrent.ScheduledThreadPoolExecutor$ScheduledFutureTask.access$301(ScheduledThreadPoolExecutor.java:180)
	at java.util.concurrent.ScheduledThreadPoolExecutor$ScheduledFutureTask.run(ScheduledThreadPoolExecutor.java:294)
	at java.util.concurrent.ThreadPoolExecutor.runWorker(ThreadPoolExecutor.java:1149)
	at java.util.concurrent.ThreadPoolExecutor$Worker.run(ThreadPoolExecutor.java:624)
	at java.lang.Thread.run(Thread.java:748)
Caused by: java.net.ConnectException: Connection refused: connect
	at java.net.DualStackPlainSocketImpl.connect0(Native Method)
	at java.net.DualStackPlainSocketImpl.socketConnect(DualStackPlainSocketImpl.java:79)
	at java.net.AbstractPlainSocketImpl.doConnect(AbstractPlainSocketImpl.java:350)
	at java.net.AbstractPlainSocketImpl.connectToAddress(AbstractPlainSocketImpl.java:206)
	at java.net.AbstractPlainSocketImpl.connect(AbstractPlainSocketImpl.java:188)
	at java.net.PlainSocketImpl.connect(PlainSocketImpl.java:172)
	at java.net.SocksSocketImpl.connect(SocksSocketImpl.java:392)
	at java.net.Socket.connect(Socket.java:589)
	at java.net.Socket.connect(Socket.java:538)
	at sun.net.NetworkClient.doConnect(NetworkClient.java:180)
	at sun.net.www.http.HttpClient.openServer(HttpClient.java:463)
	at sun.net.www.http.HttpClient.openServer(HttpClient.java:558)
	at sun.net.www.http.HttpClient.<init>(HttpClient.java:242)
	at sun.net.www.http.HttpClient.New(HttpClient.java:339)
	at sun.net.www.http.HttpClient.New(HttpClient.java:357)
	at sun.net.www.protocol.http.HttpURLConnection.getNewHttpClient(HttpURLConnection.java:1220)
	at sun.net.www.protocol.http.HttpURLConnection.plainConnect0(HttpURLConnection.java:1156)
	at sun.net.www.protocol.http.HttpURLConnection.plainConnect(HttpURLConnection.java:1050)
	at sun.net.www.protocol.http.HttpURLConnection.connect(HttpURLConnection.java:984)
	at org.springframework.http.client.SimpleBufferingClientHttpRequest.executeInternal(SimpleBufferingClientHttpRequest.java:76)
	at org.springframework.http.client.AbstractBufferingClientHttpRequest.executeInternal(AbstractBufferingClientHttpRequest.java:48)
	at org.springframework.http.client.AbstractClientHttpRequest.execute(AbstractClientHttpRequest.java:66)
	at org.springframework.web.client.RestTemplate.doExecute(RestTemplate.java:776)
	... 17 common frames omitted
2024-04-20 16:17:41.334 [taskScheduler-2] ERROR o.s.s.support.TaskUtils$LoggingErrorHandler - Unexpected error occurred in scheduled task
org.springframework.web.client.ResourceAccessException: I/O error on POST request for "http://192.168.31.189:9999/wgcloud/agent/minTask": Connection refused: connect; nested exception is java.net.ConnectException: Connection refused: connect
	at org.springframework.web.client.RestTemplate.doExecute(RestTemplate.java:785)
	at org.springframework.web.client.RestTemplate.execute(RestTemplate.java:711)
	at org.springframework.web.client.RestTemplate.postForEntity(RestTemplate.java:468)
	at com.wgcloud.RestUtil.post(RestUtil.java:49)
	at com.wgcloud.ScheduledTask.minTask(ScheduledTask.java:169)
	at sun.reflect.NativeMethodAccessorImpl.invoke0(Native Method)
	at sun.reflect.NativeMethodAccessorImpl.invoke(NativeMethodAccessorImpl.java:62)
	at sun.reflect.DelegatingMethodAccessorImpl.invoke(DelegatingMethodAccessorImpl.java:43)
	at java.lang.reflect.Method.invoke(Method.java:498)
	at org.springframework.scheduling.support.ScheduledMethodRunnable.run(ScheduledMethodRunnable.java:84)
	at org.springframework.scheduling.support.DelegatingErrorHandlingRunnable.run(DelegatingErrorHandlingRunnable.java:54)
	at java.util.concurrent.Executors$RunnableAdapter.call(Executors.java:511)
	at java.util.concurrent.FutureTask.runAndReset(FutureTask.java:308)
	at java.util.concurrent.ScheduledThreadPoolExecutor$ScheduledFutureTask.access$301(ScheduledThreadPoolExecutor.java:180)
	at java.util.concurrent.ScheduledThreadPoolExecutor$ScheduledFutureTask.run(ScheduledThreadPoolExecutor.java:294)
	at java.util.concurrent.ThreadPoolExecutor.runWorker(ThreadPoolExecutor.java:1149)
	at java.util.concurrent.ThreadPoolExecutor$Worker.run(ThreadPoolExecutor.java:624)
	at java.lang.Thread.run(Thread.java:748)
Caused by: java.net.ConnectException: Connection refused: connect
	at java.net.DualStackPlainSocketImpl.connect0(Native Method)
	at java.net.DualStackPlainSocketImpl.socketConnect(DualStackPlainSocketImpl.java:79)
	at java.net.AbstractPlainSocketImpl.doConnect(AbstractPlainSocketImpl.java:350)
	at java.net.AbstractPlainSocketImpl.connectToAddress(AbstractPlainSocketImpl.java:206)
	at java.net.AbstractPlainSocketImpl.connect(AbstractPlainSocketImpl.java:188)
	at java.net.PlainSocketImpl.connect(PlainSocketImpl.java:172)
	at java.net.SocksSocketImpl.connect(SocksSocketImpl.java:392)
	at java.net.Socket.connect(Socket.java:589)
	at java.net.Socket.connect(Socket.java:538)
	at sun.net.NetworkClient.doConnect(NetworkClient.java:180)
	at sun.net.www.http.HttpClient.openServer(HttpClient.java:463)
	at sun.net.www.http.HttpClient.openServer(HttpClient.java:558)
	at sun.net.www.http.HttpClient.<init>(HttpClient.java:242)
	at sun.net.www.http.HttpClient.New(HttpClient.java:339)
	at sun.net.www.http.HttpClient.New(HttpClient.java:357)
	at sun.net.www.protocol.http.HttpURLConnection.getNewHttpClient(HttpURLConnection.java:1220)
	at sun.net.www.protocol.http.HttpURLConnection.plainConnect0(HttpURLConnection.java:1156)
	at sun.net.www.protocol.http.HttpURLConnection.plainConnect(HttpURLConnection.java:1050)
	at sun.net.www.protocol.http.HttpURLConnection.connect(HttpURLConnection.java:984)
	at org.springframework.http.client.SimpleBufferingClientHttpRequest.executeInternal(SimpleBufferingClientHttpRequest.java:76)
	at org.springframework.http.client.AbstractBufferingClientHttpRequest.executeInternal(AbstractBufferingClientHttpRequest.java:48)
	at org.springframework.http.client.AbstractClientHttpRequest.execute(AbstractClientHttpRequest.java:66)
	at org.springframework.web.client.RestTemplate.doExecute(RestTemplate.java:776)
	... 17 common frames omitted
2024-04-20 16:19:51.917 [restartedMain] INFO  com.wgcloud.WgcloudServiceApplication - Starting WgcloudServiceApplication using Java 1.8.0_152 on LAPTOP-6960I0SV with PID 15688 (D:\Code\wgcloud\wgcloud-server\target\classes started by 86150 in D:\Code\wgcloud)
2024-04-20 16:19:51.919 [restartedMain] INFO  com.wgcloud.WgcloudServiceApplication - No active profile set, falling back to 1 default profile: "default"
2024-04-20 16:19:51.960 [restartedMain] INFO  o.s.b.d.env.DevToolsPropertyDefaultsPostProcessor - Devtools property defaults active! Set 'spring.devtools.add-properties' to 'false' to disable
2024-04-20 16:19:51.960 [restartedMain] INFO  o.s.b.d.env.DevToolsPropertyDefaultsPostProcessor - For additional web related logging consider setting the 'logging.level.web' property to 'DEBUG'
2024-04-20 16:19:52.935 [restartedMain] INFO  o.s.boot.web.embedded.tomcat.TomcatWebServer - Tomcat initialized with port(s): 9999 (http)
2024-04-20 16:19:52.936 [restartedMain] INFO  org.apache.catalina.core.AprLifecycleListener - Loaded Apache Tomcat Native library [1.2.30] using APR version [1.7.0].
2024-04-20 16:19:52.936 [restartedMain] INFO  org.apache.catalina.core.AprLifecycleListener - APR capabilities: IPv6 [true], sendfile [true], accept filters [false], random [true], UDS [true].
2024-04-20 16:19:52.936 [restartedMain] INFO  org.apache.catalina.core.AprLifecycleListener - APR/OpenSSL configuration: useAprConnector [false], useOpenSSL [true]
2024-04-20 16:19:52.955 [restartedMain] INFO  org.apache.catalina.core.AprLifecycleListener - OpenSSL successfully initialized [OpenSSL 1.1.1k  25 Mar 2021]
2024-04-20 16:19:52.962 [restartedMain] INFO  org.apache.catalina.core.StandardService - Starting service [Tomcat]
2024-04-20 16:19:52.963 [restartedMain] INFO  org.apache.catalina.core.StandardEngine - Starting Servlet engine: [Apache Tomcat/9.0.60]
2024-04-20 16:19:53.031 [restartedMain] INFO  o.a.c.c.C.[Tomcat].[localhost].[/wgcloud] - Initializing Spring embedded WebApplicationContext
2024-04-20 16:19:53.031 [restartedMain] INFO  o.s.b.w.s.c.ServletWebServerApplicationContext - Root WebApplicationContext: initialization completed in 1070 ms
2024-04-20 16:19:54.256 [restartedMain] INFO  o.s.b.a.web.servlet.WelcomePageHandlerMapping - Adding welcome page template: index
2024-04-20 16:19:54.495 [restartedMain] INFO  o.s.b.d.autoconfigure.OptionalLiveReloadServer - LiveReload server is running on port 35729
2024-04-20 16:19:54.522 [restartedMain] INFO  o.s.boot.web.embedded.tomcat.TomcatWebServer - Tomcat started on port(s): 9999 (http) with context path '/wgcloud'
2024-04-20 16:19:54.533 [restartedMain] INFO  com.wgcloud.WgcloudServiceApplication - Started WgcloudServiceApplication in 3.083 seconds (JVM running for 4.366)
2024-04-20 16:19:58.157 [http-nio-9999-exec-2] INFO  o.a.c.c.C.[Tomcat].[localhost].[/wgcloud] - Initializing Spring DispatcherServlet 'dispatcherServlet'
2024-04-20 16:19:58.158 [http-nio-9999-exec-2] INFO  org.springframework.web.servlet.DispatcherServlet - Initializing Servlet 'dispatcherServlet'
2024-04-20 16:19:58.160 [http-nio-9999-exec-2] INFO  org.springframework.web.servlet.DispatcherServlet - Completed initialization in 2 ms
2024-04-20 16:19:58.185 [http-nio-9999-exec-2] WARN  org.springframework.web.servlet.PageNotFound - No mapping for GET /wgcloud/login/login.html
2024-04-20 16:20:14.560 [taskScheduler-1] WARN  com.zaxxer.hikari.HikariConfig - HikariPool-1 - idleTimeout has been set but has no effect because the pool is operating as a fixed size pool.
2024-04-20 16:20:14.561 [taskScheduler-1] INFO  com.zaxxer.hikari.HikariDataSource - HikariPool-1 - Starting...
2024-04-20 16:20:14.685 [taskScheduler-1] INFO  com.zaxxer.hikari.HikariDataSource - HikariPool-1 - Start completed.
2024-04-20 16:20:24.540 [taskScheduler-2] INFO  com.wgcloud.task.ScheduledTask - 批量提交监控数据任务开始----------2024-04-20 16:20:24
2024-04-20 16:20:24.541 [taskScheduler-2] INFO  com.wgcloud.task.ScheduledTask - 批量提交监控数据任务结束----------2024-04-20 16:20:24
2024-04-20 16:21:24.533 [taskScheduler-5] INFO  com.wgcloud.task.ScheduledTask - 批量提交监控数据任务开始----------2024-04-20 16:21:24
2024-04-20 16:21:24.533 [taskScheduler-4] INFO  com.wgcloud.task.ScheduledTask - heathMonitorTask------------2024-04-20 16:21:24
2024-04-20 16:21:24.536 [taskScheduler-5] INFO  com.wgcloud.task.ScheduledTask - 批量提交监控数据任务结束----------2024-04-20 16:21:24
2024-04-20 16:22:24.535 [taskScheduler-1] INFO  com.wgcloud.task.ScheduledTask - 批量提交监控数据任务开始----------2024-04-20 16:22:24
2024-04-20 16:22:24.583 [taskScheduler-1] INFO  com.wgcloud.task.ScheduledTask - 批量提交监控数据任务结束----------2024-04-20 16:22:24
2024-04-20 16:23:24.541 [taskScheduler-2] INFO  com.wgcloud.task.ScheduledTask - 批量提交监控数据任务开始----------2024-04-20 16:23:24
2024-04-20 16:23:24.541 [taskScheduler-2] INFO  com.wgcloud.task.ScheduledTask - 批量提交监控数据任务结束----------2024-04-20 16:23:24
2024-04-20 16:24:24.545 [taskScheduler-3] INFO  com.wgcloud.task.ScheduledTask - 批量提交监控数据任务开始----------2024-04-20 16:24:24
2024-04-20 16:24:24.578 [taskScheduler-3] INFO  com.wgcloud.task.ScheduledTask - 批量提交监控数据任务结束----------2024-04-20 16:24:24
2024-04-20 16:25:24.533 [taskScheduler-9] INFO  com.wgcloud.task.ScheduledTask - 批量提交监控数据任务开始----------2024-04-20 16:25:24
2024-04-20 16:25:24.533 [taskScheduler-9] INFO  com.wgcloud.task.ScheduledTask - 批量提交监控数据任务结束----------2024-04-20 16:25:24
2024-04-20 16:26:24.531 [taskScheduler-9] INFO  com.wgcloud.task.ScheduledTask - 批量提交监控数据任务开始----------2024-04-20 16:26:24
2024-04-20 16:26:24.555 [taskScheduler-9] INFO  com.wgcloud.task.ScheduledTask - 批量提交监控数据任务结束----------2024-04-20 16:26:24
2024-04-20 16:27:24.535 [taskScheduler-11] INFO  com.wgcloud.task.ScheduledTask - 批量提交监控数据任务开始----------2024-04-20 16:27:24
2024-04-20 16:27:24.535 [taskScheduler-11] INFO  com.wgcloud.task.ScheduledTask - 批量提交监控数据任务结束----------2024-04-20 16:27:24
2024-04-20 16:28:24.533 [taskScheduler-12] INFO  com.wgcloud.task.ScheduledTask - 批量提交监控数据任务开始----------2024-04-20 16:28:24
2024-04-20 16:28:24.562 [taskScheduler-12] INFO  com.wgcloud.task.ScheduledTask - 批量提交监控数据任务结束----------2024-04-20 16:28:24
2024-04-20 16:29:24.533 [taskScheduler-13] INFO  com.wgcloud.task.ScheduledTask - 批量提交监控数据任务开始----------2024-04-20 16:29:24
2024-04-20 16:29:24.534 [taskScheduler-13] INFO  com.wgcloud.task.ScheduledTask - 批量提交监控数据任务结束----------2024-04-20 16:29:24
2024-04-20 16:29:51.409 [SpringApplicationShutdownHook] INFO  com.zaxxer.hikari.HikariDataSource - HikariPool-1 - Shutdown initiated...
2024-04-20 16:29:51.411 [SpringApplicationShutdownHook] INFO  com.zaxxer.hikari.HikariDataSource - HikariPool-1 - Shutdown completed.
2024-04-20 16:29:56.052 [restartedMain] INFO  com.wgcloud.WgcloudServiceApplication - Starting WgcloudServiceApplication using Java 1.8.0_152 on LAPTOP-6960I0SV with PID 5648 (D:\Code\wgcloud\wgcloud-server\target\classes started by 86150 in D:\Code\wgcloud)
2024-04-20 16:29:56.054 [restartedMain] INFO  com.wgcloud.WgcloudServiceApplication - No active profile set, falling back to 1 default profile: "default"
2024-04-20 16:29:56.092 [restartedMain] INFO  o.s.b.d.env.DevToolsPropertyDefaultsPostProcessor - Devtools property defaults active! Set 'spring.devtools.add-properties' to 'false' to disable
2024-04-20 16:29:56.093 [restartedMain] INFO  o.s.b.d.env.DevToolsPropertyDefaultsPostProcessor - For additional web related logging consider setting the 'logging.level.web' property to 'DEBUG'
2024-04-20 16:29:56.998 [restartedMain] INFO  o.s.boot.web.embedded.tomcat.TomcatWebServer - Tomcat initialized with port(s): 9999 (http)
2024-04-20 16:29:56.999 [restartedMain] INFO  org.apache.catalina.core.AprLifecycleListener - Loaded Apache Tomcat Native library [1.2.30] using APR version [1.7.0].
2024-04-20 16:29:56.999 [restartedMain] INFO  org.apache.catalina.core.AprLifecycleListener - APR capabilities: IPv6 [true], sendfile [true], accept filters [false], random [true], UDS [true].
2024-04-20 16:29:56.999 [restartedMain] INFO  org.apache.catalina.core.AprLifecycleListener - APR/OpenSSL configuration: useAprConnector [false], useOpenSSL [true]
2024-04-20 16:29:57.002 [restartedMain] INFO  org.apache.catalina.core.AprLifecycleListener - OpenSSL successfully initialized [OpenSSL 1.1.1k  25 Mar 2021]
2024-04-20 16:29:57.009 [restartedMain] INFO  org.apache.catalina.core.StandardService - Starting service [Tomcat]
2024-04-20 16:29:57.009 [restartedMain] INFO  org.apache.catalina.core.StandardEngine - Starting Servlet engine: [Apache Tomcat/9.0.60]
2024-04-20 16:29:57.078 [restartedMain] INFO  o.a.c.c.C.[Tomcat].[localhost].[/wgcloud] - Initializing Spring embedded WebApplicationContext
2024-04-20 16:29:57.079 [restartedMain] INFO  o.s.b.w.s.c.ServletWebServerApplicationContext - Root WebApplicationContext: initialization completed in 985 ms
2024-04-20 16:29:58.358 [restartedMain] INFO  o.s.b.a.web.servlet.WelcomePageHandlerMapping - Adding welcome page template: index
2024-04-20 16:29:58.581 [restartedMain] INFO  o.s.b.d.autoconfigure.OptionalLiveReloadServer - LiveReload server is running on port 35729
2024-04-20 16:29:58.614 [restartedMain] INFO  o.s.boot.web.embedded.tomcat.TomcatWebServer - Tomcat started on port(s): 9999 (http) with context path '/wgcloud'
2024-04-20 16:29:58.624 [restartedMain] INFO  com.wgcloud.WgcloudServiceApplication - Started WgcloudServiceApplication in 2.954 seconds (JVM running for 4.228)
2024-04-20 16:29:59.731 [http-nio-9999-exec-1] INFO  o.a.c.c.C.[Tomcat].[localhost].[/wgcloud] - Initializing Spring DispatcherServlet 'dispatcherServlet'
2024-04-20 16:29:59.731 [http-nio-9999-exec-1] INFO  org.springframework.web.servlet.DispatcherServlet - Initializing Servlet 'dispatcherServlet'
2024-04-20 16:29:59.732 [http-nio-9999-exec-1] INFO  org.springframework.web.servlet.DispatcherServlet - Completed initialization in 1 ms
2024-04-20 16:30:12.311 [http-nio-9999-exec-2] WARN  com.zaxxer.hikari.HikariConfig - HikariPool-1 - idleTimeout has been set but has no effect because the pool is operating as a fixed size pool.
2024-04-20 16:30:12.312 [http-nio-9999-exec-2] INFO  com.zaxxer.hikari.HikariDataSource - HikariPool-1 - Starting...
2024-04-20 16:30:12.431 [http-nio-9999-exec-2] INFO  com.zaxxer.hikari.HikariDataSource - HikariPool-1 - Start completed.
2024-04-20 16:30:28.638 [taskScheduler-3] INFO  com.wgcloud.task.ScheduledTask - 批量提交监控数据任务开始----------2024-04-20 16:30:28
2024-04-20 16:30:28.680 [taskScheduler-3] INFO  com.wgcloud.task.ScheduledTask - 批量提交监控数据任务结束----------2024-04-20 16:30:28
2024-04-20 16:30:35.842 [http-nio-9999-exec-5] WARN  org.springframework.web.servlet.PageNotFound - No mapping for GET /wgcloud/login/login.html
2024-04-20 16:30:49.376 [http-nio-9999-exec-10] WARN  org.springframework.web.servlet.PageNotFound - No mapping for GET /wgcloud/login/login.html
2024-04-20 16:31:28.638 [taskScheduler-2] INFO  com.wgcloud.task.ScheduledTask - heathMonitorTask------------2024-04-20 16:31:28
2024-04-20 16:31:28.638 [taskScheduler-5] INFO  com.wgcloud.task.ScheduledTask - 批量提交监控数据任务开始----------2024-04-20 16:31:28
2024-04-20 16:31:28.639 [taskScheduler-5] INFO  com.wgcloud.task.ScheduledTask - 批量提交监控数据任务结束----------2024-04-20 16:31:28
2024-04-20 16:32:28.638 [taskScheduler-1] INFO  com.wgcloud.task.ScheduledTask - 批量提交监控数据任务开始----------2024-04-20 16:32:28
2024-04-20 16:32:28.661 [taskScheduler-1] INFO  com.wgcloud.task.ScheduledTask - 批量提交监控数据任务结束----------2024-04-20 16:32:28
2024-04-20 16:32:57.053 [SpringApplicationShutdownHook] INFO  com.zaxxer.hikari.HikariDataSource - HikariPool-1 - Shutdown initiated...
2024-04-20 16:32:57.055 [SpringApplicationShutdownHook] INFO  com.zaxxer.hikari.HikariDataSource - HikariPool-1 - Shutdown completed.
2024-04-20 16:33:01.318 [restartedMain] INFO  com.wgcloud.WgcloudServiceApplication - Starting WgcloudServiceApplication using Java 1.8.0_152 on LAPTOP-6960I0SV with PID 8320 (D:\Code\wgcloud\wgcloud-server\target\classes started by 86150 in D:\Code\wgcloud)
2024-04-20 16:33:01.319 [restartedMain] INFO  com.wgcloud.WgcloudServiceApplication - No active profile set, falling back to 1 default profile: "default"
2024-04-20 16:33:01.354 [restartedMain] INFO  o.s.b.d.env.DevToolsPropertyDefaultsPostProcessor - Devtools property defaults active! Set 'spring.devtools.add-properties' to 'false' to disable
2024-04-20 16:33:01.354 [restartedMain] INFO  o.s.b.d.env.DevToolsPropertyDefaultsPostProcessor - For additional web related logging consider setting the 'logging.level.web' property to 'DEBUG'
2024-04-20 16:33:02.257 [restartedMain] INFO  o.s.boot.web.embedded.tomcat.TomcatWebServer - Tomcat initialized with port(s): 9999 (http)
2024-04-20 16:33:02.258 [restartedMain] INFO  org.apache.catalina.core.AprLifecycleListener - Loaded Apache Tomcat Native library [1.2.30] using APR version [1.7.0].
2024-04-20 16:33:02.258 [restartedMain] INFO  org.apache.catalina.core.AprLifecycleListener - APR capabilities: IPv6 [true], sendfile [true], accept filters [false], random [true], UDS [true].
2024-04-20 16:33:02.258 [restartedMain] INFO  org.apache.catalina.core.AprLifecycleListener - APR/OpenSSL configuration: useAprConnector [false], useOpenSSL [true]
2024-04-20 16:33:02.260 [restartedMain] INFO  org.apache.catalina.core.AprLifecycleListener - OpenSSL successfully initialized [OpenSSL 1.1.1k  25 Mar 2021]
2024-04-20 16:33:02.267 [restartedMain] INFO  org.apache.catalina.core.StandardService - Starting service [Tomcat]
2024-04-20 16:33:02.267 [restartedMain] INFO  org.apache.catalina.core.StandardEngine - Starting Servlet engine: [Apache Tomcat/9.0.60]
2024-04-20 16:33:02.332 [restartedMain] INFO  o.a.c.c.C.[Tomcat].[localhost].[/wgcloud] - Initializing Spring embedded WebApplicationContext
2024-04-20 16:33:02.332 [restartedMain] INFO  o.s.b.w.s.c.ServletWebServerApplicationContext - Root WebApplicationContext: initialization completed in 977 ms
2024-04-20 16:33:03.563 [restartedMain] INFO  o.s.b.a.web.servlet.WelcomePageHandlerMapping - Adding welcome page template: index
2024-04-20 16:33:03.788 [restartedMain] INFO  o.s.b.d.autoconfigure.OptionalLiveReloadServer - LiveReload server is running on port 35729
2024-04-20 16:33:03.820 [restartedMain] INFO  o.s.boot.web.embedded.tomcat.TomcatWebServer - Tomcat started on port(s): 9999 (http) with context path '/wgcloud'
2024-04-20 16:33:03.831 [restartedMain] INFO  com.wgcloud.WgcloudServiceApplication - Started WgcloudServiceApplication in 2.889 seconds (JVM running for 4.13)
2024-04-20 16:33:23.858 [taskScheduler-1] WARN  com.zaxxer.hikari.HikariConfig - HikariPool-1 - idleTimeout has been set but has no effect because the pool is operating as a fixed size pool.
2024-04-20 16:33:23.859 [taskScheduler-1] INFO  com.zaxxer.hikari.HikariDataSource - HikariPool-1 - Starting...
2024-04-20 16:33:23.977 [taskScheduler-1] INFO  com.zaxxer.hikari.HikariDataSource - HikariPool-1 - Start completed.
2024-04-20 16:33:27.978 [http-nio-9999-exec-1] INFO  o.a.c.c.C.[Tomcat].[localhost].[/wgcloud] - Initializing Spring DispatcherServlet 'dispatcherServlet'
2024-04-20 16:33:27.978 [http-nio-9999-exec-1] INFO  org.springframework.web.servlet.DispatcherServlet - Initializing Servlet 'dispatcherServlet'
2024-04-20 16:33:27.979 [http-nio-9999-exec-1] INFO  org.springframework.web.servlet.DispatcherServlet - Completed initialization in 1 ms
2024-04-20 16:33:33.836 [taskScheduler-3] INFO  com.wgcloud.task.ScheduledTask - 批量提交监控数据任务开始----------2024-04-20 16:33:33
2024-04-20 16:33:33.837 [taskScheduler-3] INFO  com.wgcloud.task.ScheduledTask - 批量提交监控数据任务结束----------2024-04-20 16:33:33
2024-04-20 16:33:48.918 [SpringApplicationShutdownHook] INFO  com.zaxxer.hikari.HikariDataSource - HikariPool-1 - Shutdown initiated...
2024-04-20 16:33:48.921 [SpringApplicationShutdownHook] INFO  com.zaxxer.hikari.HikariDataSource - HikariPool-1 - Shutdown completed.
2024-04-20 16:33:53.419 [restartedMain] INFO  com.wgcloud.WgcloudServiceApplication - Starting WgcloudServiceApplication using Java 1.8.0_152 on LAPTOP-6960I0SV with PID 15240 (D:\Code\wgcloud\wgcloud-server\target\classes started by 86150 in D:\Code\wgcloud)
2024-04-20 16:33:53.422 [restartedMain] INFO  com.wgcloud.WgcloudServiceApplication - No active profile set, falling back to 1 default profile: "default"
2024-04-20 16:33:53.462 [restartedMain] INFO  o.s.b.d.env.DevToolsPropertyDefaultsPostProcessor - Devtools property defaults active! Set 'spring.devtools.add-properties' to 'false' to disable
2024-04-20 16:33:53.462 [restartedMain] INFO  o.s.b.d.env.DevToolsPropertyDefaultsPostProcessor - For additional web related logging consider setting the 'logging.level.web' property to 'DEBUG'
2024-04-20 16:33:54.891 [restartedMain] INFO  o.s.boot.web.embedded.tomcat.TomcatWebServer - Tomcat initialized with port(s): 9999 (http)
2024-04-20 16:33:54.893 [restartedMain] INFO  org.apache.catalina.core.AprLifecycleListener - Loaded Apache Tomcat Native library [1.2.30] using APR version [1.7.0].
2024-04-20 16:33:54.893 [restartedMain] INFO  org.apache.catalina.core.AprLifecycleListener - APR capabilities: IPv6 [true], sendfile [true], accept filters [false], random [true], UDS [true].
2024-04-20 16:33:54.893 [restartedMain] INFO  org.apache.catalina.core.AprLifecycleListener - APR/OpenSSL configuration: useAprConnector [false], useOpenSSL [true]
2024-04-20 16:33:54.919 [restartedMain] INFO  org.apache.catalina.core.AprLifecycleListener - OpenSSL successfully initialized [OpenSSL 1.1.1k  25 Mar 2021]
2024-04-20 16:33:54.930 [restartedMain] INFO  org.apache.catalina.core.StandardService - Starting service [Tomcat]
2024-04-20 16:33:54.930 [restartedMain] INFO  org.apache.catalina.core.StandardEngine - Starting Servlet engine: [Apache Tomcat/9.0.60]
2024-04-20 16:33:55.020 [restartedMain] INFO  o.a.c.c.C.[Tomcat].[localhost].[/wgcloud] - Initializing Spring embedded WebApplicationContext
2024-04-20 16:33:55.020 [restartedMain] INFO  o.s.b.w.s.c.ServletWebServerApplicationContext - Root WebApplicationContext: initialization completed in 1557 ms
2024-04-20 16:33:56.943 [restartedMain] INFO  o.s.b.a.web.servlet.WelcomePageHandlerMapping - Adding welcome page template: index
2024-04-20 16:33:57.350 [restartedMain] INFO  o.s.b.d.autoconfigure.OptionalLiveReloadServer - LiveReload server is running on port 35729
2024-04-20 16:33:57.415 [restartedMain] INFO  o.s.boot.web.embedded.tomcat.TomcatWebServer - Tomcat started on port(s): 9999 (http) with context path '/wgcloud'
2024-04-20 16:33:57.434 [restartedMain] INFO  com.wgcloud.WgcloudServiceApplication - Started WgcloudServiceApplication in 4.491 seconds (JVM running for 6.683)
2024-04-20 16:33:59.782 [http-nio-9999-exec-1] INFO  o.a.c.c.C.[Tomcat].[localhost].[/wgcloud] - Initializing Spring DispatcherServlet 'dispatcherServlet'
2024-04-20 16:33:59.782 [http-nio-9999-exec-1] INFO  org.springframework.web.servlet.DispatcherServlet - Initializing Servlet 'dispatcherServlet'
2024-04-20 16:33:59.783 [http-nio-9999-exec-1] INFO  org.springframework.web.servlet.DispatcherServlet - Completed initialization in 1 ms
2024-04-20 16:34:07.112 [http-nio-9999-exec-2] WARN  com.zaxxer.hikari.HikariConfig - HikariPool-1 - idleTimeout has been set but has no effect because the pool is operating as a fixed size pool.
2024-04-20 16:34:07.113 [http-nio-9999-exec-2] INFO  com.zaxxer.hikari.HikariDataSource - HikariPool-1 - Starting...
2024-04-20 16:34:07.312 [http-nio-9999-exec-2] INFO  com.zaxxer.hikari.HikariDataSource - HikariPool-1 - Start completed.
2024-04-20 16:34:27.437 [taskScheduler-2] INFO  com.wgcloud.task.ScheduledTask - 批量提交监控数据任务开始----------2024-04-20 16:34:27
2024-04-20 16:34:27.500 [taskScheduler-2] INFO  com.wgcloud.task.ScheduledTask - 批量提交监控数据任务结束----------2024-04-20 16:34:27
2024-04-20 16:35:27.430 [taskScheduler-4] INFO  com.wgcloud.task.ScheduledTask - heathMonitorTask------------2024-04-20 16:35:27
2024-04-20 16:35:27.430 [taskScheduler-5] INFO  com.wgcloud.task.ScheduledTask - 批量提交监控数据任务开始----------2024-04-20 16:35:27
2024-04-20 16:35:27.430 [taskScheduler-5] INFO  com.wgcloud.task.ScheduledTask - 批量提交监控数据任务结束----------2024-04-20 16:35:27
2024-04-20 16:36:27.433 [taskScheduler-1] INFO  com.wgcloud.task.ScheduledTask - 批量提交监控数据任务开始----------2024-04-20 16:36:27
2024-04-20 16:36:27.454 [taskScheduler-1] INFO  com.wgcloud.task.ScheduledTask - 批量提交监控数据任务结束----------2024-04-20 16:36:27
2024-04-20 16:37:27.443 [taskScheduler-2] INFO  com.wgcloud.task.ScheduledTask - 批量提交监控数据任务开始----------2024-04-20 16:37:27
2024-04-20 16:37:27.444 [taskScheduler-2] INFO  com.wgcloud.task.ScheduledTask - 批量提交监控数据任务结束----------2024-04-20 16:37:27
2024-04-20 16:38:27.441 [taskScheduler-3] INFO  com.wgcloud.task.ScheduledTask - 批量提交监控数据任务开始----------2024-04-20 16:38:27
2024-04-20 16:38:27.465 [taskScheduler-3] INFO  com.wgcloud.task.ScheduledTask - 批量提交监控数据任务结束----------2024-04-20 16:38:27
2024-04-20 16:39:27.430 [taskScheduler-7] INFO  com.wgcloud.task.ScheduledTask - 批量提交监控数据任务开始----------2024-04-20 16:39:27
2024-04-20 16:39:27.430 [taskScheduler-7] INFO  com.wgcloud.task.ScheduledTask - 批量提交监控数据任务结束----------2024-04-20 16:39:27
2024-04-20 16:40:27.434 [taskScheduler-4] INFO  com.wgcloud.task.ScheduledTask - 批量提交监控数据任务开始----------2024-04-20 16:40:27
2024-04-20 16:40:27.456 [taskScheduler-4] INFO  com.wgcloud.task.ScheduledTask - 批量提交监控数据任务结束----------2024-04-20 16:40:27
2024-04-20 16:41:27.439 [taskScheduler-1] INFO  com.wgcloud.task.ScheduledTask - 批量提交监控数据任务开始----------2024-04-20 16:41:27
2024-04-20 16:41:27.439 [taskScheduler-1] INFO  com.wgcloud.task.ScheduledTask - 批量提交监控数据任务结束----------2024-04-20 16:41:27
2024-04-20 16:42:27.441 [taskScheduler-2] INFO  com.wgcloud.task.ScheduledTask - 批量提交监控数据任务开始----------2024-04-20 16:42:27
2024-04-20 16:42:27.460 [taskScheduler-2] INFO  com.wgcloud.task.ScheduledTask - 批量提交监控数据任务结束----------2024-04-20 16:42:27
2024-04-20 16:43:27.431 [taskScheduler-3] INFO  com.wgcloud.task.ScheduledTask - 批量提交监控数据任务开始----------2024-04-20 16:43:27
2024-04-20 16:43:27.431 [taskScheduler-3] INFO  com.wgcloud.task.ScheduledTask - 批量提交监控数据任务结束----------2024-04-20 16:43:27
2024-04-20 16:44:03.795 [SpringApplicationShutdownHook] INFO  com.zaxxer.hikari.HikariDataSource - HikariPool-1 - Shutdown initiated...
2024-04-20 16:44:03.801 [SpringApplicationShutdownHook] INFO  com.zaxxer.hikari.HikariDataSource - HikariPool-1 - Shutdown completed.
2024-04-20 16:44:07.433 [restartedMain] INFO  com.wgcloud.WgcloudServiceApplication - Starting WgcloudServiceApplication using Java 1.8.0_152 on LAPTOP-6960I0SV with PID 13160 (D:\Code\wgcloud\wgcloud-server\target\classes started by 86150 in D:\Code\wgcloud)
2024-04-20 16:44:07.434 [restartedMain] INFO  com.wgcloud.WgcloudServiceApplication - No active profile set, falling back to 1 default profile: "default"
2024-04-20 16:44:07.476 [restartedMain] INFO  o.s.b.d.env.DevToolsPropertyDefaultsPostProcessor - Devtools property defaults active! Set 'spring.devtools.add-properties' to 'false' to disable
2024-04-20 16:44:07.477 [restartedMain] INFO  o.s.b.d.env.DevToolsPropertyDefaultsPostProcessor - For additional web related logging consider setting the 'logging.level.web' property to 'DEBUG'
2024-04-20 16:44:08.463 [restartedMain] INFO  o.s.boot.web.embedded.tomcat.TomcatWebServer - Tomcat initialized with port(s): 9999 (http)
2024-04-20 16:44:08.464 [restartedMain] INFO  org.apache.catalina.core.AprLifecycleListener - Loaded Apache Tomcat Native library [1.2.30] using APR version [1.7.0].
2024-04-20 16:44:08.465 [restartedMain] INFO  org.apache.catalina.core.AprLifecycleListener - APR capabilities: IPv6 [true], sendfile [true], accept filters [false], random [true], UDS [true].
2024-04-20 16:44:08.465 [restartedMain] INFO  org.apache.catalina.core.AprLifecycleListener - APR/OpenSSL configuration: useAprConnector [false], useOpenSSL [true]
2024-04-20 16:44:08.485 [restartedMain] INFO  org.apache.catalina.core.AprLifecycleListener - OpenSSL successfully initialized [OpenSSL 1.1.1k  25 Mar 2021]
2024-04-20 16:44:08.492 [restartedMain] INFO  org.apache.catalina.core.StandardService - Starting service [Tomcat]
2024-04-20 16:44:08.492 [restartedMain] INFO  org.apache.catalina.core.StandardEngine - Starting Servlet engine: [Apache Tomcat/9.0.60]
2024-04-20 16:44:08.559 [restartedMain] INFO  o.a.c.c.C.[Tomcat].[localhost].[/wgcloud] - Initializing Spring embedded WebApplicationContext
2024-04-20 16:44:08.559 [restartedMain] INFO  o.s.b.w.s.c.ServletWebServerApplicationContext - Root WebApplicationContext: initialization completed in 1082 ms
2024-04-20 16:44:09.791 [restartedMain] INFO  o.s.b.a.web.servlet.WelcomePageHandlerMapping - Adding welcome page template: index
2024-04-20 16:44:10.015 [restartedMain] INFO  o.s.b.d.autoconfigure.OptionalLiveReloadServer - LiveReload server is running on port 35729
2024-04-20 16:44:10.048 [restartedMain] INFO  o.s.boot.web.embedded.tomcat.TomcatWebServer - Tomcat started on port(s): 9999 (http) with context path '/wgcloud'
2024-04-20 16:44:10.059 [restartedMain] INFO  com.wgcloud.WgcloudServiceApplication - Started WgcloudServiceApplication in 3.035 seconds (JVM running for 4.378)
2024-04-20 16:44:12.844 [http-nio-9999-exec-1] INFO  o.a.c.c.C.[Tomcat].[localhost].[/wgcloud] - Initializing Spring DispatcherServlet 'dispatcherServlet'
2024-04-20 16:44:12.845 [http-nio-9999-exec-1] INFO  org.springframework.web.servlet.DispatcherServlet - Initializing Servlet 'dispatcherServlet'
2024-04-20 16:44:12.846 [http-nio-9999-exec-1] INFO  org.springframework.web.servlet.DispatcherServlet - Completed initialization in 1 ms
2024-04-20 16:44:12.891 [http-nio-9999-exec-1] WARN  com.zaxxer.hikari.HikariConfig - HikariPool-1 - idleTimeout has been set but has no effect because the pool is operating as a fixed size pool.
2024-04-20 16:44:12.891 [http-nio-9999-exec-1] INFO  com.zaxxer.hikari.HikariDataSource - HikariPool-1 - Starting...
2024-04-20 16:44:13.031 [http-nio-9999-exec-1] INFO  com.zaxxer.hikari.HikariDataSource - HikariPool-1 - Start completed.
2024-04-20 16:44:16.958 [http-nio-9999-exec-10] WARN  org.springframework.web.servlet.PageNotFound - No mapping for GET /wgcloud/login/login.html
2024-04-20 16:44:40.070 [taskScheduler-2] INFO  com.wgcloud.task.ScheduledTask - 批量提交监控数据任务开始----------2024-04-20 16:44:40
2024-04-20 16:44:40.071 [taskScheduler-2] INFO  com.wgcloud.task.ScheduledTask - 批量提交监控数据任务结束----------2024-04-20 16:44:40
2024-04-20 16:44:52.344 [SpringApplicationShutdownHook] INFO  com.zaxxer.hikari.HikariDataSource - HikariPool-1 - Shutdown initiated...
2024-04-20 16:44:52.348 [SpringApplicationShutdownHook] INFO  com.zaxxer.hikari.HikariDataSource - HikariPool-1 - Shutdown completed.
2024-04-20 16:44:55.554 [restartedMain] INFO  com.wgcloud.WgcloudServiceApplication - Starting WgcloudServiceApplication using Java 1.8.0_152 on LAPTOP-6960I0SV with PID 4296 (D:\Code\wgcloud\wgcloud-server\target\classes started by 86150 in D:\Code\wgcloud)
2024-04-20 16:44:55.555 [restartedMain] INFO  com.wgcloud.WgcloudServiceApplication - No active profile set, falling back to 1 default profile: "default"
2024-04-20 16:44:55.591 [restartedMain] INFO  o.s.b.d.env.DevToolsPropertyDefaultsPostProcessor - Devtools property defaults active! Set 'spring.devtools.add-properties' to 'false' to disable
2024-04-20 16:44:55.592 [restartedMain] INFO  o.s.b.d.env.DevToolsPropertyDefaultsPostProcessor - For additional web related logging consider setting the 'logging.level.web' property to 'DEBUG'
2024-04-20 16:44:56.487 [restartedMain] INFO  o.s.boot.web.embedded.tomcat.TomcatWebServer - Tomcat initialized with port(s): 9999 (http)
2024-04-20 16:44:56.488 [restartedMain] INFO  org.apache.catalina.core.AprLifecycleListener - Loaded Apache Tomcat Native library [1.2.30] using APR version [1.7.0].
2024-04-20 16:44:56.488 [restartedMain] INFO  org.apache.catalina.core.AprLifecycleListener - APR capabilities: IPv6 [true], sendfile [true], accept filters [false], random [true], UDS [true].
2024-04-20 16:44:56.488 [restartedMain] INFO  org.apache.catalina.core.AprLifecycleListener - APR/OpenSSL configuration: useAprConnector [false], useOpenSSL [true]
2024-04-20 16:44:56.490 [restartedMain] INFO  org.apache.catalina.core.AprLifecycleListener - OpenSSL successfully initialized [OpenSSL 1.1.1k  25 Mar 2021]
2024-04-20 16:44:56.497 [restartedMain] INFO  org.apache.catalina.core.StandardService - Starting service [Tomcat]
2024-04-20 16:44:56.497 [restartedMain] INFO  org.apache.catalina.core.StandardEngine - Starting Servlet engine: [Apache Tomcat/9.0.60]
2024-04-20 16:44:56.565 [restartedMain] INFO  o.a.c.c.C.[Tomcat].[localhost].[/wgcloud] - Initializing Spring embedded WebApplicationContext
2024-04-20 16:44:56.566 [restartedMain] INFO  o.s.b.w.s.c.ServletWebServerApplicationContext - Root WebApplicationContext: initialization completed in 973 ms
2024-04-20 16:44:57.750 [restartedMain] INFO  o.s.b.a.web.servlet.WelcomePageHandlerMapping - Adding welcome page template: index
2024-04-20 16:44:57.968 [restartedMain] INFO  o.s.b.d.autoconfigure.OptionalLiveReloadServer - LiveReload server is running on port 35729
2024-04-20 16:44:58.001 [restartedMain] INFO  o.s.boot.web.embedded.tomcat.TomcatWebServer - Tomcat started on port(s): 9999 (http) with context path '/wgcloud'
2024-04-20 16:44:58.012 [restartedMain] INFO  com.wgcloud.WgcloudServiceApplication - Started WgcloudServiceApplication in 2.841 seconds (JVM running for 4.202)
2024-04-20 16:45:06.238 [http-nio-9999-exec-2] INFO  o.a.c.c.C.[Tomcat].[localhost].[/wgcloud] - Initializing Spring DispatcherServlet 'dispatcherServlet'
2024-04-20 16:45:06.238 [http-nio-9999-exec-2] INFO  org.springframework.web.servlet.DispatcherServlet - Initializing Servlet 'dispatcherServlet'
2024-04-20 16:45:06.239 [http-nio-9999-exec-2] INFO  org.springframework.web.servlet.DispatcherServlet - Completed initialization in 0 ms
2024-04-20 16:45:06.264 [http-nio-9999-exec-2] WARN  org.springframework.web.servlet.PageNotFound - No mapping for GET /wgcloud/login/login.html
2024-04-20 16:45:08.049 [http-nio-9999-exec-8] WARN  org.springframework.web.servlet.PageNotFound - No mapping for GET /wgcloud/login/login.html
2024-04-20 16:45:08.813 [http-nio-9999-exec-2] WARN  org.springframework.web.servlet.PageNotFound - No mapping for GET /wgcloud/login/login.html
2024-04-20 16:45:09.429 [http-nio-9999-exec-3] WARN  org.springframework.web.servlet.PageNotFound - No mapping for GET /wgcloud/login/login.html
2024-04-20 16:45:14.469 [http-nio-9999-exec-2] WARN  org.springframework.web.servlet.PageNotFound - No mapping for GET /wgcloud/login/login.html
2024-04-20 16:45:18.030 [taskScheduler-1] WARN  com.zaxxer.hikari.HikariConfig - HikariPool-1 - idleTimeout has been set but has no effect because the pool is operating as a fixed size pool.
2024-04-20 16:45:18.030 [taskScheduler-1] INFO  com.zaxxer.hikari.HikariDataSource - HikariPool-1 - Starting...
2024-04-20 16:45:18.149 [taskScheduler-1] INFO  com.zaxxer.hikari.HikariDataSource - HikariPool-1 - Start completed.
2024-04-20 16:45:28.013 [taskScheduler-3] INFO  com.wgcloud.task.ScheduledTask - 批量提交监控数据任务开始----------2024-04-20 16:45:28
2024-04-20 16:45:28.014 [taskScheduler-3] INFO  com.wgcloud.task.ScheduledTask - 批量提交监控数据任务结束----------2024-04-20 16:45:28
2024-04-20 16:46:28.013 [taskScheduler-2] INFO  com.wgcloud.task.ScheduledTask - 批量提交监控数据任务开始----------2024-04-20 16:46:28
2024-04-20 16:46:28.013 [taskScheduler-5] INFO  com.wgcloud.task.ScheduledTask - heathMonitorTask------------2024-04-20 16:46:28
2024-04-20 16:46:28.054 [taskScheduler-2] INFO  com.wgcloud.task.ScheduledTask - 批量提交监控数据任务结束----------2024-04-20 16:46:28
2024-04-20 16:47:28.017 [taskScheduler-1] INFO  com.wgcloud.task.ScheduledTask - 批量提交监控数据任务开始----------2024-04-20 16:47:28
2024-04-20 16:47:28.017 [taskScheduler-1] INFO  com.wgcloud.task.ScheduledTask - 批量提交监控数据任务结束----------2024-04-20 16:47:28
2024-04-20 16:48:23.979 [SpringApplicationShutdownHook] INFO  com.zaxxer.hikari.HikariDataSource - HikariPool-1 - Shutdown initiated...
2024-04-20 16:48:23.981 [SpringApplicationShutdownHook] INFO  com.zaxxer.hikari.HikariDataSource - HikariPool-1 - Shutdown completed.
2024-04-20 16:48:27.663 [restartedMain] INFO  com.wgcloud.WgcloudServiceApplication - Starting WgcloudServiceApplication using Java 1.8.0_152 on LAPTOP-6960I0SV with PID 1692 (D:\Code\wgcloud\wgcloud-server\target\classes started by 86150 in D:\Code\wgcloud)
2024-04-20 16:48:27.665 [restartedMain] INFO  com.wgcloud.WgcloudServiceApplication - No active profile set, falling back to 1 default profile: "default"
2024-04-20 16:48:27.728 [restartedMain] INFO  o.s.b.d.env.DevToolsPropertyDefaultsPostProcessor - Devtools property defaults active! Set 'spring.devtools.add-properties' to 'false' to disable
2024-04-20 16:48:27.728 [restartedMain] INFO  o.s.b.d.env.DevToolsPropertyDefaultsPostProcessor - For additional web related logging consider setting the 'logging.level.web' property to 'DEBUG'
2024-04-20 16:48:29.274 [restartedMain] INFO  o.s.boot.web.embedded.tomcat.TomcatWebServer - Tomcat initialized with port(s): 9999 (http)
2024-04-20 16:48:29.275 [restartedMain] INFO  org.apache.catalina.core.AprLifecycleListener - Loaded Apache Tomcat Native library [1.2.30] using APR version [1.7.0].
2024-04-20 16:48:29.275 [restartedMain] INFO  org.apache.catalina.core.AprLifecycleListener - APR capabilities: IPv6 [true], sendfile [true], accept filters [false], random [true], UDS [true].
2024-04-20 16:48:29.275 [restartedMain] INFO  org.apache.catalina.core.AprLifecycleListener - APR/OpenSSL configuration: useAprConnector [false], useOpenSSL [true]
2024-04-20 16:48:29.278 [restartedMain] INFO  org.apache.catalina.core.AprLifecycleListener - OpenSSL successfully initialized [OpenSSL 1.1.1k  25 Mar 2021]
2024-04-20 16:48:29.285 [restartedMain] INFO  org.apache.catalina.core.StandardService - Starting service [Tomcat]
2024-04-20 16:48:29.286 [restartedMain] INFO  org.apache.catalina.core.StandardEngine - Starting Servlet engine: [Apache Tomcat/9.0.60]
2024-04-20 16:48:29.380 [restartedMain] INFO  o.a.c.c.C.[Tomcat].[localhost].[/wgcloud] - Initializing Spring embedded WebApplicationContext
2024-04-20 16:48:29.380 [restartedMain] INFO  o.s.b.w.s.c.ServletWebServerApplicationContext - Root WebApplicationContext: initialization completed in 1651 ms
2024-04-20 16:48:30.633 [restartedMain] INFO  o.s.b.a.web.servlet.WelcomePageHandlerMapping - Adding welcome page template: index
2024-04-20 16:48:30.852 [restartedMain] INFO  o.s.b.d.autoconfigure.OptionalLiveReloadServer - LiveReload server is running on port 35729
2024-04-20 16:48:30.887 [restartedMain] INFO  o.s.boot.web.embedded.tomcat.TomcatWebServer - Tomcat started on port(s): 9999 (http) with context path '/wgcloud'
2024-04-20 16:48:30.899 [restartedMain] INFO  com.wgcloud.WgcloudServiceApplication - Started WgcloudServiceApplication in 3.815 seconds (JVM running for 5.488)
2024-04-20 16:48:42.762 [http-nio-9999-exec-2] INFO  o.a.c.c.C.[Tomcat].[localhost].[/wgcloud] - Initializing Spring DispatcherServlet 'dispatcherServlet'
2024-04-20 16:48:42.762 [http-nio-9999-exec-2] INFO  org.springframework.web.servlet.DispatcherServlet - Initializing Servlet 'dispatcherServlet'
2024-04-20 16:48:42.763 [http-nio-9999-exec-2] INFO  org.springframework.web.servlet.DispatcherServlet - Completed initialization in 1 ms
2024-04-20 16:48:49.123 [http-nio-9999-exec-4] WARN  com.zaxxer.hikari.HikariConfig - HikariPool-1 - idleTimeout has been set but has no effect because the pool is operating as a fixed size pool.
2024-04-20 16:48:49.124 [http-nio-9999-exec-4] INFO  com.zaxxer.hikari.HikariDataSource - HikariPool-1 - Starting...
2024-04-20 16:48:49.238 [http-nio-9999-exec-4] INFO  com.zaxxer.hikari.HikariDataSource - HikariPool-1 - Start completed.
2024-04-20 16:49:00.903 [taskScheduler-2] INFO  com.wgcloud.task.ScheduledTask - 批量提交监控数据任务开始----------2024-04-20 16:49:00
2024-04-20 16:49:00.904 [taskScheduler-2] INFO  com.wgcloud.task.ScheduledTask - 批量提交监控数据任务结束----------2024-04-20 16:49:00
2024-04-20 16:50:00.901 [taskScheduler-4] INFO  com.wgcloud.task.ScheduledTask - heathMonitorTask------------2024-04-20 16:50:00
2024-04-20 16:50:00.901 [taskScheduler-5] INFO  com.wgcloud.task.ScheduledTask - 批量提交监控数据任务开始----------2024-04-20 16:50:00
2024-04-20 16:50:00.944 [taskScheduler-5] INFO  com.wgcloud.task.ScheduledTask - 批量提交监控数据任务结束----------2024-04-20 16:50:00
2024-04-20 16:51:00.899 [taskScheduler-1] INFO  com.wgcloud.task.ScheduledTask - 批量提交监控数据任务开始----------2024-04-20 16:51:00
2024-04-20 16:51:00.899 [taskScheduler-1] INFO  com.wgcloud.task.ScheduledTask - 批量提交监控数据任务结束----------2024-04-20 16:51:00
2024-04-20 16:52:00.909 [taskScheduler-2] INFO  com.wgcloud.task.ScheduledTask - 批量提交监控数据任务开始----------2024-04-20 16:52:00
2024-04-20 16:52:00.929 [taskScheduler-2] INFO  com.wgcloud.task.ScheduledTask - 批量提交监控数据任务结束----------2024-04-20 16:52:00
2024-04-20 16:52:36.634 [SpringApplicationShutdownHook] INFO  com.zaxxer.hikari.HikariDataSource - HikariPool-1 - Shutdown initiated...
2024-04-20 16:52:36.637 [SpringApplicationShutdownHook] INFO  com.zaxxer.hikari.HikariDataSource - HikariPool-1 - Shutdown completed.
2024-04-20 16:52:40.099 [restartedMain] INFO  com.wgcloud.WgcloudServiceApplication - Starting WgcloudServiceApplication using Java 1.8.0_152 on LAPTOP-6960I0SV with PID 12748 (D:\Code\wgcloud\wgcloud-server\target\classes started by 86150 in D:\Code\wgcloud)
2024-04-20 16:52:40.100 [restartedMain] INFO  com.wgcloud.WgcloudServiceApplication - No active profile set, falling back to 1 default profile: "default"
2024-04-20 16:52:40.142 [restartedMain] INFO  o.s.b.d.env.DevToolsPropertyDefaultsPostProcessor - Devtools property defaults active! Set 'spring.devtools.add-properties' to 'false' to disable
2024-04-20 16:52:40.142 [restartedMain] INFO  o.s.b.d.env.DevToolsPropertyDefaultsPostProcessor - For additional web related logging consider setting the 'logging.level.web' property to 'DEBUG'
2024-04-20 16:52:41.087 [restartedMain] INFO  o.s.boot.web.embedded.tomcat.TomcatWebServer - Tomcat initialized with port(s): 9999 (http)
2024-04-20 16:52:41.088 [restartedMain] INFO  org.apache.catalina.core.AprLifecycleListener - Loaded Apache Tomcat Native library [1.2.30] using APR version [1.7.0].
2024-04-20 16:52:41.088 [restartedMain] INFO  org.apache.catalina.core.AprLifecycleListener - APR capabilities: IPv6 [true], sendfile [true], accept filters [false], random [true], UDS [true].
2024-04-20 16:52:41.089 [restartedMain] INFO  org.apache.catalina.core.AprLifecycleListener - APR/OpenSSL configuration: useAprConnector [false], useOpenSSL [true]
2024-04-20 16:52:41.093 [restartedMain] INFO  org.apache.catalina.core.AprLifecycleListener - OpenSSL successfully initialized [OpenSSL 1.1.1k  25 Mar 2021]
2024-04-20 16:52:41.100 [restartedMain] INFO  org.apache.catalina.core.StandardService - Starting service [Tomcat]
2024-04-20 16:52:41.100 [restartedMain] INFO  org.apache.catalina.core.StandardEngine - Starting Servlet engine: [Apache Tomcat/9.0.60]
2024-04-20 16:52:41.213 [restartedMain] INFO  o.a.c.c.C.[Tomcat].[localhost].[/wgcloud] - Initializing Spring embedded WebApplicationContext
2024-04-20 16:52:41.213 [restartedMain] INFO  o.s.b.w.s.c.ServletWebServerApplicationContext - Root WebApplicationContext: initialization completed in 1071 ms
2024-04-20 16:52:43.000 [restartedMain] INFO  o.s.b.a.web.servlet.WelcomePageHandlerMapping - Adding welcome page template: index
2024-04-20 16:52:43.234 [restartedMain] INFO  o.s.b.d.autoconfigure.OptionalLiveReloadServer - LiveReload server is running on port 35729
2024-04-20 16:52:43.273 [restartedMain] INFO  o.s.boot.web.embedded.tomcat.TomcatWebServer - Tomcat started on port(s): 9999 (http) with context path '/wgcloud'
2024-04-20 16:52:43.284 [restartedMain] INFO  com.wgcloud.WgcloudServiceApplication - Started WgcloudServiceApplication in 3.67 seconds (JVM running for 4.937)
2024-04-20 16:52:49.458 [http-nio-9999-exec-1] INFO  o.a.c.c.C.[Tomcat].[localhost].[/wgcloud] - Initializing Spring DispatcherServlet 'dispatcherServlet'
2024-04-20 16:52:49.458 [http-nio-9999-exec-1] INFO  org.springframework.web.servlet.DispatcherServlet - Initializing Servlet 'dispatcherServlet'
2024-04-20 16:52:49.459 [http-nio-9999-exec-1] INFO  org.springframework.web.servlet.DispatcherServlet - Completed initialization in 1 ms
2024-04-20 16:52:56.883 [http-nio-9999-exec-7] WARN  com.zaxxer.hikari.HikariConfig - HikariPool-1 - idleTimeout has been set but has no effect because the pool is operating as a fixed size pool.
2024-04-20 16:52:56.884 [http-nio-9999-exec-7] INFO  com.zaxxer.hikari.HikariDataSource - HikariPool-1 - Starting...
2024-04-20 16:52:57.006 [http-nio-9999-exec-7] INFO  com.zaxxer.hikari.HikariDataSource - HikariPool-1 - Start completed.
2024-04-20 16:53:13.294 [taskScheduler-3] INFO  com.wgcloud.task.ScheduledTask - 批量提交监控数据任务开始----------2024-04-20 16:53:13
2024-04-20 16:53:13.295 [taskScheduler-3] INFO  com.wgcloud.task.ScheduledTask - 批量提交监控数据任务结束----------2024-04-20 16:53:13
2024-04-20 16:54:13.292 [taskScheduler-4] INFO  com.wgcloud.task.ScheduledTask - heathMonitorTask------------2024-04-20 16:54:13
2024-04-20 16:54:13.292 [taskScheduler-5] INFO  com.wgcloud.task.ScheduledTask - 批量提交监控数据任务开始----------2024-04-20 16:54:13
2024-04-20 16:54:13.329 [taskScheduler-5] INFO  com.wgcloud.task.ScheduledTask - 批量提交监控数据任务结束----------2024-04-20 16:54:13
2024-04-20 16:55:13.288 [taskScheduler-1] INFO  com.wgcloud.task.ScheduledTask - 批量提交监控数据任务开始----------2024-04-20 16:55:13
2024-04-20 16:55:13.288 [taskScheduler-1] INFO  com.wgcloud.task.ScheduledTask - 批量提交监控数据任务结束----------2024-04-20 16:55:13
2024-04-20 16:56:13.296 [taskScheduler-3] INFO  com.wgcloud.task.ScheduledTask - 批量提交监控数据任务开始----------2024-04-20 16:56:13
2024-04-20 16:56:13.327 [taskScheduler-3] INFO  com.wgcloud.task.ScheduledTask - 批量提交监控数据任务结束----------2024-04-20 16:56:13
2024-04-20 16:57:13.286 [taskScheduler-2] INFO  com.wgcloud.task.ScheduledTask - 批量提交监控数据任务开始----------2024-04-20 16:57:13
2024-04-20 16:57:13.286 [taskScheduler-2] INFO  com.wgcloud.task.ScheduledTask - 批量提交监控数据任务结束----------2024-04-20 16:57:13
2024-04-20 16:58:13.289 [taskScheduler-9] INFO  com.wgcloud.task.ScheduledTask - 批量提交监控数据任务开始----------2024-04-20 16:58:13
2024-04-20 16:58:13.310 [taskScheduler-9] INFO  com.wgcloud.task.ScheduledTask - 批量提交监控数据任务结束----------2024-04-20 16:58:13
2024-04-20 16:59:13.286 [taskScheduler-10] INFO  com.wgcloud.task.ScheduledTask - 批量提交监控数据任务开始----------2024-04-20 16:59:13
2024-04-20 16:59:13.286 [taskScheduler-10] INFO  com.wgcloud.task.ScheduledTask - 批量提交监控数据任务结束----------2024-04-20 16:59:13
2024-04-20 17:00:13.294 [taskScheduler-11] INFO  com.wgcloud.task.ScheduledTask - 批量提交监控数据任务开始----------2024-04-20 17:00:13
2024-04-20 17:00:13.315 [taskScheduler-11] INFO  com.wgcloud.task.ScheduledTask - 批量提交监控数据任务结束----------2024-04-20 17:00:13
2024-04-20 17:01:13.296 [taskScheduler-12] INFO  com.wgcloud.task.ScheduledTask - 批量提交监控数据任务开始----------2024-04-20 17:01:13
2024-04-20 17:01:13.296 [taskScheduler-12] INFO  com.wgcloud.task.ScheduledTask - 批量提交监控数据任务结束----------2024-04-20 17:01:13
2024-04-20 17:02:13.284 [taskScheduler-13] INFO  com.wgcloud.task.ScheduledTask - 批量提交监控数据任务开始----------2024-04-20 17:02:13
2024-04-20 17:02:13.309 [taskScheduler-13] INFO  com.wgcloud.task.ScheduledTask - 批量提交监控数据任务结束----------2024-04-20 17:02:13
2024-04-20 17:03:13.286 [taskScheduler-14] INFO  com.wgcloud.task.ScheduledTask - 批量提交监控数据任务开始----------2024-04-20 17:03:13
2024-04-20 17:03:13.286 [taskScheduler-14] INFO  com.wgcloud.task.ScheduledTask - 批量提交监控数据任务结束----------2024-04-20 17:03:13
2024-04-20 17:04:13.289 [taskScheduler-4] INFO  com.wgcloud.task.ScheduledTask - 批量提交监控数据任务开始----------2024-04-20 17:04:13
2024-04-20 17:04:13.289 [taskScheduler-3] INFO  com.wgcloud.task.ScheduledTask - heathMonitorTask------------2024-04-20 17:04:13
2024-04-20 17:04:13.361 [taskScheduler-4] INFO  com.wgcloud.task.ScheduledTask - 批量提交监控数据任务结束----------2024-04-20 17:04:13
2024-04-20 17:05:13.283 [taskScheduler-6] INFO  com.wgcloud.task.ScheduledTask - 批量提交监控数据任务开始----------2024-04-20 17:05:13
2024-04-20 17:05:13.283 [taskScheduler-6] INFO  com.wgcloud.task.ScheduledTask - 批量提交监控数据任务结束----------2024-04-20 17:05:13
2024-04-20 17:06:13.293 [taskScheduler-15] INFO  com.wgcloud.task.ScheduledTask - 批量提交监控数据任务开始----------2024-04-20 17:06:13
2024-04-20 17:06:13.371 [taskScheduler-15] INFO  com.wgcloud.task.ScheduledTask - 批量提交监控数据任务结束----------2024-04-20 17:06:13
2024-04-20 17:07:13.292 [taskScheduler-16] INFO  com.wgcloud.task.ScheduledTask - 批量提交监控数据任务开始----------2024-04-20 17:07:13
2024-04-20 17:07:13.292 [taskScheduler-16] INFO  com.wgcloud.task.ScheduledTask - 批量提交监控数据任务结束----------2024-04-20 17:07:13
2024-04-20 17:08:13.304 [taskScheduler-17] INFO  com.wgcloud.task.ScheduledTask - 批量提交监控数据任务开始----------2024-04-20 17:08:13
2024-04-20 17:08:13.341 [taskScheduler-17] INFO  com.wgcloud.task.ScheduledTask - 批量提交监控数据任务结束----------2024-04-20 17:08:13
2024-04-20 17:08:39.754 [SpringApplicationShutdownHook] INFO  com.zaxxer.hikari.HikariDataSource - HikariPool-1 - Shutdown initiated...
2024-04-20 17:08:39.757 [SpringApplicationShutdownHook] INFO  com.zaxxer.hikari.HikariDataSource - HikariPool-1 - Shutdown completed.
2024-04-20 17:08:43.843 [restartedMain] INFO  com.wgcloud.WgcloudServiceApplication - Starting WgcloudServiceApplication using Java 1.8.0_152 on LAPTOP-6960I0SV with PID 5716 (D:\Code\wgcloud\wgcloud-server\target\classes started by 86150 in D:\Code\wgcloud)
2024-04-20 17:08:43.844 [restartedMain] INFO  com.wgcloud.WgcloudServiceApplication - No active profile set, falling back to 1 default profile: "default"
2024-04-20 17:08:43.882 [restartedMain] INFO  o.s.b.d.env.DevToolsPropertyDefaultsPostProcessor - Devtools property defaults active! Set 'spring.devtools.add-properties' to 'false' to disable
2024-04-20 17:08:43.882 [restartedMain] INFO  o.s.b.d.env.DevToolsPropertyDefaultsPostProcessor - For additional web related logging consider setting the 'logging.level.web' property to 'DEBUG'
2024-04-20 17:08:45.112 [restartedMain] INFO  o.s.boot.web.embedded.tomcat.TomcatWebServer - Tomcat initialized with port(s): 9999 (http)
2024-04-20 17:08:45.113 [restartedMain] INFO  org.apache.catalina.core.AprLifecycleListener - Loaded Apache Tomcat Native library [1.2.30] using APR version [1.7.0].
2024-04-20 17:08:45.113 [restartedMain] INFO  org.apache.catalina.core.AprLifecycleListener - APR capabilities: IPv6 [true], sendfile [true], accept filters [false], random [true], UDS [true].
2024-04-20 17:08:45.113 [restartedMain] INFO  org.apache.catalina.core.AprLifecycleListener - APR/OpenSSL configuration: useAprConnector [false], useOpenSSL [true]
2024-04-20 17:08:45.118 [restartedMain] INFO  org.apache.catalina.core.AprLifecycleListener - OpenSSL successfully initialized [OpenSSL 1.1.1k  25 Mar 2021]
2024-04-20 17:08:45.127 [restartedMain] INFO  org.apache.catalina.core.StandardService - Starting service [Tomcat]
2024-04-20 17:08:45.127 [restartedMain] INFO  org.apache.catalina.core.StandardEngine - Starting Servlet engine: [Apache Tomcat/9.0.60]
2024-04-20 17:08:45.233 [restartedMain] INFO  o.a.c.c.C.[Tomcat].[localhost].[/wgcloud] - Initializing Spring embedded WebApplicationContext
2024-04-20 17:08:45.233 [restartedMain] INFO  o.s.b.w.s.c.ServletWebServerApplicationContext - Root WebApplicationContext: initialization completed in 1350 ms
2024-04-20 17:08:46.599 [restartedMain] INFO  o.s.b.a.web.servlet.WelcomePageHandlerMapping - Adding welcome page template: index
2024-04-20 17:08:46.821 [restartedMain] INFO  o.s.b.d.autoconfigure.OptionalLiveReloadServer - LiveReload server is running on port 35729
2024-04-20 17:08:46.857 [restartedMain] INFO  o.s.boot.web.embedded.tomcat.TomcatWebServer - Tomcat started on port(s): 9999 (http) with context path '/wgcloud'
2024-04-20 17:08:46.868 [restartedMain] INFO  com.wgcloud.WgcloudServiceApplication - Started WgcloudServiceApplication in 3.414 seconds (JVM running for 5.046)
2024-04-20 17:08:49.816 [http-nio-9999-exec-2] INFO  o.a.c.c.C.[Tomcat].[localhost].[/wgcloud] - Initializing Spring DispatcherServlet 'dispatcherServlet'
2024-04-20 17:08:49.816 [http-nio-9999-exec-2] INFO  org.springframework.web.servlet.DispatcherServlet - Initializing Servlet 'dispatcherServlet'
2024-04-20 17:08:49.818 [http-nio-9999-exec-2] INFO  org.springframework.web.servlet.DispatcherServlet - Completed initialization in 2 ms
2024-04-20 17:08:49.847 [http-nio-9999-exec-2] WARN  org.springframework.web.servlet.PageNotFound - No mapping for GET /wgcloud/login/login.html
2024-04-20 17:08:52.973 [http-nio-9999-exec-10] WARN  org.springframework.web.servlet.PageNotFound - No mapping for GET /wgcloud/login/login.html
2024-04-20 17:08:53.710 [http-nio-9999-exec-1] WARN  org.springframework.web.servlet.PageNotFound - No mapping for GET /wgcloud/login/login.html
2024-04-20 17:08:53.922 [http-nio-9999-exec-1] WARN  org.springframework.web.servlet.PageNotFound - No mapping for GET /wgcloud/login/login.html
2024-04-20 17:08:54.367 [http-nio-9999-exec-3] WARN  org.springframework.web.servlet.PageNotFound - No mapping for GET /wgcloud/login/login.html
2024-04-20 17:09:02.602 [restartedMain] INFO  com.wgcloud.WgcloudServiceApplication - Starting WgcloudServiceApplication using Java 1.8.0_152 on LAPTOP-6960I0SV with PID 15196 (D:\Code\wgcloud\wgcloud-server\target\classes started by 86150 in D:\Code\wgcloud)
2024-04-20 17:09:02.603 [restartedMain] INFO  com.wgcloud.WgcloudServiceApplication - No active profile set, falling back to 1 default profile: "default"
2024-04-20 17:09:02.637 [restartedMain] INFO  o.s.b.d.env.DevToolsPropertyDefaultsPostProcessor - Devtools property defaults active! Set 'spring.devtools.add-properties' to 'false' to disable
2024-04-20 17:09:02.637 [restartedMain] INFO  o.s.b.d.env.DevToolsPropertyDefaultsPostProcessor - For additional web related logging consider setting the 'logging.level.web' property to 'DEBUG'
2024-04-20 17:09:03.627 [restartedMain] INFO  o.s.boot.web.embedded.tomcat.TomcatWebServer - Tomcat initialized with port(s): 9999 (http)
2024-04-20 17:09:03.627 [restartedMain] INFO  org.apache.catalina.core.AprLifecycleListener - Loaded Apache Tomcat Native library [1.2.30] using APR version [1.7.0].
2024-04-20 17:09:03.627 [restartedMain] INFO  org.apache.catalina.core.AprLifecycleListener - APR capabilities: IPv6 [true], sendfile [true], accept filters [false], random [true], UDS [true].
2024-04-20 17:09:03.627 [restartedMain] INFO  org.apache.catalina.core.AprLifecycleListener - APR/OpenSSL configuration: useAprConnector [false], useOpenSSL [true]
2024-04-20 17:09:03.630 [restartedMain] INFO  org.apache.catalina.core.AprLifecycleListener - OpenSSL successfully initialized [OpenSSL 1.1.1k  25 Mar 2021]
2024-04-20 17:09:03.636 [restartedMain] INFO  org.apache.catalina.core.StandardService - Starting service [Tomcat]
2024-04-20 17:09:03.636 [restartedMain] INFO  org.apache.catalina.core.StandardEngine - Starting Servlet engine: [Apache Tomcat/9.0.60]
2024-04-20 17:09:03.694 [restartedMain] INFO  o.a.c.c.C.[Tomcat].[localhost].[/wgcloud] - Initializing Spring embedded WebApplicationContext
2024-04-20 17:09:03.694 [restartedMain] INFO  o.s.b.w.s.c.ServletWebServerApplicationContext - Root WebApplicationContext: initialization completed in 1057 ms
2024-04-20 17:09:04.933 [restartedMain] INFO  o.s.b.a.web.servlet.WelcomePageHandlerMapping - Adding welcome page template: index
2024-04-20 17:09:05.173 [restartedMain] INFO  o.s.b.d.autoconfigure.OptionalLiveReloadServer - LiveReload server is running on port 35729
2024-04-20 17:09:05.198 [restartedMain] INFO  o.s.boot.web.embedded.tomcat.TomcatWebServer - Tomcat started on port(s): 9999 (http) with context path '/wgcloud'
2024-04-20 17:09:05.209 [restartedMain] INFO  com.wgcloud.WgcloudServiceApplication - Started WgcloudServiceApplication in 2.943 seconds (JVM running for 4.523)
2024-04-20 17:09:20.551 [http-nio-9999-exec-1] INFO  o.a.c.c.C.[Tomcat].[localhost].[/wgcloud] - Initializing Spring DispatcherServlet 'dispatcherServlet'
2024-04-20 17:09:20.551 [http-nio-9999-exec-1] INFO  org.springframework.web.servlet.DispatcherServlet - Initializing Servlet 'dispatcherServlet'
2024-04-20 17:09:20.552 [http-nio-9999-exec-1] INFO  org.springframework.web.servlet.DispatcherServlet - Completed initialization in 1 ms
2024-04-20 17:09:20.570 [http-nio-9999-exec-1] WARN  org.springframework.web.servlet.PageNotFound - No mapping for GET /wgcloud/login/login.html
2024-04-20 17:09:25.227 [taskScheduler-1] WARN  com.zaxxer.hikari.HikariConfig - HikariPool-1 - idleTimeout has been set but has no effect because the pool is operating as a fixed size pool.
2024-04-20 17:09:25.228 [taskScheduler-1] INFO  com.zaxxer.hikari.HikariDataSource - HikariPool-1 - Starting...
2024-04-20 17:09:25.357 [taskScheduler-1] INFO  com.zaxxer.hikari.HikariDataSource - HikariPool-1 - Start completed.
2024-04-20 17:09:35.213 [taskScheduler-2] INFO  com.wgcloud.task.ScheduledTask - 批量提交监控数据任务开始----------2024-04-20 17:09:35
2024-04-20 17:09:35.213 [taskScheduler-2] INFO  com.wgcloud.task.ScheduledTask - 批量提交监控数据任务结束----------2024-04-20 17:09:35
2024-04-20 17:10:35.207 [taskScheduler-4] INFO  com.wgcloud.task.ScheduledTask - heathMonitorTask------------2024-04-20 17:10:35
2024-04-20 17:10:35.207 [taskScheduler-6] INFO  com.wgcloud.task.ScheduledTask - 批量提交监控数据任务开始----------2024-04-20 17:10:35
2024-04-20 17:10:35.273 [taskScheduler-6] INFO  com.wgcloud.task.ScheduledTask - 批量提交监控数据任务结束----------2024-04-20 17:10:35
2024-04-20 17:11:27.442 [SpringApplicationShutdownHook] INFO  com.zaxxer.hikari.HikariDataSource - HikariPool-1 - Shutdown initiated...
2024-04-20 17:11:27.445 [SpringApplicationShutdownHook] INFO  com.zaxxer.hikari.HikariDataSource - HikariPool-1 - Shutdown completed.
2024-04-20 17:11:30.932 [restartedMain] INFO  com.wgcloud.WgcloudServiceApplication - Starting WgcloudServiceApplication using Java 1.8.0_152 on LAPTOP-6960I0SV with PID 7004 (D:\Code\wgcloud\wgcloud-server\target\classes started by 86150 in D:\Code\wgcloud)
2024-04-20 17:11:30.933 [restartedMain] INFO  com.wgcloud.WgcloudServiceApplication - No active profile set, falling back to 1 default profile: "default"
2024-04-20 17:11:30.969 [restartedMain] INFO  o.s.b.d.env.DevToolsPropertyDefaultsPostProcessor - Devtools property defaults active! Set 'spring.devtools.add-properties' to 'false' to disable
2024-04-20 17:11:30.969 [restartedMain] INFO  o.s.b.d.env.DevToolsPropertyDefaultsPostProcessor - For additional web related logging consider setting the 'logging.level.web' property to 'DEBUG'
2024-04-20 17:11:31.836 [restartedMain] INFO  o.s.boot.web.embedded.tomcat.TomcatWebServer - Tomcat initialized with port(s): 9999 (http)
2024-04-20 17:11:31.836 [restartedMain] INFO  org.apache.catalina.core.AprLifecycleListener - Loaded Apache Tomcat Native library [1.2.30] using APR version [1.7.0].
2024-04-20 17:11:31.837 [restartedMain] INFO  org.apache.catalina.core.AprLifecycleListener - APR capabilities: IPv6 [true], sendfile [true], accept filters [false], random [true], UDS [true].
2024-04-20 17:11:31.837 [restartedMain] INFO  org.apache.catalina.core.AprLifecycleListener - APR/OpenSSL configuration: useAprConnector [false], useOpenSSL [true]
2024-04-20 17:11:31.839 [restartedMain] INFO  org.apache.catalina.core.AprLifecycleListener - OpenSSL successfully initialized [OpenSSL 1.1.1k  25 Mar 2021]
2024-04-20 17:11:31.844 [restartedMain] INFO  org.apache.catalina.core.StandardService - Starting service [Tomcat]
2024-04-20 17:11:31.845 [restartedMain] INFO  org.apache.catalina.core.StandardEngine - Starting Servlet engine: [Apache Tomcat/9.0.60]
2024-04-20 17:11:31.905 [restartedMain] INFO  o.a.c.c.C.[Tomcat].[localhost].[/wgcloud] - Initializing Spring embedded WebApplicationContext
2024-04-20 17:11:31.906 [restartedMain] INFO  o.s.b.w.s.c.ServletWebServerApplicationContext - Root WebApplicationContext: initialization completed in 936 ms
2024-04-20 17:11:33.037 [restartedMain] INFO  o.s.b.a.web.servlet.WelcomePageHandlerMapping - Adding welcome page template: index
2024-04-20 17:11:33.260 [restartedMain] INFO  o.s.b.d.autoconfigure.OptionalLiveReloadServer - LiveReload server is running on port 35729
2024-04-20 17:11:33.286 [restartedMain] INFO  o.s.boot.web.embedded.tomcat.TomcatWebServer - Tomcat started on port(s): 9999 (http) with context path '/wgcloud'
2024-04-20 17:11:33.298 [restartedMain] INFO  com.wgcloud.WgcloudServiceApplication - Started WgcloudServiceApplication in 2.733 seconds (JVM running for 4.19)
2024-04-20 17:11:43.047 [http-nio-9999-exec-1] INFO  o.a.c.c.C.[Tomcat].[localhost].[/wgcloud] - Initializing Spring DispatcherServlet 'dispatcherServlet'
2024-04-20 17:11:43.048 [http-nio-9999-exec-1] INFO  org.springframework.web.servlet.DispatcherServlet - Initializing Servlet 'dispatcherServlet'
2024-04-20 17:11:43.049 [http-nio-9999-exec-1] INFO  org.springframework.web.servlet.DispatcherServlet - Completed initialization in 1 ms
2024-04-20 17:11:43.112 [http-nio-9999-exec-1] WARN  com.zaxxer.hikari.HikariConfig - HikariPool-1 - idleTimeout has been set but has no effect because the pool is operating as a fixed size pool.
2024-04-20 17:11:43.112 [http-nio-9999-exec-1] INFO  com.zaxxer.hikari.HikariDataSource - HikariPool-1 - Starting...
2024-04-20 17:11:43.227 [http-nio-9999-exec-1] INFO  com.zaxxer.hikari.HikariDataSource - HikariPool-1 - Start completed.
2024-04-20 17:11:50.771 [SpringApplicationShutdownHook] INFO  com.zaxxer.hikari.HikariDataSource - HikariPool-1 - Shutdown initiated...
2024-04-20 17:11:50.776 [SpringApplicationShutdownHook] INFO  com.zaxxer.hikari.HikariDataSource - HikariPool-1 - Shutdown completed.
2024-04-20 17:11:54.325 [restartedMain] INFO  com.wgcloud.WgcloudServiceApplication - Starting WgcloudServiceApplication using Java 1.8.0_152 on LAPTOP-6960I0SV with PID 9884 (D:\Code\wgcloud\wgcloud-server\target\classes started by 86150 in D:\Code\wgcloud)
2024-04-20 17:11:54.326 [restartedMain] INFO  com.wgcloud.WgcloudServiceApplication - No active profile set, falling back to 1 default profile: "default"
2024-04-20 17:11:54.365 [restartedMain] INFO  o.s.b.d.env.DevToolsPropertyDefaultsPostProcessor - Devtools property defaults active! Set 'spring.devtools.add-properties' to 'false' to disable
2024-04-20 17:11:54.365 [restartedMain] INFO  o.s.b.d.env.DevToolsPropertyDefaultsPostProcessor - For additional web related logging consider setting the 'logging.level.web' property to 'DEBUG'
2024-04-20 17:11:55.216 [restartedMain] INFO  o.s.boot.web.embedded.tomcat.TomcatWebServer - Tomcat initialized with port(s): 9999 (http)
2024-04-20 17:11:55.216 [restartedMain] INFO  org.apache.catalina.core.AprLifecycleListener - Loaded Apache Tomcat Native library [1.2.30] using APR version [1.7.0].
2024-04-20 17:11:55.216 [restartedMain] INFO  org.apache.catalina.core.AprLifecycleListener - APR capabilities: IPv6 [true], sendfile [true], accept filters [false], random [true], UDS [true].
2024-04-20 17:11:55.217 [restartedMain] INFO  org.apache.catalina.core.AprLifecycleListener - APR/OpenSSL configuration: useAprConnector [false], useOpenSSL [true]
2024-04-20 17:11:55.219 [restartedMain] INFO  org.apache.catalina.core.AprLifecycleListener - OpenSSL successfully initialized [OpenSSL 1.1.1k  25 Mar 2021]
2024-04-20 17:11:55.224 [restartedMain] INFO  org.apache.catalina.core.StandardService - Starting service [Tomcat]
2024-04-20 17:11:55.225 [restartedMain] INFO  org.apache.catalina.core.StandardEngine - Starting Servlet engine: [Apache Tomcat/9.0.60]
2024-04-20 17:11:55.287 [restartedMain] INFO  o.a.c.c.C.[Tomcat].[localhost].[/wgcloud] - Initializing Spring embedded WebApplicationContext
2024-04-20 17:11:55.287 [restartedMain] INFO  o.s.b.w.s.c.ServletWebServerApplicationContext - Root WebApplicationContext: initialization completed in 922 ms
2024-04-20 17:11:56.452 [restartedMain] INFO  o.s.b.a.web.servlet.WelcomePageHandlerMapping - Adding welcome page template: index
2024-04-20 17:11:56.682 [restartedMain] INFO  o.s.b.d.autoconfigure.OptionalLiveReloadServer - LiveReload server is running on port 35729
2024-04-20 17:11:56.709 [restartedMain] INFO  o.s.boot.web.embedded.tomcat.TomcatWebServer - Tomcat started on port(s): 9999 (http) with context path '/wgcloud'
2024-04-20 17:11:56.720 [restartedMain] INFO  com.wgcloud.WgcloudServiceApplication - Started WgcloudServiceApplication in 2.765 seconds (JVM running for 4.569)
2024-04-20 17:11:59.770 [http-nio-9999-exec-1] INFO  o.a.c.c.C.[Tomcat].[localhost].[/wgcloud] - Initializing Spring DispatcherServlet 'dispatcherServlet'
2024-04-20 17:11:59.770 [http-nio-9999-exec-1] INFO  org.springframework.web.servlet.DispatcherServlet - Initializing Servlet 'dispatcherServlet'
2024-04-20 17:11:59.772 [http-nio-9999-exec-1] INFO  org.springframework.web.servlet.DispatcherServlet - Completed initialization in 1 ms
2024-04-20 17:11:59.944 [http-nio-9999-exec-5] WARN  com.zaxxer.hikari.HikariConfig - HikariPool-1 - idleTimeout has been set but has no effect because the pool is operating as a fixed size pool.
2024-04-20 17:11:59.944 [http-nio-9999-exec-5] INFO  com.zaxxer.hikari.HikariDataSource - HikariPool-1 - Starting...
2024-04-20 17:12:00.072 [http-nio-9999-exec-5] INFO  com.zaxxer.hikari.HikariDataSource - HikariPool-1 - Start completed.
2024-04-20 17:12:22.546 [http-nio-9999-exec-7] WARN  org.springframework.web.servlet.PageNotFound - No mapping for GET /wgcloud/login/login.html
2024-04-20 17:12:26.731 [taskScheduler-2] INFO  com.wgcloud.task.ScheduledTask - 批量提交监控数据任务开始----------2024-04-20 17:12:26
2024-04-20 17:12:26.795 [taskScheduler-2] INFO  com.wgcloud.task.ScheduledTask - 批量提交监控数据任务结束----------2024-04-20 17:12:26
2024-04-20 17:13:12.413 [SpringApplicationShutdownHook] INFO  com.zaxxer.hikari.HikariDataSource - HikariPool-1 - Shutdown initiated...
2024-04-20 17:13:12.419 [SpringApplicationShutdownHook] INFO  com.zaxxer.hikari.HikariDataSource - HikariPool-1 - Shutdown completed.
2024-04-20 17:13:16.180 [restartedMain] INFO  com.wgcloud.WgcloudServiceApplication - Starting WgcloudServiceApplication using Java 1.8.0_152 on LAPTOP-6960I0SV with PID 14568 (D:\Code\wgcloud\wgcloud-server\target\classes started by 86150 in D:\Code\wgcloud)
2024-04-20 17:13:16.181 [restartedMain] INFO  com.wgcloud.WgcloudServiceApplication - No active profile set, falling back to 1 default profile: "default"
2024-04-20 17:13:16.215 [restartedMain] INFO  o.s.b.d.env.DevToolsPropertyDefaultsPostProcessor - Devtools property defaults active! Set 'spring.devtools.add-properties' to 'false' to disable
2024-04-20 17:13:16.215 [restartedMain] INFO  o.s.b.d.env.DevToolsPropertyDefaultsPostProcessor - For additional web related logging consider setting the 'logging.level.web' property to 'DEBUG'
2024-04-20 17:13:17.023 [restartedMain] INFO  o.s.boot.web.embedded.tomcat.TomcatWebServer - Tomcat initialized with port(s): 9999 (http)
2024-04-20 17:13:17.023 [restartedMain] INFO  org.apache.catalina.core.AprLifecycleListener - Loaded Apache Tomcat Native library [1.2.30] using APR version [1.7.0].
2024-04-20 17:13:17.023 [restartedMain] INFO  org.apache.catalina.core.AprLifecycleListener - APR capabilities: IPv6 [true], sendfile [true], accept filters [false], random [true], UDS [true].
2024-04-20 17:13:17.023 [restartedMain] INFO  org.apache.catalina.core.AprLifecycleListener - APR/OpenSSL configuration: useAprConnector [false], useOpenSSL [true]
2024-04-20 17:13:17.026 [restartedMain] INFO  org.apache.catalina.core.AprLifecycleListener - OpenSSL successfully initialized [OpenSSL 1.1.1k  25 Mar 2021]
2024-04-20 17:13:17.031 [restartedMain] INFO  org.apache.catalina.core.StandardService - Starting service [Tomcat]
2024-04-20 17:13:17.031 [restartedMain] INFO  org.apache.catalina.core.StandardEngine - Starting Servlet engine: [Apache Tomcat/9.0.60]
2024-04-20 17:13:17.091 [restartedMain] INFO  o.a.c.c.C.[Tomcat].[localhost].[/wgcloud] - Initializing Spring embedded WebApplicationContext
2024-04-20 17:13:17.091 [restartedMain] INFO  o.s.b.w.s.c.ServletWebServerApplicationContext - Root WebApplicationContext: initialization completed in 875 ms
2024-04-20 17:13:18.186 [restartedMain] INFO  o.s.b.a.web.servlet.WelcomePageHandlerMapping - Adding welcome page template: index
2024-04-20 17:13:18.403 [restartedMain] INFO  o.s.b.d.autoconfigure.OptionalLiveReloadServer - LiveReload server is running on port 35729
2024-04-20 17:13:18.428 [restartedMain] INFO  o.s.boot.web.embedded.tomcat.TomcatWebServer - Tomcat started on port(s): 9999 (http) with context path '/wgcloud'
2024-04-20 17:13:18.438 [restartedMain] INFO  com.wgcloud.WgcloudServiceApplication - Started WgcloudServiceApplication in 2.624 seconds (JVM running for 4.625)
2024-04-20 17:13:38.466 [taskScheduler-1] WARN  com.zaxxer.hikari.HikariConfig - HikariPool-1 - idleTimeout has been set but has no effect because the pool is operating as a fixed size pool.
2024-04-20 17:13:38.467 [taskScheduler-1] INFO  com.zaxxer.hikari.HikariDataSource - HikariPool-1 - Starting...
2024-04-20 17:13:38.603 [taskScheduler-1] INFO  com.zaxxer.hikari.HikariDataSource - HikariPool-1 - Start completed.
2024-04-20 17:13:48.450 [taskScheduler-2] INFO  com.wgcloud.task.ScheduledTask - 批量提交监控数据任务开始----------2024-04-20 17:13:48
2024-04-20 17:13:48.451 [taskScheduler-2] INFO  com.wgcloud.task.ScheduledTask - 批量提交监控数据任务结束----------2024-04-20 17:13:48
2024-04-20 17:13:53.600 [SpringApplicationShutdownHook] INFO  com.zaxxer.hikari.HikariDataSource - HikariPool-1 - Shutdown initiated...
2024-04-20 17:13:53.603 [SpringApplicationShutdownHook] INFO  com.zaxxer.hikari.HikariDataSource - HikariPool-1 - Shutdown completed.
2024-04-20 17:13:56.828 [restartedMain] INFO  com.wgcloud.WgcloudServiceApplication - Starting WgcloudServiceApplication using Java 1.8.0_152 on LAPTOP-6960I0SV with PID 13208 (D:\Code\wgcloud\wgcloud-server\target\classes started by 86150 in D:\Code\wgcloud)
2024-04-20 17:13:56.829 [restartedMain] INFO  com.wgcloud.WgcloudServiceApplication - No active profile set, falling back to 1 default profile: "default"
2024-04-20 17:13:56.862 [restartedMain] INFO  o.s.b.d.env.DevToolsPropertyDefaultsPostProcessor - Devtools property defaults active! Set 'spring.devtools.add-properties' to 'false' to disable
2024-04-20 17:13:56.863 [restartedMain] INFO  o.s.b.d.env.DevToolsPropertyDefaultsPostProcessor - For additional web related logging consider setting the 'logging.level.web' property to 'DEBUG'
2024-04-20 17:13:57.693 [restartedMain] INFO  o.s.boot.web.embedded.tomcat.TomcatWebServer - Tomcat initialized with port(s): 9999 (http)
2024-04-20 17:13:57.694 [restartedMain] INFO  org.apache.catalina.core.AprLifecycleListener - Loaded Apache Tomcat Native library [1.2.30] using APR version [1.7.0].
2024-04-20 17:13:57.695 [restartedMain] INFO  org.apache.catalina.core.AprLifecycleListener - APR capabilities: IPv6 [true], sendfile [true], accept filters [false], random [true], UDS [true].
2024-04-20 17:13:57.695 [restartedMain] INFO  org.apache.catalina.core.AprLifecycleListener - APR/OpenSSL configuration: useAprConnector [false], useOpenSSL [true]
2024-04-20 17:13:57.697 [restartedMain] INFO  org.apache.catalina.core.AprLifecycleListener - OpenSSL successfully initialized [OpenSSL 1.1.1k  25 Mar 2021]
2024-04-20 17:13:57.703 [restartedMain] INFO  org.apache.catalina.core.StandardService - Starting service [Tomcat]
2024-04-20 17:13:57.703 [restartedMain] INFO  org.apache.catalina.core.StandardEngine - Starting Servlet engine: [Apache Tomcat/9.0.60]
2024-04-20 17:13:57.765 [restartedMain] INFO  o.a.c.c.C.[Tomcat].[localhost].[/wgcloud] - Initializing Spring embedded WebApplicationContext
2024-04-20 17:13:57.765 [restartedMain] INFO  o.s.b.w.s.c.ServletWebServerApplicationContext - Root WebApplicationContext: initialization completed in 902 ms
2024-04-20 17:13:58.944 [restartedMain] INFO  o.s.b.a.web.servlet.WelcomePageHandlerMapping - Adding welcome page template: index
2024-04-20 17:13:59.169 [restartedMain] INFO  o.s.b.d.autoconfigure.OptionalLiveReloadServer - LiveReload server is running on port 35729
2024-04-20 17:13:59.196 [restartedMain] INFO  o.s.boot.web.embedded.tomcat.TomcatWebServer - Tomcat started on port(s): 9999 (http) with context path '/wgcloud'
2024-04-20 17:13:59.208 [restartedMain] INFO  com.wgcloud.WgcloudServiceApplication - Started WgcloudServiceApplication in 2.809 seconds (JVM running for 4.198)
2024-04-20 17:13:59.781 [http-nio-9999-exec-1] INFO  o.a.c.c.C.[Tomcat].[localhost].[/wgcloud] - Initializing Spring DispatcherServlet 'dispatcherServlet'
2024-04-20 17:13:59.781 [http-nio-9999-exec-1] INFO  org.springframework.web.servlet.DispatcherServlet - Initializing Servlet 'dispatcherServlet'
2024-04-20 17:13:59.783 [http-nio-9999-exec-1] INFO  org.springframework.web.servlet.DispatcherServlet - Completed initialization in 2 ms
2024-04-20 17:13:59.837 [http-nio-9999-exec-2] WARN  com.zaxxer.hikari.HikariConfig - HikariPool-1 - idleTimeout has been set but has no effect because the pool is operating as a fixed size pool.
2024-04-20 17:13:59.837 [http-nio-9999-exec-2] INFO  com.zaxxer.hikari.HikariDataSource - HikariPool-1 - Starting...
2024-04-20 17:13:59.984 [http-nio-9999-exec-2] INFO  com.zaxxer.hikari.HikariDataSource - HikariPool-1 - Start completed.
2024-04-20 17:14:29.207 [taskScheduler-2] INFO  com.wgcloud.task.ScheduledTask - 批量提交监控数据任务开始----------2024-04-20 17:14:29
2024-04-20 17:14:29.247 [taskScheduler-2] INFO  com.wgcloud.task.ScheduledTask - 批量提交监控数据任务结束----------2024-04-20 17:14:29
2024-04-20 17:15:29.205 [taskScheduler-4] INFO  com.wgcloud.task.ScheduledTask - heathMonitorTask------------2024-04-20 17:15:29
2024-04-20 17:15:29.205 [taskScheduler-5] INFO  com.wgcloud.task.ScheduledTask - 批量提交监控数据任务开始----------2024-04-20 17:15:29
2024-04-20 17:15:29.205 [taskScheduler-5] INFO  com.wgcloud.task.ScheduledTask - 批量提交监控数据任务结束----------2024-04-20 17:15:29
2024-04-20 17:16:29.206 [taskScheduler-1] INFO  com.wgcloud.task.ScheduledTask - 批量提交监控数据任务开始----------2024-04-20 17:16:29
2024-04-20 17:16:29.232 [taskScheduler-1] INFO  com.wgcloud.task.ScheduledTask - 批量提交监控数据任务结束----------2024-04-20 17:16:29
2024-04-20 17:17:29.216 [taskScheduler-2] INFO  com.wgcloud.task.ScheduledTask - 批量提交监控数据任务开始----------2024-04-20 17:17:29
2024-04-20 17:17:29.216 [taskScheduler-2] INFO  com.wgcloud.task.ScheduledTask - 批量提交监控数据任务结束----------2024-04-20 17:17:29
2024-04-20 17:18:29.213 [taskScheduler-3] INFO  com.wgcloud.task.ScheduledTask - 批量提交监控数据任务开始----------2024-04-20 17:18:29
2024-04-20 17:18:29.239 [taskScheduler-3] INFO  com.wgcloud.task.ScheduledTask - 批量提交监控数据任务结束----------2024-04-20 17:18:29
2024-04-20 17:19:29.204 [taskScheduler-8] INFO  com.wgcloud.task.ScheduledTask - 批量提交监控数据任务开始----------2024-04-20 17:19:29
2024-04-20 17:19:29.204 [taskScheduler-8] INFO  com.wgcloud.task.ScheduledTask - 批量提交监控数据任务结束----------2024-04-20 17:19:29
2024-04-20 17:20:29.215 [taskScheduler-4] INFO  com.wgcloud.task.ScheduledTask - 批量提交监控数据任务开始----------2024-04-20 17:20:29
2024-04-20 17:20:29.238 [taskScheduler-4] INFO  com.wgcloud.task.ScheduledTask - 批量提交监控数据任务结束----------2024-04-20 17:20:29
2024-04-20 17:21:29.208 [taskScheduler-1] INFO  com.wgcloud.task.ScheduledTask - 批量提交监控数据任务开始----------2024-04-20 17:21:29
2024-04-20 17:21:29.208 [taskScheduler-1] INFO  com.wgcloud.task.ScheduledTask - 批量提交监控数据任务结束----------2024-04-20 17:21:29
2024-04-20 17:22:29.215 [taskScheduler-2] INFO  com.wgcloud.task.ScheduledTask - 批量提交监控数据任务开始----------2024-04-20 17:22:29
2024-04-20 17:22:29.239 [taskScheduler-2] INFO  com.wgcloud.task.ScheduledTask - 批量提交监控数据任务结束----------2024-04-20 17:22:29
2024-04-20 17:23:29.215 [taskScheduler-3] INFO  com.wgcloud.task.ScheduledTask - 批量提交监控数据任务开始----------2024-04-20 17:23:29
2024-04-20 17:23:29.215 [taskScheduler-3] INFO  com.wgcloud.task.ScheduledTask - 批量提交监控数据任务结束----------2024-04-20 17:23:29
2024-04-20 17:24:29.221 [taskScheduler-6] INFO  com.wgcloud.task.ScheduledTask - 批量提交监控数据任务开始----------2024-04-20 17:24:29
2024-04-20 17:24:29.244 [taskScheduler-6] INFO  com.wgcloud.task.ScheduledTask - 批量提交监控数据任务结束----------2024-04-20 17:24:29
2024-04-20 17:25:29.212 [taskScheduler-13] INFO  com.wgcloud.task.ScheduledTask - 批量提交监控数据任务开始----------2024-04-20 17:25:29
2024-04-20 17:25:29.212 [taskScheduler-12] INFO  com.wgcloud.task.ScheduledTask - heathMonitorTask------------2024-04-20 17:25:29
2024-04-20 17:25:29.212 [taskScheduler-13] INFO  com.wgcloud.task.ScheduledTask - 批量提交监控数据任务结束----------2024-04-20 17:25:29
2024-04-20 17:26:29.210 [taskScheduler-7] INFO  com.wgcloud.task.ScheduledTask - 批量提交监控数据任务开始----------2024-04-20 17:26:29
2024-04-20 17:26:29.234 [taskScheduler-7] INFO  com.wgcloud.task.ScheduledTask - 批量提交监控数据任务结束----------2024-04-20 17:26:29
2024-04-20 17:27:29.211 [taskScheduler-15] INFO  com.wgcloud.task.ScheduledTask - 批量提交监控数据任务开始----------2024-04-20 17:27:29
2024-04-20 17:27:29.211 [taskScheduler-15] INFO  com.wgcloud.task.ScheduledTask - 批量提交监控数据任务结束----------2024-04-20 17:27:29
2024-04-20 17:28:29.207 [taskScheduler-16] INFO  com.wgcloud.task.ScheduledTask - 批量提交监控数据任务开始----------2024-04-20 17:28:29
2024-04-20 17:28:29.230 [taskScheduler-16] INFO  com.wgcloud.task.ScheduledTask - 批量提交监控数据任务结束----------2024-04-20 17:28:29
2024-04-20 17:29:29.212 [taskScheduler-17] INFO  com.wgcloud.task.ScheduledTask - 批量提交监控数据任务开始----------2024-04-20 17:29:29
2024-04-20 17:29:29.213 [taskScheduler-17] INFO  com.wgcloud.task.ScheduledTask - 批量提交监控数据任务结束----------2024-04-20 17:29:29
2024-04-20 17:30:29.217 [taskScheduler-18] INFO  com.wgcloud.task.ScheduledTask - 批量提交监控数据任务开始----------2024-04-20 17:30:29
2024-04-20 17:30:29.240 [taskScheduler-18] INFO  com.wgcloud.task.ScheduledTask - 批量提交监控数据任务结束----------2024-04-20 17:30:29
2024-04-20 17:31:29.206 [taskScheduler-19] INFO  com.wgcloud.task.ScheduledTask - 批量提交监控数据任务开始----------2024-04-20 17:31:29
2024-04-20 17:31:29.206 [taskScheduler-19] INFO  com.wgcloud.task.ScheduledTask - 批量提交监控数据任务结束----------2024-04-20 17:31:29
2024-04-20 17:32:29.205 [taskScheduler-20] INFO  com.wgcloud.task.ScheduledTask - 批量提交监控数据任务开始----------2024-04-20 17:32:29
2024-04-20 17:32:29.229 [taskScheduler-20] INFO  com.wgcloud.task.ScheduledTask - 批量提交监控数据任务结束----------2024-04-20 17:32:29
2024-04-20 17:33:29.214 [taskScheduler-21] INFO  com.wgcloud.task.ScheduledTask - 批量提交监控数据任务开始----------2024-04-20 17:33:29
2024-04-20 17:33:29.214 [taskScheduler-21] INFO  com.wgcloud.task.ScheduledTask - 批量提交监控数据任务结束----------2024-04-20 17:33:29
2024-04-20 17:34:29.211 [taskScheduler-21] INFO  com.wgcloud.task.ScheduledTask - 批量提交监控数据任务开始----------2024-04-20 17:34:29
2024-04-20 17:34:29.238 [taskScheduler-21] INFO  com.wgcloud.task.ScheduledTask - 批量提交监控数据任务结束----------2024-04-20 17:34:29
2024-04-20 17:35:29.217 [taskScheduler-6] INFO  com.wgcloud.task.ScheduledTask - heathMonitorTask------------2024-04-20 17:35:29
2024-04-20 17:35:29.217 [taskScheduler-5] INFO  com.wgcloud.task.ScheduledTask - 批量提交监控数据任务开始----------2024-04-20 17:35:29
2024-04-20 17:35:29.217 [taskScheduler-5] INFO  com.wgcloud.task.ScheduledTask - 批量提交监控数据任务结束----------2024-04-20 17:35:29
2024-04-20 17:36:29.219 [taskScheduler-13] INFO  com.wgcloud.task.ScheduledTask - 批量提交监控数据任务开始----------2024-04-20 17:36:29
2024-04-20 17:36:29.239 [taskScheduler-13] INFO  com.wgcloud.task.ScheduledTask - 批量提交监控数据任务结束----------2024-04-20 17:36:29
2024-04-20 17:37:29.216 [taskScheduler-12] INFO  com.wgcloud.task.ScheduledTask - 批量提交监控数据任务开始----------2024-04-20 17:37:29
2024-04-20 17:37:29.216 [taskScheduler-12] INFO  com.wgcloud.task.ScheduledTask - 批量提交监控数据任务结束----------2024-04-20 17:37:29
2024-04-20 17:38:29.205 [taskScheduler-7] INFO  com.wgcloud.task.ScheduledTask - 批量提交监控数据任务开始----------2024-04-20 17:38:29
2024-04-20 17:38:29.227 [taskScheduler-7] INFO  com.wgcloud.task.ScheduledTask - 批量提交监控数据任务结束----------2024-04-20 17:38:29
2024-04-20 17:39:29.207 [taskScheduler-24] INFO  com.wgcloud.task.ScheduledTask - 批量提交监控数据任务开始----------2024-04-20 17:39:29
2024-04-20 17:39:29.207 [taskScheduler-24] INFO  com.wgcloud.task.ScheduledTask - 批量提交监控数据任务结束----------2024-04-20 17:39:29
2024-04-20 17:40:29.208 [taskScheduler-24] INFO  com.wgcloud.task.ScheduledTask - 批量提交监控数据任务开始----------2024-04-20 17:40:29
2024-04-20 17:40:29.230 [taskScheduler-24] INFO  com.wgcloud.task.ScheduledTask - 批量提交监控数据任务结束----------2024-04-20 17:40:29
2024-04-20 17:41:29.217 [taskScheduler-26] INFO  com.wgcloud.task.ScheduledTask - 批量提交监控数据任务开始----------2024-04-20 17:41:29
2024-04-20 17:41:29.218 [taskScheduler-26] INFO  com.wgcloud.task.ScheduledTask - 批量提交监控数据任务结束----------2024-04-20 17:41:29
2024-04-20 17:42:29.215 [taskScheduler-27] INFO  com.wgcloud.task.ScheduledTask - 批量提交监控数据任务开始----------2024-04-20 17:42:29
2024-04-20 17:42:29.239 [taskScheduler-27] INFO  com.wgcloud.task.ScheduledTask - 批量提交监控数据任务结束----------2024-04-20 17:42:29
2024-04-20 17:43:29.211 [taskScheduler-27] INFO  com.wgcloud.task.ScheduledTask - 批量提交监控数据任务开始----------2024-04-20 17:43:29
2024-04-20 17:43:29.211 [taskScheduler-27] INFO  com.wgcloud.task.ScheduledTask - 批量提交监控数据任务结束----------2024-04-20 17:43:29
2024-04-20 17:44:29.207 [taskScheduler-27] INFO  com.wgcloud.task.ScheduledTask - 批量提交监控数据任务开始----------2024-04-20 17:44:29
2024-04-20 17:44:29.229 [taskScheduler-27] INFO  com.wgcloud.task.ScheduledTask - 批量提交监控数据任务结束----------2024-04-20 17:44:29
2024-04-20 17:45:29.213 [taskScheduler-19] INFO  com.wgcloud.task.ScheduledTask - 批量提交监控数据任务开始----------2024-04-20 17:45:29
2024-04-20 17:45:29.213 [taskScheduler-18] INFO  com.wgcloud.task.ScheduledTask - heathMonitorTask------------2024-04-20 17:45:29
2024-04-20 17:45:29.213 [taskScheduler-19] INFO  com.wgcloud.task.ScheduledTask - 批量提交监控数据任务结束----------2024-04-20 17:45:29
2024-04-20 17:46:29.213 [taskScheduler-30] INFO  com.wgcloud.task.ScheduledTask - 批量提交监控数据任务开始----------2024-04-20 17:46:29
2024-04-20 17:46:29.236 [taskScheduler-30] INFO  com.wgcloud.task.ScheduledTask - 批量提交监控数据任务结束----------2024-04-20 17:46:29
2024-04-20 17:47:29.204 [taskScheduler-10] INFO  com.wgcloud.task.ScheduledTask - 批量提交监控数据任务开始----------2024-04-20 17:47:29
2024-04-20 17:47:29.204 [taskScheduler-10] INFO  com.wgcloud.task.ScheduledTask - 批量提交监控数据任务结束----------2024-04-20 17:47:29
2024-04-20 17:48:29.206 [taskScheduler-32] INFO  com.wgcloud.task.ScheduledTask - 批量提交监控数据任务开始----------2024-04-20 17:48:29
2024-04-20 17:48:29.238 [taskScheduler-32] INFO  com.wgcloud.task.ScheduledTask - 批量提交监控数据任务结束----------2024-04-20 17:48:29
2024-04-20 17:49:29.216 [taskScheduler-8] INFO  com.wgcloud.task.ScheduledTask - 批量提交监控数据任务开始----------2024-04-20 17:49:29
2024-04-20 17:49:29.216 [taskScheduler-8] INFO  com.wgcloud.task.ScheduledTask - 批量提交监控数据任务结束----------2024-04-20 17:49:29
2024-04-20 17:50:29.214 [taskScheduler-2] INFO  com.wgcloud.task.ScheduledTask - 批量提交监控数据任务开始----------2024-04-20 17:50:29
2024-04-20 17:50:29.251 [taskScheduler-2] INFO  com.wgcloud.task.ScheduledTask - 批量提交监控数据任务结束----------2024-04-20 17:50:29
2024-04-20 17:51:29.206 [taskScheduler-2] INFO  com.wgcloud.task.ScheduledTask - 批量提交监控数据任务开始----------2024-04-20 17:51:29
2024-04-20 17:51:29.206 [taskScheduler-2] INFO  com.wgcloud.task.ScheduledTask - 批量提交监控数据任务结束----------2024-04-20 17:51:29
2024-04-20 17:52:29.212 [taskScheduler-2] INFO  com.wgcloud.task.ScheduledTask - 批量提交监控数据任务开始----------2024-04-20 17:52:29
2024-04-20 17:52:29.232 [taskScheduler-2] INFO  com.wgcloud.task.ScheduledTask - 批量提交监控数据任务结束----------2024-04-20 17:52:29
2024-04-20 17:53:29.215 [taskScheduler-2] INFO  com.wgcloud.task.ScheduledTask - 批量提交监控数据任务开始----------2024-04-20 17:53:29
2024-04-20 17:53:29.215 [taskScheduler-2] INFO  com.wgcloud.task.ScheduledTask - 批量提交监控数据任务结束----------2024-04-20 17:53:29
2024-04-20 17:54:29.211 [taskScheduler-2] INFO  com.wgcloud.task.ScheduledTask - 批量提交监控数据任务开始----------2024-04-20 17:54:29
2024-04-20 17:54:29.232 [taskScheduler-2] INFO  com.wgcloud.task.ScheduledTask - 批量提交监控数据任务结束----------2024-04-20 17:54:29
2024-04-20 17:55:29.208 [taskScheduler-31] INFO  com.wgcloud.task.ScheduledTask - heathMonitorTask------------2024-04-20 17:55:29
2024-04-20 17:55:29.208 [taskScheduler-21] INFO  com.wgcloud.task.ScheduledTask - 批量提交监控数据任务开始----------2024-04-20 17:55:29
2024-04-20 17:55:29.208 [taskScheduler-21] INFO  com.wgcloud.task.ScheduledTask - 批量提交监控数据任务结束----------2024-04-20 17:55:29
2024-04-20 17:56:29.218 [taskScheduler-21] INFO  com.wgcloud.task.ScheduledTask - 批量提交监控数据任务开始----------2024-04-20 17:56:29
2024-04-20 17:56:29.240 [taskScheduler-21] INFO  com.wgcloud.task.ScheduledTask - 批量提交监控数据任务结束----------2024-04-20 17:56:29
2024-04-20 17:57:29.213 [taskScheduler-21] INFO  com.wgcloud.task.ScheduledTask - 批量提交监控数据任务开始----------2024-04-20 17:57:29
2024-04-20 17:57:29.213 [taskScheduler-21] INFO  com.wgcloud.task.ScheduledTask - 批量提交监控数据任务结束----------2024-04-20 17:57:29
2024-04-20 17:58:29.218 [taskScheduler-21] INFO  com.wgcloud.task.ScheduledTask - 批量提交监控数据任务开始----------2024-04-20 17:58:29
2024-04-20 17:58:29.246 [taskScheduler-21] INFO  com.wgcloud.task.ScheduledTask - 批量提交监控数据任务结束----------2024-04-20 17:58:29
2024-04-20 17:59:29.215 [taskScheduler-22] INFO  com.wgcloud.task.ScheduledTask - 批量提交监控数据任务开始----------2024-04-20 17:59:29
2024-04-20 17:59:29.215 [taskScheduler-22] INFO  com.wgcloud.task.ScheduledTask - 批量提交监控数据任务结束----------2024-04-20 17:59:29
2024-04-20 18:00:29.211 [taskScheduler-22] INFO  com.wgcloud.task.ScheduledTask - 批量提交监控数据任务开始----------2024-04-20 18:00:29
2024-04-20 18:00:29.232 [taskScheduler-22] INFO  com.wgcloud.task.ScheduledTask - 批量提交监控数据任务结束----------2024-04-20 18:00:29
2024-04-20 18:00:50.334 [SpringApplicationShutdownHook] INFO  com.zaxxer.hikari.HikariDataSource - HikariPool-1 - Shutdown initiated...
2024-04-20 18:00:50.349 [SpringApplicationShutdownHook] INFO  com.zaxxer.hikari.HikariDataSource - HikariPool-1 - Shutdown completed.
